[15:48:12.217][info] [#0:C:/Users/ldp/Dp1/Mason/packages/lua-language-server\main.lua:68]: Lua Lsp startup, root: 	C:/Users/ldp/Dp1/Mason/packages/lua-language-server
[15:48:12.217][info] [#0:C:/Users/ldp/Dp1/Mason/packages/lua-language-server\main.lua:69]: ROOT:	C:/Users/ldp/Dp1/Mason/packages/lua-language-server
[15:48:12.217][info] [#0:C:/Users/ldp/Dp1/Mason/packages/lua-language-server\main.lua:70]: LOGPATH:	C:/Users/ldp/Dp1/Mason/packages/lua-language-server/log
[15:48:12.217][info] [#0:C:/Users/ldp/Dp1/Mason/packages/lua-language-server\main.lua:71]: METAPATH:	C:/Users/ldp/Dp1/Mason/packages/lua-language-server/meta
[15:48:12.217][info] [#0:C:/Users/ldp/Dp1/Mason/packages/lua-language-server\main.lua:72]: VERSION:	3.15.0
[15:48:12.241][info] [#0:script\proto\proto.lua:260]: Listen Mode: stdio
[15:48:12.241][info] [#0:script\service\service.lua:145]: 
========= Medical Examination Report =========
    --------------- Memory ---------------
        Total: 2.264 MB
        # 00 : 2.263 MB
        # 01 : 0.000 MB
        # 02 : 0.000 MB
        # 03 : 0.000 MB
        # 04 : 0.000 MB
    --------------- Coroutine ---------------
        Total:     0
        Running:   0
        Suspended: 0
        Normal:    0
        Dead:      0
    --------------- Cache ---------------
        Total: 1
        Dead:  0
    ---------------  RPC  ---------------
        Holdon:   0
        Waiting:  0
==============================================
[15:48:12.353][info] [#0:script\client.lua:657]: Client init	{
  capabilities = {
    general = {
      positionEncodings = { "utf-8", "utf-16", "utf-32" }
    },
    textDocument = {
      callHierarchy = {
        dynamicRegistration = false
      },
      codeAction = {
        codeActionLiteralSupport = {
          codeActionKind = {
            valueSet = { "", "quickfix", "refactor", "refactor.extract", "refactor.inline", "refactor.rewrite", "source", "source.organizeImports" }
          }
        },
        dataSupport = true,
        dynamicRegistration = true,
        isPreferredSupport = true,
        resolveSupport = {
          properties = { "edit", "command" }
        }
      },
      codeLens = {
        dynamicRegistration = false,
        resolveSupport = {
          properties = { "command" }
        }
      },
      completion = {
        completionItem = {
          commitCharactersSupport = false,
          deprecatedSupport = true,
          documentationFormat = { "markdown", "plaintext" },
          insertReplaceSupport = true,
          insertTextModeSupport = {
            valueSet = { 1 }
          },
          labelDetailsSupport = true,
          preselectSupport = false,
          resolveSupport = {
            properties = { "documentation", "detail", "additionalTextEdits", "command", "data" }
          },
          snippetSupport = true,
          tagSupport = {
            valueSet = { 1 }
          }
        },
        completionItemKind = {
          valueSet = { 1, 2, 3, 4, 5, 6, 7, 8, 9, 10, 11, 12, 13, 14, 15, 16, 17, 18, 19, 20, 21, 22, 23, 24, 25 }
        },
        completionList = {
          itemDefaults = { "commitCharacters", "editRange", "insertTextFormat", "insertTextMode", "data" }
        },
        contextSupport = true,
        dynamicRegistration = false,
        insertTextMode = 1
      },
      declaration = {
        linkSupport = true
      },
      definition = {
        dynamicRegistration = true,
        linkSupport = true
      },
      diagnostic = {
        dynamicRegistration = false,
        tagSupport = {
          valueSet = { 1, 2 }
        }
      },
      documentHighlight = {
        dynamicRegistration = false
      },
      documentSymbol = {
        dynamicRegistration = false,
        hierarchicalDocumentSymbolSupport = true,
        symbolKind = {
          valueSet = { 1, 2, 3, 4, 5, 6, 7, 8, 9, 10, 11, 12, 13, 14, 15, 16, 17, 18, 19, 20, 21, 22, 23, 24, 25, 26 }
        }
      },
      foldingRange = {
        dynamicRegistration = false,
        foldingRange = {
          collapsedText = true
        },
        foldingRangeKind = {
          valueSet = { "comment", "imports", "region" }
        },
        lineFoldingOnly = true
      },
      formatting = {
        dynamicRegistration = true
      },
      hover = {
        contentFormat = { "markdown", "plaintext" },
        dynamicRegistration = true
      },
      implementation = {
        linkSupport = true
      },
      inlayHint = {
        dynamicRegistration = true,
        resolveSupport = {
          properties = { "textEdits", "tooltip", "location", "command" }
        }
      },
      publishDiagnostics = {
        dataSupport = true,
        relatedInformation = true,
        tagSupport = {
          valueSet = { 1, 2 }
        }
      },
      rangeFormatting = {
        dynamicRegistration = true,
        rangesSupport = true
      },
      references = {
        dynamicRegistration = false
      },
      rename = {
        dynamicRegistration = true,
        prepareSupport = true
      },
      semanticTokens = {
        augmentsSyntaxTokens = true,
        dynamicRegistration = false,
        formats = { "relative" },
        multilineTokenSupport = false,
        overlappingTokenSupport = true,
        requests = {
          full = {
            delta = true
          },
          range = false
        },
        serverCancelSupport = false,
        tokenModifiers = { "declaration", "definition", "readonly", "static", "deprecated", "abstract", "async", "modification", "documentation", "defaultLibrary" },
        tokenTypes = { "namespace", "type", "class", "enum", "interface", "struct", "typeParameter", "parameter", "variable", "property", "enumMember", "event", "function", "method", "macro", "keyword", "modifier", "comment", "string", "number", "regexp", "operator", "decorator" }
      },
      signatureHelp = {
        dynamicRegistration = false,
        signatureInformation = {
          activeParameterSupport = true,
          documentationFormat = { "markdown", "plaintext" },
          parameterInformation = {
            labelOffsetSupport = true
          }
        }
      },
      synchronization = {
        didSave = true,
        dynamicRegistration = false,
        willSave = true,
        willSaveWaitUntil = true
      },
      typeDefinition = {
        linkSupport = true
      }
    },
    window = {
      showDocument = {
        support = true
      },
      showMessage = {
        messageActionItem = {
          additionalPropertiesSupport = true
        }
      },
      workDoneProgress = true
    },
    workspace = {
      applyEdit = true,
      configuration = true,
      didChangeConfiguration = {
        dynamicRegistration = false
      },
      didChangeWatchedFiles = {
        dynamicRegistration = true,
        relativePatternSupport = true
      },
      inlayHint = {
        refreshSupport = true
      },
      semanticTokens = {
        refreshSupport = true
      },
      symbol = {
        dynamicRegistration = false,
        symbolKind = {
          valueSet = { 1, 2, 3, 4, 5, 6, 7, 8, 9, 10, 11, 12, 13, 14, 15, 16, 17, 18, 19, 20, 21, 22, 23, 24, 25, 26 }
        }
      },
      workspaceEdit = {
        resourceOperations = { "rename", "create", "delete" }
      },
      workspaceFolders = true
    }
  },
  clientInfo = {
    name = "Neovim",
    version = "0.11.4+gcec0ecabd8"
  },
  processId = 16064,
  rootPath = "C:\\Users\\ldp\\Dp1\\lazy\\nvim\\leader\\leader_g",
  rootUri = "file:///C:/Users/ldp/Dp1/lazy/nvim/leader/leader_g",
  trace = "off",
  workDoneToken = "1",
  workspaceFolders = { {
      name = "C:/Users/ldp/Dp1/lazy/nvim/leader/leader_g",
      uri = "file:///C:/Users/ldp/Dp1/lazy/nvim/leader/leader_g"
    } }
}
[15:48:12.353][info] [#0:script\language.lua:137]: VSC language: nil
[15:48:12.353][info] [#0:script\language.lua:138]: LS  language: en-us
[15:48:12.353][info] [#0:script\workspace\workspace.lua:38]: Workspace init root: 	file:///C:/Users/ldp/Dp1/lazy/nvim/leader/leader_g
[15:48:12.353][info] [#0:script\workspace\workspace.lua:42]: Log path: 	C:/Users/ldp/Dp1/Mason/packages/lua-language-server/log/file_C_Users_ldp_Dp1_lazy_nvim_leader_leader_g.log
[15:48:12.374][info] [#0:script\workspace\workspace.lua:48]: Workspace create: 	file:///c%3A/Users/ldp/Dp1/lazy/nvim/leader/leader_g
[15:48:12.586][info] [#0:script\provider\provider.lua:49]: Load config from client	file:///c%3A/Users/ldp/Dp1/lazy/nvim/leader/leader_g
[15:48:12.587][info] [#0:script\provider\provider.lua:50]: {
  Lua = {
    completion = {
      callSnippet = "Replace"
    },
    runtime = {
      path = { "?.lua", "?/init.lua" },
      pathStrict = true,
      version = "LuaJIT"
    },
    workspace = {
      checkThirdParty = false,
      ignoreDir = { "/lua" },
      library = { "c:/Program Files/Neovim/share/nvim/runtime/lua", "c:/Users/ldp/Dp1/lazy/nvim1/lua", "c:/Users/ldp/Dp1/lazy/plugins/which-key.nvim/lua", "c:/Users/ldp/Dp1/lazy/plugins/gitsigns.nvim/lua" }
    }
  }
}
[15:48:12.588][info] [#0:script\provider\provider.lua:49]: Load config from client	file:///c%3A/Users/ldp/Dp1/lazy/nvim/leader/leader_g
[15:48:12.588][info] [#0:script\provider\provider.lua:50]: {
  Lua = {
    completion = {
      callSnippet = "Replace"
    },
    runtime = {
      path = { "?.lua", "?/init.lua" },
      pathStrict = true,
      version = "LuaJIT"
    },
    workspace = {
      checkThirdParty = false,
      ignoreDir = { "/lua" },
      library = { "c:/Program Files/Neovim/share/nvim/runtime/lua", "c:/Users/ldp/Dp1/lazy/nvim1/lua", "c:/Users/ldp/Dp1/lazy/plugins/which-key.nvim/lua", "c:/Users/ldp/Dp1/lazy/plugins/gitsigns.nvim/lua" }
    }
  }
}
[15:48:12.588][warn] [#0:script\config\loader.lua:116]: No config?	{}
[15:48:12.588][info] [#0:script\provider\provider.lua:65]: Load config from client	fallback
[15:48:12.588][info] [#0:script\provider\provider.lua:66]: nil
[15:48:12.589][warn] [#0:script\config\loader.lua:116]: No config?	{}
[15:48:12.589][info] [#0:script\provider\provider.lua:65]: Load config from client	fallback
[15:48:12.589][info] [#0:script\provider\provider.lua:66]: nil
[15:48:12.705][info] [#0:script\library.lua:212]: Init builtin library at:	file:///c%3A/Users/ldp/Dp1/lazy/nvim/leader/leader_g
[15:48:12.714][info] [#0:script\library.lua:212]: Init builtin library at:	nil
[15:48:12.722][info] [#0:script\provider\provider.lua:49]: Load config from client	file:///c%3A/Users/ldp/Dp1/lazy/nvim/leader/leader_g
[15:48:12.722][info] [#0:script\provider\provider.lua:50]: {
  Lua = {
    completion = {
      callSnippet = "Replace"
    },
    runtime = {
      path = { "?.lua", "?/init.lua" },
      pathStrict = true,
      version = "LuaJIT"
    },
    workspace = {
      checkThirdParty = false,
      ignoreDir = { "/lua" },
      library = { "c:/Program Files/Neovim/share/nvim/runtime/lua", "c:/Users/ldp/Dp1/lazy/nvim1/lua", "c:/Users/ldp/Dp1/lazy/plugins/which-key.nvim/lua", "c:/Users/ldp/Dp1/lazy/plugins/gitsigns.nvim/lua" }
    }
  }
}
[15:48:12.830][info] [#0:script\workspace\workspace.lua:330]: Preload start:	file:///c%3A/Users/ldp/Dp1/lazy/nvim/leader/leader_g
[15:48:12.837][info] [#0:script\workspace\workspace.lua:336]: Scan files at:	file:///c%3A/Users/ldp/Dp1/lazy/nvim/leader/leader_g
[15:48:12.838][info] [#0:script\workspace\workspace.lua:330]: Preload start:	<fallback>
[15:48:12.840][info] [#0:script\workspace\workspace.lua:359]: Scan library at:	file:///c%3A/Users/ldp/Dp1/Mason/packages/lua-language-server/meta/Lua%205.4%20en-us%20utf8/table.lua
[15:48:12.840][warn] [#0:script\config\loader.lua:116]: No config?	{}
[15:48:12.840][info] [#0:script\provider\provider.lua:65]: Load config from client	fallback
[15:48:12.840][info] [#0:script\provider\provider.lua:66]: nil
[15:48:12.841][info] [#0:script\workspace\workspace.lua:359]: Scan library at:	file:///c%3A/Users/ldp/Dp1/Mason/packages/lua-language-server/meta/LuaJIT%20en-us%20utf8/string/buffer.lua
[15:48:12.841][info] [#0:script\workspace\workspace.lua:359]: Scan library at:	file:///c%3A/Users/ldp/Dp1/Mason/packages/lua-language-server/meta/Lua%205.4%20en-us%20utf8/coroutine.lua
[15:48:12.842][info] [#0:script\workspace\workspace.lua:359]: Scan library at:	file:///c%3A/Users/ldp/Dp1/Mason/packages/lua-language-server/meta/LuaJIT%20en-us%20utf8/jit/util.lua
[15:48:12.842][info] [#0:script\workspace\workspace.lua:359]: Scan library at:	file:///c%3A/Users/ldp/Dp1/Mason/packages/lua-language-server/meta/Lua%205.4%20en-us%20utf8/builtin.lua
[15:48:12.842][info] [#0:script\workspace\workspace.lua:359]: Scan library at:	file:///c%3A/Users/ldp/Dp1/Mason/packages/lua-language-server/meta/LuaJIT%20en-us%20utf8/io.lua
[15:48:12.842][info] [#0:script\workspace\workspace.lua:359]: Scan library at:	file:///c%3A/Users/ldp/Dp1/Mason/packages/lua-language-server/meta/Lua%205.4%20en-us%20utf8/os.lua
[15:48:12.842][info] [#0:script\workspace\workspace.lua:359]: Scan library at:	file:///c%3A/Program%20Files/Neovim/share/nvim/runtime/lua
[15:48:12.843][info] [#0:script\workspace\workspace.lua:359]: Scan library at:	file:///c%3A/Users/ldp/Dp1/Mason/packages/lua-language-server/meta/Lua%205.4%20en-us%20utf8/utf8.lua
[15:48:12.843][info] [#0:script\workspace\workspace.lua:359]: Scan library at:	file:///c%3A/Users/ldp/Dp1/Mason/packages/lua-language-server/meta/Lua%205.4%20en-us%20utf8/debug.lua
[15:48:12.844][info] [#0:script\workspace\workspace.lua:359]: Scan library at:	file:///c%3A/Users/ldp/Dp1/Mason/packages/lua-language-server/meta/Lua%205.4%20en-us%20utf8/math.lua
[15:48:12.844][info] [#0:script\workspace\workspace.lua:359]: Scan library at:	file:///c%3A/Users/ldp/Dp1/Mason/packages/lua-language-server/meta/Lua%205.4%20en-us%20utf8/basic.lua
[15:48:12.844][info] [#0:script\workspace\workspace.lua:359]: Scan library at:	file:///c%3A/Users/ldp/Dp1/Mason/packages/lua-language-server/meta/Lua%205.4%20en-us%20utf8/io.lua
[15:48:12.845][info] [#0:script\workspace\workspace.lua:359]: Scan library at:	file:///c%3A/Users/ldp/Dp1/Mason/packages/lua-language-server/meta/Lua%205.4%20en-us%20utf8/string.lua
[15:48:12.845][info] [#0:script\workspace\workspace.lua:359]: Scan library at:	file:///c%3A/Users/ldp/Dp1/Mason/packages/lua-language-server/meta/Lua%205.4%20en-us%20utf8/package.lua
[15:48:12.859][info] [#0:script\workspace\workspace.lua:359]: Scan library at:	file:///c%3A/Users/ldp/Dp1/lazy/plugins/gitsigns.nvim/lua
[15:48:12.867][info] [#0:script\workspace\workspace.lua:359]: Scan library at:	file:///c%3A/Users/ldp/Dp1/Mason/packages/lua-language-server/meta/LuaJIT%20en-us%20utf8/jit.lua
[15:48:12.867][info] [#0:script\workspace\workspace.lua:359]: Scan library at:	file:///c%3A/Users/ldp/Dp1/Mason/packages/lua-language-server/meta/LuaJIT%20en-us%20utf8/table/clear.lua
[15:48:12.868][info] [#0:script\workspace\workspace.lua:359]: Scan library at:	file:///c%3A/Users/ldp/Dp1/lazy/nvim1/lua
[15:48:12.868][info] [#0:script\workspace\workspace.lua:359]: Scan library at:	file:///c%3A/Users/ldp/Dp1/Mason/packages/lua-language-server/meta/LuaJIT%20en-us%20utf8/os.lua
[15:48:12.868][info] [#0:script\workspace\workspace.lua:359]: Scan library at:	file:///c%3A/Users/ldp/Dp1/Mason/packages/lua-language-server/meta/LuaJIT%20en-us%20utf8/builtin.lua
[15:48:12.868][info] [#0:script\workspace\workspace.lua:359]: Scan library at:	file:///c%3A/Users/ldp/Dp1/Mason/packages/lua-language-server/meta/LuaJIT%20en-us%20utf8/string.lua
[15:48:12.869][info] [#0:script\workspace\workspace.lua:359]: Scan library at:	file:///c%3A/Users/ldp/Dp1/Mason/packages/lua-language-server/meta/LuaJIT%20en-us%20utf8/package.lua
[15:48:12.869][info] [#0:script\workspace\workspace.lua:359]: Scan library at:	file:///c%3A/Users/ldp/Dp1/Mason/packages/lua-language-server/meta/LuaJIT%20en-us%20utf8/jit/profile.lua
[15:48:12.869][info] [#0:script\workspace\workspace.lua:359]: Scan library at:	file:///c%3A/Users/ldp/Dp1/Mason/packages/lua-language-server/meta/LuaJIT%20en-us%20utf8/debug.lua
[15:48:12.869][info] [#0:script\workspace\workspace.lua:359]: Scan library at:	file:///c%3A/Users/ldp/Dp1/Mason/packages/lua-language-server/meta/LuaJIT%20en-us%20utf8/bit.lua
[15:48:12.869][info] [#0:script\workspace\workspace.lua:359]: Scan library at:	file:///c%3A/Users/ldp/Dp1/lazy/plugins/which-key.nvim/lua
[15:48:12.870][info] [#0:script\workspace\workspace.lua:359]: Scan library at:	file:///c%3A/Users/ldp/Dp1/Mason/packages/lua-language-server/meta/LuaJIT%20en-us%20utf8/table/new.lua
[15:48:12.870][info] [#0:script\workspace\workspace.lua:359]: Scan library at:	file:///c%3A/Users/ldp/Dp1/Mason/packages/lua-language-server/meta/LuaJIT%20en-us%20utf8/math.lua
[15:48:12.871][info] [#0:script\workspace\workspace.lua:359]: Scan library at:	file:///c%3A/Users/ldp/Dp1/Mason/packages/lua-language-server/meta/LuaJIT%20en-us%20utf8/ffi.lua
[15:48:12.871][info] [#0:script\workspace\workspace.lua:359]: Scan library at:	file:///c%3A/Users/ldp/Dp1/Mason/packages/lua-language-server/meta/LuaJIT%20en-us%20utf8/table.lua
[15:48:12.871][info] [#0:script\workspace\workspace.lua:359]: Scan library at:	file:///c%3A/Users/ldp/Dp1/Mason/packages/lua-language-server/meta/LuaJIT%20en-us%20utf8/coroutine.lua
[15:48:12.871][info] [#0:script\workspace\workspace.lua:359]: Scan library at:	file:///c%3A/Users/ldp/Dp1/Mason/packages/lua-language-server/meta/LuaJIT%20en-us%20utf8/basic.lua
[15:48:12.972][info] [#0:script\workspace\workspace.lua:385]: Found 11 files at:	<fallback>
[15:48:12.972][info] [#0:script\workspace\loading.lua:160]: Load files from disk:	<fallback>
[15:48:12.973][info] [#0:script\workspace\workspace.lua:385]: Found 210 files at:	file:///c%3A/Users/ldp/Dp1/lazy/nvim/leader/leader_g
[15:48:12.973][info] [#0:script\workspace\loading.lua:160]: Load files from disk:	file:///c%3A/Users/ldp/Dp1/lazy/nvim/leader/leader_g
[15:48:12.977][info] [#0:script\workspace\loading.lua:100]: Preload file at: file:///c%3A/Users/ldp/Dp1/Mason/packages/lua-language-server/meta/Lua%205.4%20en-us%20utf8/package.lua , size = 2.944 KB
[15:48:12.981][info] [#0:script\workspace\loading.lua:112]: ++++As library of:	file:///c%3A/Users/ldp/Dp1/Mason/packages/lua-language-server/meta/Lua%205.4%20en-us%20utf8/package.lua
[15:48:12.981][info] [#0:script\workspace\loading.lua:100]: Preload file at: file:///c%3A/Users/ldp/Dp1/Mason/packages/lua-language-server/meta/Lua%205.4%20en-us%20utf8/string.lua , size = 5.234 KB
[15:48:12.988][info] [#0:script\workspace\loading.lua:112]: ++++As library of:	file:///c%3A/Users/ldp/Dp1/Mason/packages/lua-language-server/meta/Lua%205.4%20en-us%20utf8/string.lua
[15:48:12.989][info] [#0:script\workspace\loading.lua:100]: Preload file at: file:///c%3A/Users/ldp/Dp1/Mason/packages/lua-language-server/meta/LuaJIT%20en-us%20utf8/coroutine.lua , size = 2.541 KB
[15:48:12.990][info] [#0:script\workspace\loading.lua:112]: ++++As library of:	file:///c%3A/Users/ldp/Dp1/Mason/packages/lua-language-server/meta/LuaJIT%20en-us%20utf8/coroutine.lua
[15:48:12.990][info] [#0:script\workspace\loading.lua:100]: Preload file at: file:///c%3A/Users/ldp/Dp1/Mason/packages/lua-language-server/meta/Lua%205.4%20en-us%20utf8/io.lua , size = 6.364 KB
[15:48:12.994][info] [#0:script\workspace\loading.lua:112]: ++++As library of:	file:///c%3A/Users/ldp/Dp1/Mason/packages/lua-language-server/meta/Lua%205.4%20en-us%20utf8/io.lua
[15:48:12.994][info] [#0:script\workspace\loading.lua:100]: Preload file at: file:///c%3A/Users/ldp/Dp1/Mason/packages/lua-language-server/meta/LuaJIT%20en-us%20utf8/table.lua , size = 4.445 KB
[15:48:12.997][info] [#0:script\workspace\loading.lua:112]: ++++As library of:	file:///c%3A/Users/ldp/Dp1/Mason/packages/lua-language-server/meta/LuaJIT%20en-us%20utf8/table.lua
[15:48:12.997][info] [#0:script\workspace\loading.lua:100]: Preload file at: file:///c%3A/Users/ldp/Dp1/Mason/packages/lua-language-server/meta/LuaJIT%20en-us%20utf8/basic.lua , size = 15.443 KB
[15:48:13.003][info] [#0:script\workspace\loading.lua:112]: ++++As library of:	file:///c%3A/Users/ldp/Dp1/Mason/packages/lua-language-server/meta/LuaJIT%20en-us%20utf8/basic.lua
[15:48:13.003][info] [#0:script\workspace\loading.lua:100]: Preload file at: file:///c%3A/Users/ldp/Dp1/Mason/packages/lua-language-server/meta/Lua%205.4%20en-us%20utf8/basic.lua , size = 15.841 KB
[15:48:13.009][info] [#0:script\workspace\loading.lua:112]: ++++As library of:	file:///c%3A/Users/ldp/Dp1/Mason/packages/lua-language-server/meta/Lua%205.4%20en-us%20utf8/basic.lua
[15:48:13.009][info] [#0:script\workspace\loading.lua:100]: Preload file at: file:///c%3A/Users/ldp/Dp1/Mason/packages/lua-language-server/meta/LuaJIT%20en-us%20utf8/ffi.lua , size = 2.529 KB
[15:48:13.011][info] [#0:script\workspace\loading.lua:112]: ++++As library of:	file:///c%3A/Users/ldp/Dp1/Mason/packages/lua-language-server/meta/LuaJIT%20en-us%20utf8/ffi.lua
[15:48:13.011][info] [#0:script\workspace\loading.lua:100]: Preload file at: file:///c%3A/Users/ldp/Dp1/Mason/packages/lua-language-server/meta/Lua%205.4%20en-us%20utf8/math.lua , size = 8.542 KB
[15:48:13.014][info] [#0:script\workspace\loading.lua:112]: ++++As library of:	file:///c%3A/Users/ldp/Dp1/Mason/packages/lua-language-server/meta/Lua%205.4%20en-us%20utf8/math.lua
[15:48:13.014][info] [#0:script\workspace\loading.lua:100]: Preload file at: file:///c%3A/Users/ldp/Dp1/Mason/packages/lua-language-server/meta/LuaJIT%20en-us%20utf8/math.lua , size = 7.982 KB
[15:48:13.017][info] [#0:script\workspace\loading.lua:112]: ++++As library of:	file:///c%3A/Users/ldp/Dp1/Mason/packages/lua-language-server/meta/LuaJIT%20en-us%20utf8/math.lua
[15:48:13.017][info] [#0:script\workspace\loading.lua:100]: Preload file at: file:///c%3A/Users/ldp/Dp1/Mason/packages/lua-language-server/meta/LuaJIT%20en-us%20utf8/table/new.lua , size = 0.642 KB
[15:48:13.017][info] [#0:script\workspace\loading.lua:112]: ++++As library of:	file:///c%3A/Users/ldp/Dp1/Mason/packages/lua-language-server/meta/LuaJIT%20en-us%20utf8/table/new.lua
[15:48:13.017][info] [#0:script\workspace\loading.lua:100]: Preload file at: file:///c%3A/Users/ldp/Dp1/Mason/packages/lua-language-server/meta/Lua%205.4%20en-us%20utf8/debug.lua , size = 7.637 KB
[15:48:13.020][info] [#0:script\workspace\loading.lua:112]: ++++As library of:	file:///c%3A/Users/ldp/Dp1/Mason/packages/lua-language-server/meta/Lua%205.4%20en-us%20utf8/debug.lua
[15:48:13.020][info] [#0:script\workspace\loading.lua:100]: Preload file at: file:///c%3A/Users/ldp/Dp1/Mason/packages/lua-language-server/meta/Lua%205.4%20en-us%20utf8/utf8.lua , size = 2.386 KB
[15:48:13.021][info] [#0:script\workspace\loading.lua:112]: ++++As library of:	file:///c%3A/Users/ldp/Dp1/Mason/packages/lua-language-server/meta/Lua%205.4%20en-us%20utf8/utf8.lua
[15:48:13.021][info] [#0:script\workspace\loading.lua:100]: Preload file at: file:///c%3A/Users/ldp/Dp1/lazy/plugins/which-key.nvim/lua/which-key/colors.lua , size = 0.330 KB
[15:48:13.022][info] [#0:script\workspace\loading.lua:112]: ++++As library of:	file:///c%3A/Users/ldp/Dp1/lazy/plugins/which-key.nvim/lua
[15:48:13.022][info] [#0:script\workspace\loading.lua:100]: Preload file at: file:///c%3A/Users/ldp/Dp1/Mason/packages/lua-language-server/meta/Lua%205.4%20en-us%20utf8/os.lua , size = 5.611 KB
[15:48:13.025][info] [#0:script\workspace\loading.lua:112]: ++++As library of:	file:///c%3A/Users/ldp/Dp1/Mason/packages/lua-language-server/meta/Lua%205.4%20en-us%20utf8/os.lua
[15:48:13.025][info] [#0:script\workspace\loading.lua:100]: Preload file at: file:///c%3A/Users/ldp/Dp1/lazy/plugins/which-key.nvim/lua/which-key/config.lua , size = 4.018 KB
[15:48:13.026][info] [#0:script\workspace\loading.lua:112]: ++++As library of:	file:///c%3A/Users/ldp/Dp1/lazy/plugins/which-key.nvim/lua
[15:48:13.026][info] [#0:script\workspace\loading.lua:100]: Preload file at: file:///c%3A/Users/ldp/Dp1/lazy/plugins/which-key.nvim/lua/which-key/health.lua , size = 1.711 KB
[15:48:13.027][info] [#0:script\workspace\loading.lua:112]: ++++As library of:	file:///c%3A/Users/ldp/Dp1/lazy/plugins/which-key.nvim/lua
[15:48:13.027][info] [#0:script\workspace\loading.lua:100]: Preload file at: file:///c%3A/Users/ldp/Dp1/Mason/packages/lua-language-server/meta/Lua%205.4%20en-us%20utf8/builtin.lua , size = 0.302 KB
[15:48:13.028][info] [#0:script\workspace\loading.lua:112]: ++++As library of:	file:///c%3A/Users/ldp/Dp1/Mason/packages/lua-language-server/meta/Lua%205.4%20en-us%20utf8/builtin.lua
[15:48:13.028][info] [#0:script\workspace\loading.lua:100]: Preload file at: file:///c%3A/Users/ldp/Dp1/Mason/packages/lua-language-server/meta/Lua%205.4%20en-us%20utf8/coroutine.lua , size = 2.590 KB
[15:48:13.029][info] [#0:script\workspace\loading.lua:112]: ++++As library of:	file:///c%3A/Users/ldp/Dp1/Mason/packages/lua-language-server/meta/Lua%205.4%20en-us%20utf8/coroutine.lua
[15:48:13.029][info] [#0:script\workspace\loading.lua:100]: Preload file at: file:///c%3A/Users/ldp/Dp1/lazy/plugins/which-key.nvim/lua/which-key/init.lua , size = 2.107 KB
[15:48:13.030][info] [#0:script\workspace\loading.lua:112]: ++++As library of:	file:///c%3A/Users/ldp/Dp1/lazy/plugins/which-key.nvim/lua
[15:48:13.030][info] [#0:script\workspace\loading.lua:100]: Preload file at: file:///c%3A/Users/ldp/Dp1/Mason/packages/lua-language-server/meta/Lua%205.4%20en-us%20utf8/table.lua , size = 4.445 KB
[15:48:13.032][info] [#0:script\workspace\loading.lua:112]: ++++As library of:	file:///c%3A/Users/ldp/Dp1/Mason/packages/lua-language-server/meta/Lua%205.4%20en-us%20utf8/table.lua
[15:48:13.032][info] [#0:script\workspace\loading.lua:100]: Preload file at: file:///c%3A/Users/ldp/Dp1/lazy/plugins/which-key.nvim/lua/which-key/layout.lua , size = 6.434 KB
[15:48:13.035][info] [#0:script\workspace\loading.lua:112]: ++++As library of:	file:///c%3A/Users/ldp/Dp1/lazy/plugins/which-key.nvim/lua
[15:48:13.035][info] [#0:script\workspace\loading.lua:100]: Preload file at: file:///c%3A/Users/ldp/Dp1/lazy/plugins/which-key.nvim/lua/which-key/keys.lua , size = 12.843 KB
[15:48:13.041][info] [#0:script\workspace\loading.lua:112]: ++++As library of:	file:///c%3A/Users/ldp/Dp1/lazy/plugins/which-key.nvim/lua
[15:48:13.041][info] [#0:script\workspace\loading.lua:100]: Preload file at: file:///c%3A/Users/ldp/Dp1/lazy/plugins/which-key.nvim/lua/which-key/mappings.lua , size = 4.148 KB
[15:48:13.043][info] [#0:script\workspace\loading.lua:112]: ++++As library of:	file:///c%3A/Users/ldp/Dp1/lazy/plugins/which-key.nvim/lua
[15:48:13.043][info] [#0:script\workspace\loading.lua:100]: Preload file at: file:///c%3A/Users/ldp/Dp1/lazy/plugins/which-key.nvim/lua/which-key/plugins/init.lua , size = 1.459 KB
[15:48:13.044][info] [#0:script\workspace\loading.lua:112]: ++++As library of:	file:///c%3A/Users/ldp/Dp1/lazy/plugins/which-key.nvim/lua
[15:48:13.044][info] [#0:script\workspace\loading.lua:100]: Preload file at: file:///c%3A/Users/ldp/Dp1/lazy/plugins/which-key.nvim/lua/which-key/plugins/marks.lua , size = 1.653 KB
[15:48:13.045][info] [#0:script\workspace\loading.lua:112]: ++++As library of:	file:///c%3A/Users/ldp/Dp1/lazy/plugins/which-key.nvim/lua
[15:48:13.045][info] [#0:script\workspace\loading.lua:100]: Preload file at: file:///c%3A/Users/ldp/Dp1/lazy/plugins/which-key.nvim/lua/which-key/plugins/presets/init.lua , size = 2.926 KB
[15:48:13.046][info] [#0:script\workspace\loading.lua:112]: ++++As library of:	file:///c%3A/Users/ldp/Dp1/lazy/plugins/which-key.nvim/lua
[15:48:13.046][info] [#0:script\workspace\loading.lua:100]: Preload file at: file:///c%3A/Users/ldp/Dp1/lazy/plugins/which-key.nvim/lua/which-key/plugins/presets/misc.lua , size = 2.934 KB
[15:48:13.050][info] [#0:script\workspace\loading.lua:112]: ++++As library of:	file:///c%3A/Users/ldp/Dp1/lazy/plugins/which-key.nvim/lua
[15:48:13.050][info] [#0:script\workspace\loading.lua:100]: Preload file at: file:///c%3A/Users/ldp/Dp1/lazy/plugins/which-key.nvim/lua/which-key/plugins/registers.lua , size = 1.834 KB
[15:48:13.051][info] [#0:script\workspace\loading.lua:112]: ++++As library of:	file:///c%3A/Users/ldp/Dp1/lazy/plugins/which-key.nvim/lua
[15:48:13.051][info] [#0:script\workspace\loading.lua:100]: Preload file at: file:///c%3A/Users/ldp/Dp1/lazy/plugins/which-key.nvim/lua/which-key/plugins/spelling.lua , size = 1.148 KB
[15:48:13.052][info] [#0:script\workspace\loading.lua:112]: ++++As library of:	file:///c%3A/Users/ldp/Dp1/lazy/plugins/which-key.nvim/lua
[15:48:13.052][info] [#0:script\workspace\loading.lua:100]: Preload file at: file:///c%3A/Users/ldp/Dp1/lazy/plugins/which-key.nvim/lua/which-key/text.lua , size = 1.607 KB
[15:48:13.053][info] [#0:script\workspace\loading.lua:112]: ++++As library of:	file:///c%3A/Users/ldp/Dp1/lazy/plugins/which-key.nvim/lua
[15:48:13.053][info] [#0:script\workspace\loading.lua:100]: Preload file at: file:///c%3A/Users/ldp/Dp1/lazy/plugins/which-key.nvim/lua/which-key/tree.lua , size = 2.714 KB
[15:48:13.055][info] [#0:script\workspace\loading.lua:112]: ++++As library of:	file:///c%3A/Users/ldp/Dp1/lazy/plugins/which-key.nvim/lua
[15:48:13.055][info] [#0:script\workspace\loading.lua:100]: Preload file at: file:///c%3A/Users/ldp/Dp1/lazy/plugins/which-key.nvim/lua/which-key/types.lua , size = 1.535 KB
[15:48:13.056][info] [#0:script\workspace\loading.lua:112]: ++++As library of:	file:///c%3A/Users/ldp/Dp1/lazy/plugins/which-key.nvim/lua
[15:48:13.056][info] [#0:script\workspace\loading.lua:100]: Preload file at: file:///c%3A/Users/ldp/Dp1/lazy/plugins/which-key.nvim/lua/which-key/util.lua , size = 4.969 KB
[15:48:13.059][info] [#0:script\workspace\loading.lua:112]: ++++As library of:	file:///c%3A/Users/ldp/Dp1/lazy/plugins/which-key.nvim/lua
[15:48:13.059][info] [#0:script\workspace\loading.lua:100]: Preload file at: file:///c%3A/Users/ldp/Dp1/lazy/plugins/which-key.nvim/lua/which-key/view.lua , size = 8.756 KB
[15:48:13.063][info] [#0:script\workspace\loading.lua:112]: ++++As library of:	file:///c%3A/Users/ldp/Dp1/lazy/plugins/which-key.nvim/lua
[15:48:13.063][info] [#0:script\workspace\loading.lua:100]: Preload file at: file:///c%3A/Users/ldp/Dp1/Mason/packages/lua-language-server/meta/LuaJIT%20en-us%20utf8/bit.lua , size = 1.243 KB
[15:48:13.064][info] [#0:script\workspace\loading.lua:112]: ++++As library of:	file:///c%3A/Users/ldp/Dp1/Mason/packages/lua-language-server/meta/LuaJIT%20en-us%20utf8/bit.lua
[15:48:13.064][info] [#0:script\workspace\loading.lua:100]: Preload file at: file:///c%3A/Users/ldp/Dp1/Mason/packages/lua-language-server/meta/LuaJIT%20en-us%20utf8/jit/profile.lua , size = 0.348 KB
[15:48:13.064][info] [#0:script\workspace\loading.lua:112]: ++++As library of:	file:///c%3A/Users/ldp/Dp1/Mason/packages/lua-language-server/meta/LuaJIT%20en-us%20utf8/jit/profile.lua
[15:48:13.064][info] [#0:script\workspace\loading.lua:100]: Preload file at: file:///c%3A/Users/ldp/Dp1/Mason/packages/lua-language-server/meta/LuaJIT%20en-us%20utf8/debug.lua , size = 7.310 KB
[15:48:13.067][info] [#0:script\workspace\loading.lua:112]: ++++As library of:	file:///c%3A/Users/ldp/Dp1/Mason/packages/lua-language-server/meta/LuaJIT%20en-us%20utf8/debug.lua
[15:48:13.067][info] [#0:script\workspace\loading.lua:100]: Preload file at: file:///c%3A/Users/ldp/Dp1/Mason/packages/lua-language-server/meta/LuaJIT%20en-us%20utf8/package.lua , size = 2.699 KB
[15:48:13.068][info] [#0:script\workspace\loading.lua:112]: ++++As library of:	file:///c%3A/Users/ldp/Dp1/Mason/packages/lua-language-server/meta/LuaJIT%20en-us%20utf8/package.lua
[15:48:13.068][info] [#0:script\workspace\loading.lua:100]: Preload file at: file:///c%3A/Users/ldp/Dp1/Mason/packages/lua-language-server/meta/LuaJIT%20en-us%20utf8/string.lua , size = 5.217 KB
[15:48:13.070][info] [#0:script\workspace\loading.lua:112]: ++++As library of:	file:///c%3A/Users/ldp/Dp1/Mason/packages/lua-language-server/meta/LuaJIT%20en-us%20utf8/string.lua
[15:48:13.070][info] [#0:script\workspace\loading.lua:100]: Preload file at: file:///c%3A/Users/ldp/Dp1/Mason/packages/lua-language-server/meta/LuaJIT%20en-us%20utf8/builtin.lua , size = 0.302 KB
[15:48:13.070][info] [#0:script\workspace\loading.lua:112]: ++++As library of:	file:///c%3A/Users/ldp/Dp1/Mason/packages/lua-language-server/meta/LuaJIT%20en-us%20utf8/builtin.lua
[15:48:13.070][info] [#0:script\workspace\loading.lua:100]: Preload file at: file:///c%3A/Users/ldp/Dp1/Mason/packages/lua-language-server/meta/LuaJIT%20en-us%20utf8/os.lua , size = 5.611 KB
[15:48:13.072][info] [#0:script\workspace\loading.lua:112]: ++++As library of:	file:///c%3A/Users/ldp/Dp1/Mason/packages/lua-language-server/meta/LuaJIT%20en-us%20utf8/os.lua
[15:48:13.072][info] [#0:script\workspace\loading.lua:100]: Preload file at: file:///c%3A/Users/ldp/Dp1/lazy/nvim1/lua/events.lua , size = 4.732 KB
[15:48:13.074][info] [#0:script\workspace\loading.lua:112]: ++++As library of:	file:///c%3A/Users/ldp/Dp1/lazy/nvim1/lua
[15:48:13.074][info] [#0:script\workspace\loading.lua:100]: Preload file at: file:///c%3A/Users/ldp/Dp1/lazy/nvim1/lua/leaders.lua , size = 3.986 KB
[15:48:13.075][info] [#0:script\workspace\loading.lua:112]: ++++As library of:	file:///c%3A/Users/ldp/Dp1/lazy/nvim1/lua
[15:48:13.075][info] [#0:script\workspace\loading.lua:100]: Preload file at: file:///c%3A/Users/ldp/Dp1/lazy/nvim1/lua/f.lua , size = 16.772 KB
[15:48:13.088][info] [#0:script\workspace\loading.lua:112]: ++++As library of:	file:///c%3A/Users/ldp/Dp1/lazy/nvim1/lua
[15:48:13.088][info] [#0:script\workspace\loading.lua:100]: Preload file at: file:///c%3A/Users/ldp/Dp1/lazy/nvim1/lua/plugins.lua , size = 7.738 KB
[15:48:13.090][info] [#0:script\workspace\loading.lua:112]: ++++As library of:	file:///c%3A/Users/ldp/Dp1/lazy/nvim1/lua
[15:48:13.090][info] [#0:script\workspace\loading.lua:100]: Preload file at: file:///c%3A/Users/ldp/Dp1/lazy/nvim1/lua/_lsp.lua , size = 18.309 KB
[15:48:13.094][info] [#0:script\workspace\loading.lua:112]: ++++As library of:	file:///c%3A/Users/ldp/Dp1/lazy/nvim1/lua
[15:48:13.094][info] [#0:script\workspace\loading.lua:100]: Preload file at: file:///c%3A/Users/ldp/Dp1/lazy/nvim1/lua/_telescope.lua , size = 5.955 KB
[15:48:13.097][info] [#0:script\workspace\loading.lua:112]: ++++As library of:	file:///c%3A/Users/ldp/Dp1/lazy/nvim1/lua
[15:48:13.097][info] [#0:script\workspace\loading.lua:100]: Preload file at: file:///c%3A/Users/ldp/Dp1/lazy/nvim1/lua/_treesitter.lua , size = 2.068 KB
[15:48:13.098][info] [#0:script\workspace\loading.lua:112]: ++++As library of:	file:///c%3A/Users/ldp/Dp1/lazy/nvim1/lua
[15:48:13.098][info] [#0:script\workspace\loading.lua:100]: Preload file at: file:///c%3A/Users/ldp/Dp1/Mason/packages/lua-language-server/meta/LuaJIT%20en-us%20utf8/table/clear.lua , size = 0.797 KB
[15:48:13.098][info] [#0:script\workspace\loading.lua:112]: ++++As library of:	file:///c%3A/Users/ldp/Dp1/Mason/packages/lua-language-server/meta/LuaJIT%20en-us%20utf8/table/clear.lua
[15:48:13.098][info] [#0:script\workspace\loading.lua:100]: Preload file at: file:///c%3A/Users/ldp/Dp1/Mason/packages/lua-language-server/meta/LuaJIT%20en-us%20utf8/jit.lua , size = 0.884 KB
[15:48:13.099][info] [#0:script\workspace\loading.lua:112]: ++++As library of:	file:///c%3A/Users/ldp/Dp1/Mason/packages/lua-language-server/meta/LuaJIT%20en-us%20utf8/jit.lua
[15:48:13.099][info] [#0:script\workspace\loading.lua:100]: Preload file at: file:///c%3A/Users/ldp/Dp1/lazy/plugins/gitsigns.nvim/lua/gitsigns/actions/blame.lua , size = 13.107 KB
[15:48:13.105][info] [#0:script\workspace\loading.lua:112]: ++++As library of:	file:///c%3A/Users/ldp/Dp1/lazy/plugins/gitsigns.nvim/lua
[15:48:13.105][info] [#0:script\workspace\loading.lua:100]: Preload file at: file:///c%3A/Users/ldp/Dp1/lazy/plugins/gitsigns.nvim/lua/gitsigns/actions/blame_line.lua , size = 5.306 KB
[15:48:13.107][info] [#0:script\workspace\loading.lua:112]: ++++As library of:	file:///c%3A/Users/ldp/Dp1/lazy/plugins/gitsigns.nvim/lua
[15:48:13.107][info] [#0:script\workspace\loading.lua:100]: Preload file at: file:///c%3A/Users/ldp/Dp1/lazy/plugins/gitsigns.nvim/lua/gitsigns/actions/diffthis.lua , size = 7.460 KB
[15:48:13.110][info] [#0:script\workspace\loading.lua:112]: ++++As library of:	file:///c%3A/Users/ldp/Dp1/lazy/plugins/gitsigns.nvim/lua
[15:48:13.110][info] [#0:script\workspace\loading.lua:100]: Preload file at: file:///c%3A/Users/ldp/Dp1/lazy/plugins/gitsigns.nvim/lua/gitsigns/actions/nav.lua , size = 4.169 KB
[15:48:13.112][info] [#0:script\workspace\loading.lua:112]: ++++As library of:	file:///c%3A/Users/ldp/Dp1/lazy/plugins/gitsigns.nvim/lua
[15:48:13.112][info] [#0:script\workspace\loading.lua:100]: Preload file at: file:///c%3A/Users/ldp/Dp1/lazy/plugins/gitsigns.nvim/lua/gitsigns/actions/preview.lua , size = 7.657 KB
[15:48:13.116][info] [#0:script\workspace\loading.lua:112]: ++++As library of:	file:///c%3A/Users/ldp/Dp1/lazy/plugins/gitsigns.nvim/lua
[15:48:13.116][info] [#0:script\workspace\loading.lua:100]: Preload file at: file:///c%3A/Users/ldp/Dp1/lazy/plugins/gitsigns.nvim/lua/gitsigns/actions/qflist.lua , size = 3.750 KB
[15:48:13.118][info] [#0:script\workspace\loading.lua:112]: ++++As library of:	file:///c%3A/Users/ldp/Dp1/lazy/plugins/gitsigns.nvim/lua
[15:48:13.118][info] [#0:script\workspace\loading.lua:100]: Preload file at: file:///c%3A/Users/ldp/Dp1/lazy/plugins/gitsigns.nvim/lua/gitsigns/actions/show_commit.lua , size = 1.210 KB
[15:48:13.119][info] [#0:script\workspace\loading.lua:112]: ++++As library of:	file:///c%3A/Users/ldp/Dp1/lazy/plugins/gitsigns.nvim/lua
[15:48:13.119][info] [#0:script\workspace\loading.lua:100]: Preload file at: file:///c%3A/Users/ldp/Dp1/lazy/plugins/gitsigns.nvim/lua/gitsigns/actions.lua , size = 27.548 KB
[15:48:13.127][info] [#0:script\workspace\loading.lua:112]: ++++As library of:	file:///c%3A/Users/ldp/Dp1/lazy/plugins/gitsigns.nvim/lua
[15:48:13.127][info] [#0:script\workspace\loading.lua:100]: Preload file at: file:///c%3A/Users/ldp/Dp1/lazy/plugins/gitsigns.nvim/lua/gitsigns/async.lua , size = 18.456 KB
[15:48:13.135][info] [#0:script\workspace\loading.lua:112]: ++++As library of:	file:///c%3A/Users/ldp/Dp1/lazy/plugins/gitsigns.nvim/lua
[15:48:13.135][info] [#0:script\workspace\loading.lua:100]: Preload file at: file:///c%3A/Users/ldp/Dp1/lazy/plugins/gitsigns.nvim/lua/gitsigns/attach.lua , size = 11.629 KB
[15:48:13.139][info] [#0:script\workspace\loading.lua:112]: ++++As library of:	file:///c%3A/Users/ldp/Dp1/lazy/plugins/gitsigns.nvim/lua
[15:48:13.139][info] [#0:script\workspace\loading.lua:100]: Preload file at: file:///c%3A/Users/ldp/Dp1/lazy/plugins/gitsigns.nvim/lua/gitsigns/cache.lua , size = 9.532 KB
[15:48:13.151][info] [#0:script\workspace\loading.lua:112]: ++++As library of:	file:///c%3A/Users/ldp/Dp1/lazy/plugins/gitsigns.nvim/lua
[15:48:13.152][info] [#0:script\workspace\loading.lua:100]: Preload file at: file:///c%3A/Users/ldp/Dp1/lazy/plugins/gitsigns.nvim/lua/gitsigns/cli/argparse.lua , size = 2.572 KB
[15:48:13.153][info] [#0:script\workspace\loading.lua:112]: ++++As library of:	file:///c%3A/Users/ldp/Dp1/lazy/plugins/gitsigns.nvim/lua
[15:48:13.153][info] [#0:script\workspace\loading.lua:172]: Loaded files takes [0.181] sec: <fallback>
[15:48:13.153][info] [#0:script\workspace\loading.lua:181]: Compile files takes [0.000] sec: <fallback>
[15:48:13.153][info] [#0:script\workspace\loading.lua:182]: Loaded finish:	<fallback>
[15:48:13.153][info] [#0:script\workspace\workspace.lua:387]: Preload finish at:	<fallback>
[15:48:13.158][info] [#0:script\workspace\loading.lua:100]: Preload file at: file:///c%3A/Users/ldp/Dp1/lazy/plugins/gitsigns.nvim/lua/gitsigns/cli.lua , size = 2.739 KB
[15:48:13.159][info] [#0:script\workspace\loading.lua:112]: ++++As library of:	file:///c%3A/Users/ldp/Dp1/lazy/plugins/gitsigns.nvim/lua
[15:48:13.159][info] [#0:script\workspace\loading.lua:100]: Preload file at: file:///c%3A/Users/ldp/Dp1/lazy/plugins/gitsigns.nvim/lua/gitsigns/color.lua , size = 1.905 KB
[15:48:13.160][info] [#0:script\workspace\loading.lua:112]: ++++As library of:	file:///c%3A/Users/ldp/Dp1/lazy/plugins/gitsigns.nvim/lua
[15:48:13.161][info] [#0:script\workspace\loading.lua:100]: Preload file at: file:///c%3A/Users/ldp/Dp1/lazy/plugins/gitsigns.nvim/lua/gitsigns/current_line_blame.lua , size = 6.894 KB
[15:48:13.164][info] [#0:script\workspace\loading.lua:112]: ++++As library of:	file:///c%3A/Users/ldp/Dp1/lazy/plugins/gitsigns.nvim/lua
[15:48:13.164][info] [#0:script\workspace\loading.lua:100]: Preload file at: file:///c%3A/Users/ldp/Dp1/lazy/plugins/gitsigns.nvim/lua/gitsigns/config.lua , size = 25.433 KB
[15:48:13.170][info] [#0:script\workspace\loading.lua:112]: ++++As library of:	file:///c%3A/Users/ldp/Dp1/lazy/plugins/gitsigns.nvim/lua
[15:48:13.170][info] [#0:script\workspace\loading.lua:100]: Preload file at: file:///c%3A/Users/ldp/Dp1/lazy/plugins/gitsigns.nvim/lua/gitsigns/debounce.lua , size = 2.207 KB
[15:48:13.171][info] [#0:script\workspace\loading.lua:112]: ++++As library of:	file:///c%3A/Users/ldp/Dp1/lazy/plugins/gitsigns.nvim/lua
[15:48:13.171][info] [#0:script\workspace\loading.lua:100]: Preload file at: file:///c%3A/Users/ldp/Dp1/lazy/plugins/gitsigns.nvim/lua/gitsigns/debug.lua , size = 1.159 KB
[15:48:13.172][info] [#0:script\workspace\loading.lua:112]: ++++As library of:	file:///c%3A/Users/ldp/Dp1/lazy/plugins/gitsigns.nvim/lua
[15:48:13.172][info] [#0:script\workspace\loading.lua:100]: Preload file at: file:///c%3A/Users/ldp/Dp1/lazy/plugins/gitsigns.nvim/lua/gitsigns/diff.lua , size = 0.591 KB
[15:48:13.172][info] [#0:script\workspace\loading.lua:112]: ++++As library of:	file:///c%3A/Users/ldp/Dp1/lazy/plugins/gitsigns.nvim/lua
[15:48:13.172][info] [#0:script\workspace\loading.lua:100]: Preload file at: file:///c%3A/Users/ldp/Dp1/lazy/plugins/gitsigns.nvim/lua/gitsigns/diff_ext.lua , size = 2.477 KB
[15:48:13.173][info] [#0:script\workspace\loading.lua:112]: ++++As library of:	file:///c%3A/Users/ldp/Dp1/lazy/plugins/gitsigns.nvim/lua
[15:48:13.173][info] [#0:script\workspace\loading.lua:100]: Preload file at: file:///c%3A/Users/ldp/Dp1/lazy/plugins/gitsigns.nvim/lua/gitsigns/debug/log.lua , size = 4.943 KB
[15:48:13.177][info] [#0:script\workspace\loading.lua:112]: ++++As library of:	file:///c%3A/Users/ldp/Dp1/lazy/plugins/gitsigns.nvim/lua
[15:48:13.177][info] [#0:script\workspace\loading.lua:100]: Preload file at: file:///c%3A/Users/ldp/Dp1/lazy/plugins/gitsigns.nvim/lua/gitsigns/diff_int.lua , size = 5.571 KB
[15:48:13.181][info] [#0:script\workspace\loading.lua:112]: ++++As library of:	file:///c%3A/Users/ldp/Dp1/lazy/plugins/gitsigns.nvim/lua
[15:48:13.181][info] [#0:script\workspace\loading.lua:100]: Preload file at: file:///c%3A/Users/ldp/Dp1/lazy/plugins/gitsigns.nvim/lua/gitsigns/gh.lua , size = 2.366 KB
[15:48:13.182][info] [#0:script\workspace\loading.lua:112]: ++++As library of:	file:///c%3A/Users/ldp/Dp1/lazy/plugins/gitsigns.nvim/lua
[15:48:13.182][info] [#0:script\workspace\loading.lua:100]: Preload file at: file:///c%3A/Users/ldp/Dp1/lazy/plugins/gitsigns.nvim/lua/gitsigns/git/blame.lua , size = 7.386 KB
[15:48:13.186][info] [#0:script\workspace\loading.lua:112]: ++++As library of:	file:///c%3A/Users/ldp/Dp1/lazy/plugins/gitsigns.nvim/lua
[15:48:13.186][info] [#0:script\workspace\loading.lua:100]: Preload file at: file:///c%3A/Users/ldp/Dp1/lazy/plugins/gitsigns.nvim/lua/gitsigns/git/errors.lua , size = 0.702 KB
[15:48:13.186][info] [#0:script\workspace\loading.lua:112]: ++++As library of:	file:///c%3A/Users/ldp/Dp1/lazy/plugins/gitsigns.nvim/lua
[15:48:13.186][info] [#0:script\workspace\loading.lua:100]: Preload file at: file:///c%3A/Users/ldp/Dp1/lazy/plugins/gitsigns.nvim/lua/gitsigns/git/cmd.lua , size = 1.648 KB
[15:48:13.187][info] [#0:script\workspace\loading.lua:112]: ++++As library of:	file:///c%3A/Users/ldp/Dp1/lazy/plugins/gitsigns.nvim/lua
[15:48:13.187][info] [#0:script\workspace\loading.lua:100]: Preload file at: file:///c%3A/Users/ldp/Dp1/lazy/plugins/gitsigns.nvim/lua/gitsigns/git/version.lua , size = 2.472 KB
[15:48:13.189][info] [#0:script\workspace\loading.lua:112]: ++++As library of:	file:///c%3A/Users/ldp/Dp1/lazy/plugins/gitsigns.nvim/lua
[15:48:13.189][info] [#0:script\workspace\loading.lua:100]: Preload file at: file:///c%3A/Users/ldp/Dp1/lazy/plugins/gitsigns.nvim/lua/gitsigns/git/repo.lua , size = 15.539 KB
[15:48:13.197][info] [#0:script\workspace\loading.lua:112]: ++++As library of:	file:///c%3A/Users/ldp/Dp1/lazy/plugins/gitsigns.nvim/lua
[15:48:13.197][info] [#0:script\workspace\loading.lua:100]: Preload file at: file:///c%3A/Users/ldp/Dp1/lazy/plugins/gitsigns.nvim/lua/gitsigns/git.lua , size = 7.427 KB
[15:48:13.201][info] [#0:script\workspace\loading.lua:112]: ++++As library of:	file:///c%3A/Users/ldp/Dp1/lazy/plugins/gitsigns.nvim/lua
[15:48:13.201][info] [#0:script\workspace\loading.lua:100]: Preload file at: file:///c%3A/Users/ldp/Dp1/lazy/plugins/gitsigns.nvim/lua/gitsigns/highlight.lua , size = 8.805 KB
[15:48:13.205][info] [#0:script\workspace\loading.lua:112]: ++++As library of:	file:///c%3A/Users/ldp/Dp1/lazy/plugins/gitsigns.nvim/lua
[15:48:13.205][info] [#0:script\workspace\loading.lua:100]: Preload file at: file:///c%3A/Users/ldp/Dp1/lazy/plugins/gitsigns.nvim/lua/gitsigns/hunks.lua , size = 16.024 KB
[15:48:13.212][info] [#0:script\workspace\loading.lua:112]: ++++As library of:	file:///c%3A/Users/ldp/Dp1/lazy/plugins/gitsigns.nvim/lua
[15:48:13.212][info] [#0:script\workspace\loading.lua:100]: Preload file at: file:///c%3A/Users/ldp/Dp1/lazy/plugins/gitsigns.nvim/lua/gitsigns/message.lua , size = 0.548 KB
[15:48:13.213][info] [#0:script\workspace\loading.lua:112]: ++++As library of:	file:///c%3A/Users/ldp/Dp1/lazy/plugins/gitsigns.nvim/lua
[15:48:13.213][info] [#0:script\workspace\loading.lua:100]: Preload file at: file:///c%3A/Users/ldp/Dp1/lazy/plugins/gitsigns.nvim/lua/gitsigns/manager.lua , size = 14.124 KB
[15:48:13.218][info] [#0:script\workspace\loading.lua:112]: ++++As library of:	file:///c%3A/Users/ldp/Dp1/lazy/plugins/gitsigns.nvim/lua
[15:48:13.218][info] [#0:script\workspace\loading.lua:100]: Preload file at: file:///c%3A/Users/ldp/Dp1/lazy/plugins/gitsigns.nvim/lua/gitsigns/popup.lua , size = 7.540 KB
[15:48:13.221][info] [#0:script\workspace\loading.lua:112]: ++++As library of:	file:///c%3A/Users/ldp/Dp1/lazy/plugins/gitsigns.nvim/lua
[15:48:13.221][info] [#0:script\workspace\loading.lua:100]: Preload file at: file:///c%3A/Users/ldp/Dp1/lazy/plugins/gitsigns.nvim/lua/gitsigns/repeat.lua , size = 0.587 KB
[15:48:13.221][info] [#0:script\workspace\loading.lua:112]: ++++As library of:	file:///c%3A/Users/ldp/Dp1/lazy/plugins/gitsigns.nvim/lua
[15:48:13.221][info] [#0:script\workspace\loading.lua:100]: Preload file at: file:///c%3A/Users/ldp/Dp1/lazy/plugins/gitsigns.nvim/lua/gitsigns/signs.lua , size = 3.996 KB
[15:48:13.224][info] [#0:script\workspace\loading.lua:112]: ++++As library of:	file:///c%3A/Users/ldp/Dp1/lazy/plugins/gitsigns.nvim/lua
[15:48:13.224][info] [#0:script\workspace\loading.lua:100]: Preload file at: file:///c%3A/Users/ldp/Dp1/lazy/plugins/gitsigns.nvim/lua/gitsigns/status.lua , size = 1.159 KB
[15:48:13.224][info] [#0:script\workspace\loading.lua:112]: ++++As library of:	file:///c%3A/Users/ldp/Dp1/lazy/plugins/gitsigns.nvim/lua
[15:48:13.224][info] [#0:script\workspace\loading.lua:100]: Preload file at: file:///c%3A/Users/ldp/Dp1/lazy/plugins/gitsigns.nvim/lua/gitsigns/system.lua , size = 0.456 KB
[15:48:13.225][info] [#0:script\workspace\loading.lua:112]: ++++As library of:	file:///c%3A/Users/ldp/Dp1/lazy/plugins/gitsigns.nvim/lua
[15:48:13.225][info] [#0:script\workspace\loading.lua:100]: Preload file at: file:///c%3A/Users/ldp/Dp1/lazy/plugins/gitsigns.nvim/lua/gitsigns/system/compat.lua , size = 8.787 KB
[15:48:13.229][info] [#0:script\workspace\loading.lua:112]: ++++As library of:	file:///c%3A/Users/ldp/Dp1/lazy/plugins/gitsigns.nvim/lua
[15:48:13.229][info] [#0:script\workspace\loading.lua:100]: Preload file at: file:///c%3A/Users/ldp/Dp1/lazy/plugins/gitsigns.nvim/lua/gitsigns/test.lua , size = 0.777 KB
[15:48:13.229][info] [#0:script\workspace\loading.lua:112]: ++++As library of:	file:///c%3A/Users/ldp/Dp1/lazy/plugins/gitsigns.nvim/lua
[15:48:13.229][info] [#0:script\workspace\loading.lua:100]: Preload file at: file:///c%3A/Users/ldp/Dp1/lazy/plugins/gitsigns.nvim/lua/gitsigns/util.lua , size = 10.763 KB
[15:48:13.252][info] [#0:script\workspace\loading.lua:112]: ++++As library of:	file:///c%3A/Users/ldp/Dp1/lazy/plugins/gitsigns.nvim/lua
[15:48:13.252][info] [#0:script\workspace\loading.lua:100]: Preload file at: file:///c%3A/Users/ldp/Dp1/lazy/plugins/gitsigns.nvim/lua/gitsigns.lua , size = 6.770 KB
[15:48:13.255][info] [#0:script\workspace\loading.lua:112]: ++++As library of:	file:///c%3A/Users/ldp/Dp1/lazy/plugins/gitsigns.nvim/lua
[15:48:13.255][info] [#0:script\workspace\loading.lua:100]: Preload file at: file:///c%3A/Program%20Files/Neovim/share/nvim/runtime/lua/coxpcall.lua , size = 3.785 KB
[15:48:13.256][info] [#0:script\workspace\loading.lua:112]: ++++As library of:	file:///c%3A/Program%20Files/Neovim/share/nvim/runtime/lua
[15:48:13.256][info] [#0:script\workspace\loading.lua:100]: Preload file at: file:///c%3A/Program%20Files/Neovim/share/nvim/runtime/lua/editorconfig.lua , size = 11.569 KB
[15:48:13.260][info] [#0:script\workspace\loading.lua:112]: ++++As library of:	file:///c%3A/Program%20Files/Neovim/share/nvim/runtime/lua
[15:48:13.260][info] [#0:script\workspace\loading.lua:100]: Preload file at: file:///c%3A/Program%20Files/Neovim/share/nvim/runtime/lua/jit/bc.lua , size = 5.417 KB
[15:48:13.262][info] [#0:script\workspace\loading.lua:112]: ++++As library of:	file:///c%3A/Program%20Files/Neovim/share/nvim/runtime/lua
[15:48:13.263][info] [#0:script\workspace\loading.lua:100]: Preload file at: file:///c%3A/Program%20Files/Neovim/share/nvim/runtime/lua/jit/bcsave.lua , size = 17.090 KB
[15:48:13.269][info] [#0:script\workspace\loading.lua:112]: ++++As library of:	file:///c%3A/Program%20Files/Neovim/share/nvim/runtime/lua
[15:48:13.269][info] [#0:script\workspace\loading.lua:100]: Preload file at: file:///c%3A/Program%20Files/Neovim/share/nvim/runtime/lua/jit/dis_arm.lua , size = 18.891 KB
[15:48:13.277][info] [#0:script\workspace\loading.lua:112]: ++++As library of:	file:///c%3A/Program%20Files/Neovim/share/nvim/runtime/lua
[15:48:13.277][info] [#0:script\workspace\loading.lua:100]: Preload file at: file:///c%3A/Program%20Files/Neovim/share/nvim/runtime/lua/jit/dis_arm64be.lua , size = 0.604 KB
[15:48:13.277][info] [#0:script\workspace\loading.lua:112]: ++++As library of:	file:///c%3A/Program%20Files/Neovim/share/nvim/runtime/lua
[15:48:13.277][info] [#0:script\workspace\loading.lua:100]: Preload file at: file:///c%3A/Program%20Files/Neovim/share/nvim/runtime/lua/jit/dis_arm64.lua , size = 29.971 KB
[15:48:13.289][info] [#0:script\workspace\loading.lua:112]: ++++As library of:	file:///c%3A/Program%20Files/Neovim/share/nvim/runtime/lua
[15:48:13.289][info] [#0:script\workspace\loading.lua:100]: Preload file at: file:///c%3A/Program%20Files/Neovim/share/nvim/runtime/lua/jit/dis_mips64.lua , size = 0.689 KB
[15:48:13.289][info] [#0:script\workspace\loading.lua:112]: ++++As library of:	file:///c%3A/Program%20Files/Neovim/share/nvim/runtime/lua
[15:48:13.289][info] [#0:script\workspace\loading.lua:100]: Preload file at: file:///c%3A/Program%20Files/Neovim/share/nvim/runtime/lua/jit/dis_mips.lua , size = 21.494 KB
[15:48:13.298][info] [#0:script\workspace\loading.lua:112]: ++++As library of:	file:///c%3A/Program%20Files/Neovim/share/nvim/runtime/lua
[15:48:13.298][info] [#0:script\workspace\loading.lua:100]: Preload file at: file:///c%3A/Program%20Files/Neovim/share/nvim/runtime/lua/jit/dis_mips64el.lua , size = 0.700 KB
[15:48:13.298][info] [#0:script\workspace\loading.lua:112]: ++++As library of:	file:///c%3A/Program%20Files/Neovim/share/nvim/runtime/lua
[15:48:13.299][info] [#0:script\workspace\loading.lua:100]: Preload file at: file:///c%3A/Program%20Files/Neovim/share/nvim/runtime/lua/jit/dis_mips64r6el.lua , size = 0.711 KB
[15:48:13.300][info] [#0:script\workspace\loading.lua:112]: ++++As library of:	file:///c%3A/Program%20Files/Neovim/share/nvim/runtime/lua
[15:48:13.300][info] [#0:script\workspace\loading.lua:100]: Preload file at: file:///c%3A/Program%20Files/Neovim/share/nvim/runtime/lua/jit/dis_mips64r6.lua , size = 0.700 KB
[15:48:13.300][info] [#0:script\workspace\loading.lua:112]: ++++As library of:	file:///c%3A/Program%20Files/Neovim/share/nvim/runtime/lua
[15:48:13.300][info] [#0:script\workspace\loading.lua:100]: Preload file at: file:///c%3A/Program%20Files/Neovim/share/nvim/runtime/lua/jit/dis_mipsel.lua , size = 0.698 KB
[15:48:13.300][info] [#0:script\workspace\loading.lua:112]: ++++As library of:	file:///c%3A/Program%20Files/Neovim/share/nvim/runtime/lua
[15:48:13.300][info] [#0:script\workspace\loading.lua:100]: Preload file at: file:///c%3A/Program%20Files/Neovim/share/nvim/runtime/lua/jit/dis_x64.lua , size = 0.695 KB
[15:48:13.301][info] [#0:script\workspace\loading.lua:112]: ++++As library of:	file:///c%3A/Program%20Files/Neovim/share/nvim/runtime/lua
[15:48:13.301][info] [#0:script\workspace\loading.lua:100]: Preload file at: file:///c%3A/Program%20Files/Neovim/share/nvim/runtime/lua/jit/dis_ppc.lua , size = 19.825 KB
[15:48:13.308][info] [#0:script\workspace\loading.lua:112]: ++++As library of:	file:///c%3A/Program%20Files/Neovim/share/nvim/runtime/lua
[15:48:13.308][info] [#0:script\workspace\loading.lua:100]: Preload file at: file:///c%3A/Program%20Files/Neovim/share/nvim/runtime/lua/jit/dump.lua , size = 20.269 KB
[15:48:13.317][info] [#0:script\workspace\loading.lua:112]: ++++As library of:	file:///c%3A/Program%20Files/Neovim/share/nvim/runtime/lua
[15:48:13.317][info] [#0:script\workspace\loading.lua:100]: Preload file at: file:///c%3A/Program%20Files/Neovim/share/nvim/runtime/lua/jit/dis_x86.lua , size = 33.033 KB
[15:48:13.330][info] [#0:script\workspace\loading.lua:112]: ++++As library of:	file:///c%3A/Program%20Files/Neovim/share/nvim/runtime/lua
[15:48:13.330][info] [#0:script\workspace\loading.lua:100]: Preload file at: file:///c%3A/Program%20Files/Neovim/share/nvim/runtime/lua/jit/v.lua , size = 5.731 KB
[15:48:13.332][info] [#0:script\workspace\loading.lua:112]: ++++As library of:	file:///c%3A/Program%20Files/Neovim/share/nvim/runtime/lua
[15:48:13.332][info] [#0:script\workspace\loading.lua:100]: Preload file at: file:///c%3A/Program%20Files/Neovim/share/nvim/runtime/lua/jit/p.lua , size = 8.874 KB
[15:48:13.336][info] [#0:script\workspace\loading.lua:112]: ++++As library of:	file:///c%3A/Program%20Files/Neovim/share/nvim/runtime/lua
[15:48:13.336][info] [#0:script\workspace\loading.lua:100]: Preload file at: file:///c%3A/Program%20Files/Neovim/share/nvim/runtime/lua/jit/zone.lua , size = 0.979 KB
[15:48:13.336][info] [#0:script\workspace\loading.lua:112]: ++++As library of:	file:///c%3A/Program%20Files/Neovim/share/nvim/runtime/lua
[15:48:13.336][info] [#0:script\workspace\loading.lua:100]: Preload file at: file:///c%3A/Program%20Files/Neovim/share/nvim/runtime/lua/jit/vmdef.lua , size = 8.307 KB
[15:48:13.338][info] [#0:script\workspace\loading.lua:112]: ++++As library of:	file:///c%3A/Program%20Files/Neovim/share/nvim/runtime/lua
[15:48:13.338][info] [#0:script\workspace\loading.lua:100]: Preload file at: file:///c%3A/Program%20Files/Neovim/share/nvim/runtime/lua/nvim/tutor.lua , size = 2.711 KB
[15:48:13.340][info] [#0:script\workspace\loading.lua:112]: ++++As library of:	file:///c%3A/Program%20Files/Neovim/share/nvim/runtime/lua
[15:48:13.340][info] [#0:script\workspace\loading.lua:100]: Preload file at: file:///c%3A/Program%20Files/Neovim/share/nvim/runtime/lua/man.lua , size = 24.133 KB
[15:48:13.351][info] [#0:script\workspace\loading.lua:112]: ++++As library of:	file:///c%3A/Program%20Files/Neovim/share/nvim/runtime/lua
[15:48:13.351][info] [#0:script\workspace\loading.lua:100]: Preload file at: file:///c%3A/Program%20Files/Neovim/share/nvim/runtime/lua/vim/deprecated/health.lua , size = 1.301 KB
[15:48:13.352][info] [#0:script\workspace\loading.lua:112]: ++++As library of:	file:///c%3A/Program%20Files/Neovim/share/nvim/runtime/lua
[15:48:13.352][info] [#0:script\workspace\loading.lua:100]: Preload file at: file:///c%3A/Program%20Files/Neovim/share/nvim/runtime/lua/tohtml.lua , size = 44.658 KB
[15:48:13.397][info] [#0:script\workspace\loading.lua:112]: ++++As library of:	file:///c%3A/Program%20Files/Neovim/share/nvim/runtime/lua
[15:48:13.397][info] [#0:script\workspace\loading.lua:100]: Preload file at: file:///c%3A/Program%20Files/Neovim/share/nvim/runtime/lua/vim/F.lua , size = 1.136 KB
[15:48:13.398][info] [#0:script\workspace\loading.lua:112]: ++++As library of:	file:///c%3A/Program%20Files/Neovim/share/nvim/runtime/lua
[15:48:13.398][info] [#0:script\workspace\loading.lua:100]: Preload file at: file:///c%3A/Program%20Files/Neovim/share/nvim/runtime/lua/vim/filetype/detect.lua , size = 63.451 KB
[15:48:13.422][info] [#0:script\workspace\loading.lua:112]: ++++As library of:	file:///c%3A/Program%20Files/Neovim/share/nvim/runtime/lua
[15:48:13.422][info] [#0:script\workspace\loading.lua:100]: Preload file at: file:///c%3A/Program%20Files/Neovim/share/nvim/runtime/lua/vim/diagnostic.lua , size = 87.695 KB
[15:48:13.455][info] [#0:script\workspace\loading.lua:112]: ++++As library of:	file:///c%3A/Program%20Files/Neovim/share/nvim/runtime/lua
[15:48:13.455][info] [#0:script\workspace\loading.lua:100]: Preload file at: file:///c%3A/Program%20Files/Neovim/share/nvim/runtime/lua/vim/filetype/options.lua , size = 2.645 KB
[15:48:13.457][info] [#0:script\workspace\loading.lua:112]: ++++As library of:	file:///c%3A/Program%20Files/Neovim/share/nvim/runtime/lua
[15:48:13.457][info] [#0:script\workspace\loading.lua:100]: Preload file at: file:///c%3A/Program%20Files/Neovim/share/nvim/runtime/lua/vim/fs.lua , size = 25.258 KB
[15:48:13.465][info] [#0:script\workspace\loading.lua:112]: ++++As library of:	file:///c%3A/Program%20Files/Neovim/share/nvim/runtime/lua
[15:48:13.466][info] [#0:script\workspace\loading.lua:100]: Preload file at: file:///c%3A/Program%20Files/Neovim/share/nvim/runtime/lua/vim/func/_memoize.lua , size = 2.061 KB
[15:48:13.467][info] [#0:script\workspace\loading.lua:112]: ++++As library of:	file:///c%3A/Program%20Files/Neovim/share/nvim/runtime/lua
[15:48:13.467][info] [#0:script\workspace\loading.lua:100]: Preload file at: file:///c%3A/Program%20Files/Neovim/share/nvim/runtime/lua/vim/func.lua , size = 1.993 KB
[15:48:13.468][info] [#0:script\workspace\loading.lua:112]: ++++As library of:	file:///c%3A/Program%20Files/Neovim/share/nvim/runtime/lua
[15:48:13.468][info] [#0:script\workspace\loading.lua:100]: Preload file at: file:///c%3A/Program%20Files/Neovim/share/nvim/runtime/lua/vim/filetype.lua , size = 81.813 KB
[15:48:13.494][info] [#0:script\workspace\loading.lua:112]: ++++As library of:	file:///c%3A/Program%20Files/Neovim/share/nvim/runtime/lua
[15:48:13.494][info] [#0:script\workspace\loading.lua:100]: Preload file at: file:///c%3A/Program%20Files/Neovim/share/nvim/runtime/lua/vim/glob.lua , size = 3.405 KB
[15:48:13.496][info] [#0:script\workspace\loading.lua:112]: ++++As library of:	file:///c%3A/Program%20Files/Neovim/share/nvim/runtime/lua
[15:48:13.496][info] [#0:script\workspace\loading.lua:100]: Preload file at: file:///c%3A/Program%20Files/Neovim/share/nvim/runtime/lua/vim/health/health.lua , size = 13.327 KB
[15:48:13.501][info] [#0:script\workspace\loading.lua:112]: ++++As library of:	file:///c%3A/Program%20Files/Neovim/share/nvim/runtime/lua
[15:48:13.501][info] [#0:script\workspace\loading.lua:100]: Preload file at: file:///c%3A/Program%20Files/Neovim/share/nvim/runtime/lua/vim/health.lua , size = 16.265 KB
[15:48:13.506][info] [#0:script\workspace\loading.lua:112]: ++++As library of:	file:///c%3A/Program%20Files/Neovim/share/nvim/runtime/lua
[15:48:13.506][info] [#0:script\workspace\loading.lua:100]: Preload file at: file:///c%3A/Program%20Files/Neovim/share/nvim/runtime/lua/vim/hl.lua , size = 6.250 KB
[15:48:13.509][info] [#0:script\workspace\loading.lua:112]: ++++As library of:	file:///c%3A/Program%20Files/Neovim/share/nvim/runtime/lua
[15:48:13.509][info] [#0:script\workspace\loading.lua:100]: Preload file at: file:///c%3A/Program%20Files/Neovim/share/nvim/runtime/lua/vim/inspect.lua , size = 9.271 KB
[15:48:13.513][info] [#0:script\workspace\loading.lua:112]: ++++As library of:	file:///c%3A/Program%20Files/Neovim/share/nvim/runtime/lua
[15:48:13.513][info] [#0:script\workspace\loading.lua:100]: Preload file at: file:///c%3A/Program%20Files/Neovim/share/nvim/runtime/lua/vim/keymap.lua , size = 3.812 KB
[15:48:13.515][info] [#0:script\workspace\loading.lua:112]: ++++As library of:	file:///c%3A/Program%20Files/Neovim/share/nvim/runtime/lua
[15:48:13.515][info] [#0:script\workspace\loading.lua:100]: Preload file at: file:///c%3A/Program%20Files/Neovim/share/nvim/runtime/lua/vim/iter.lua , size = 26.995 KB
[15:48:13.526][info] [#0:script\workspace\loading.lua:112]: ++++As library of:	file:///c%3A/Program%20Files/Neovim/share/nvim/runtime/lua
[15:48:13.526][info] [#0:script\workspace\loading.lua:100]: Preload file at: file:///c%3A/Program%20Files/Neovim/share/nvim/runtime/lua/vim/loader.lua , size = 15.078 KB
[15:48:13.532][info] [#0:script\workspace\loading.lua:112]: ++++As library of:	file:///c%3A/Program%20Files/Neovim/share/nvim/runtime/lua
[15:48:13.532][info] [#0:script\workspace\loading.lua:100]: Preload file at: file:///c%3A/Program%20Files/Neovim/share/nvim/runtime/lua/vim/lsp/client.lua , size = 41.905 KB
[15:48:13.548][info] [#0:script\workspace\loading.lua:112]: ++++As library of:	file:///c%3A/Program%20Files/Neovim/share/nvim/runtime/lua
[15:48:13.548][info] [#0:script\workspace\loading.lua:100]: Preload file at: file:///c%3A/Program%20Files/Neovim/share/nvim/runtime/lua/vim/lsp/buf.lua , size = 44.586 KB
[15:48:13.565][info] [#0:script\workspace\loading.lua:112]: ++++As library of:	file:///c%3A/Program%20Files/Neovim/share/nvim/runtime/lua
[15:48:13.565][info] [#0:script\workspace\loading.lua:100]: Preload file at: file:///c%3A/Program%20Files/Neovim/share/nvim/runtime/lua/vim/lsp/codelens.lua , size = 9.558 KB
[15:48:13.569][info] [#0:script\workspace\loading.lua:112]: ++++As library of:	file:///c%3A/Program%20Files/Neovim/share/nvim/runtime/lua
[15:48:13.569][info] [#0:script\workspace\loading.lua:100]: Preload file at: file:///c%3A/Program%20Files/Neovim/share/nvim/runtime/lua/vim/lsp/diagnostic.lua , size = 12.248 KB
[15:48:13.612][info] [#0:script\workspace\loading.lua:112]: ++++As library of:	file:///c%3A/Program%20Files/Neovim/share/nvim/runtime/lua
[15:48:13.612][info] [#0:script\workspace\loading.lua:100]: Preload file at: file:///c%3A/Program%20Files/Neovim/share/nvim/runtime/lua/vim/lsp/handlers.lua , size = 24.986 KB
[15:48:13.621][info] [#0:script\workspace\loading.lua:112]: ++++As library of:	file:///c%3A/Program%20Files/Neovim/share/nvim/runtime/lua
[15:48:13.621][info] [#0:script\workspace\loading.lua:100]: Preload file at: file:///c%3A/Program%20Files/Neovim/share/nvim/runtime/lua/vim/lsp/completion.lua , size = 28.002 KB
[15:48:13.631][info] [#0:script\workspace\loading.lua:112]: ++++As library of:	file:///c%3A/Program%20Files/Neovim/share/nvim/runtime/lua
[15:48:13.632][info] [#0:script\workspace\loading.lua:100]: Preload file at: file:///c%3A/Program%20Files/Neovim/share/nvim/runtime/lua/vim/lsp/health.lua , size = 7.571 KB
[15:48:13.635][info] [#0:script\workspace\loading.lua:112]: ++++As library of:	file:///c%3A/Program%20Files/Neovim/share/nvim/runtime/lua
[15:48:13.635][info] [#0:script\workspace\loading.lua:100]: Preload file at: file:///c%3A/Program%20Files/Neovim/share/nvim/runtime/lua/vim/lsp/log.lua , size = 5.792 KB
[15:48:13.637][info] [#0:script\workspace\loading.lua:112]: ++++As library of:	file:///c%3A/Program%20Files/Neovim/share/nvim/runtime/lua
[15:48:13.637][info] [#0:script\workspace\loading.lua:100]: Preload file at: file:///c%3A/Program%20Files/Neovim/share/nvim/runtime/lua/vim/lsp/inlay_hint.lua , size = 12.354 KB
[15:48:13.642][info] [#0:script\workspace\loading.lua:112]: ++++As library of:	file:///c%3A/Program%20Files/Neovim/share/nvim/runtime/lua
[15:48:13.642][info] [#0:script\workspace\loading.lua:100]: Preload file at: file:///c%3A/Program%20Files/Neovim/share/nvim/runtime/lua/vim/lsp/rpc.lua , size = 22.811 KB
[15:48:13.649][info] [#0:script\workspace\loading.lua:112]: ++++As library of:	file:///c%3A/Program%20Files/Neovim/share/nvim/runtime/lua
[15:48:13.649][info] [#0:script\workspace\loading.lua:100]: Preload file at: file:///c%3A/Program%20Files/Neovim/share/nvim/runtime/lua/vim/lsp/protocol.lua , size = 46.139 KB
[15:48:13.656][info] [#0:script\workspace\loading.lua:112]: ++++As library of:	file:///c%3A/Program%20Files/Neovim/share/nvim/runtime/lua
[15:48:13.656][info] [#0:script\workspace\loading.lua:100]: Preload file at: file:///c%3A/Program%20Files/Neovim/share/nvim/runtime/lua/vim/lsp/semantic_tokens.lua , size = 28.051 KB
[15:48:13.665][info] [#0:script\workspace\loading.lua:112]: ++++As library of:	file:///c%3A/Program%20Files/Neovim/share/nvim/runtime/lua
[15:48:13.665][info] [#0:script\workspace\loading.lua:100]: Preload file at: file:///c%3A/Program%20Files/Neovim/share/nvim/runtime/lua/vim/lsp/sync.lua , size = 16.149 KB
[15:48:13.670][info] [#0:script\workspace\loading.lua:112]: ++++As library of:	file:///c%3A/Program%20Files/Neovim/share/nvim/runtime/lua
[15:48:13.670][info] [#0:script\workspace\loading.lua:100]: Preload file at: file:///c%3A/Program%20Files/Neovim/share/nvim/runtime/lua/vim/lsp/_changetracking.lua , size = 11.857 KB
[15:48:13.674][info] [#0:script\workspace\loading.lua:112]: ++++As library of:	file:///c%3A/Program%20Files/Neovim/share/nvim/runtime/lua
[15:48:13.674][info] [#0:script\workspace\loading.lua:100]: Preload file at: file:///c%3A/Program%20Files/Neovim/share/nvim/runtime/lua/vim/lsp/_folding_range.lua , size = 11.837 KB
[15:48:13.679][info] [#0:script\workspace\loading.lua:112]: ++++As library of:	file:///c%3A/Program%20Files/Neovim/share/nvim/runtime/lua
[15:48:13.679][info] [#0:script\workspace\loading.lua:100]: Preload file at: file:///c%3A/Program%20Files/Neovim/share/nvim/runtime/lua/vim/lsp/util.lua , size = 77.301 KB
[15:48:13.710][info] [#0:script\workspace\loading.lua:112]: ++++As library of:	file:///c%3A/Program%20Files/Neovim/share/nvim/runtime/lua
[15:48:13.710][info] [#0:script\workspace\loading.lua:100]: Preload file at: file:///c%3A/Program%20Files/Neovim/share/nvim/runtime/lua/vim/lsp/_meta.lua , size = 0.602 KB
[15:48:13.711][info] [#0:script\workspace\loading.lua:112]: ++++As library of:	file:///c%3A/Program%20Files/Neovim/share/nvim/runtime/lua
[15:48:13.711][info] [#0:script\workspace\loading.lua:100]: Preload file at: file:///c%3A/Program%20Files/Neovim/share/nvim/runtime/lua/vim/lsp/_snippet_grammar.lua , size = 6.405 KB
[15:48:13.715][info] [#0:script\workspace\loading.lua:112]: ++++As library of:	file:///c%3A/Program%20Files/Neovim/share/nvim/runtime/lua
[15:48:13.715][info] [#0:script\workspace\loading.lua:100]: Preload file at: file:///c%3A/Program%20Files/Neovim/share/nvim/runtime/lua/vim/lsp/_tagfunc.lua , size = 3.334 KB
[15:48:13.716][info] [#0:script\workspace\loading.lua:112]: ++++As library of:	file:///c%3A/Program%20Files/Neovim/share/nvim/runtime/lua
[15:48:13.717][info] [#0:script\workspace\loading.lua:100]: Preload file at: file:///c%3A/Program%20Files/Neovim/share/nvim/runtime/lua/vim/lsp/_transport.lua , size = 5.330 KB
[15:48:13.719][info] [#0:script\workspace\loading.lua:112]: ++++As library of:	file:///c%3A/Program%20Files/Neovim/share/nvim/runtime/lua
[15:48:13.719][info] [#0:script\workspace\loading.lua:100]: Preload file at: file:///c%3A/Program%20Files/Neovim/share/nvim/runtime/lua/vim/lsp/_watchfiles.lua , size = 6.989 KB
[15:48:13.722][info] [#0:script\workspace\loading.lua:112]: ++++As library of:	file:///c%3A/Program%20Files/Neovim/share/nvim/runtime/lua
[15:48:13.722][info] [#0:script\workspace\loading.lua:100]: Preload file at: file:///c%3A/Program%20Files/Neovim/share/nvim/runtime/lua/vim/lsp.lua , size = 54.732 KB
[15:48:13.741][info] [#0:script\workspace\loading.lua:112]: ++++As library of:	file:///c%3A/Program%20Files/Neovim/share/nvim/runtime/lua
[15:48:13.741][info] [#0:script\workspace\loading.lua:100]: Preload file at: file:///c%3A/Program%20Files/Neovim/share/nvim/runtime/lua/vim/lsp/_meta/protocol.lua , size = 194.566 KB
[15:48:13.783][info] [#0:script\workspace\loading.lua:112]: ++++As library of:	file:///c%3A/Program%20Files/Neovim/share/nvim/runtime/lua
[15:48:13.783][info] [#0:script\workspace\loading.lua:100]: Preload file at: file:///c%3A/Program%20Files/Neovim/share/nvim/runtime/lua/vim/provider/perl.lua , size = 2.062 KB
[15:48:13.784][info] [#0:script\workspace\loading.lua:112]: ++++As library of:	file:///c%3A/Program%20Files/Neovim/share/nvim/runtime/lua
[15:48:13.784][info] [#0:script\workspace\loading.lua:100]: Preload file at: file:///c%3A/Program%20Files/Neovim/share/nvim/runtime/lua/vim/provider/health.lua , size = 30.393 KB
[15:48:13.794][info] [#0:script\workspace\loading.lua:112]: ++++As library of:	file:///c%3A/Program%20Files/Neovim/share/nvim/runtime/lua
[15:48:13.795][info] [#0:script\workspace\loading.lua:100]: Preload file at: file:///c%3A/Program%20Files/Neovim/share/nvim/runtime/lua/vim/provider/python.lua , size = 4.441 KB
[15:48:13.796][info] [#0:script\workspace\loading.lua:112]: ++++As library of:	file:///c%3A/Program%20Files/Neovim/share/nvim/runtime/lua
[15:48:13.796][info] [#0:script\workspace\loading.lua:100]: Preload file at: file:///c%3A/Program%20Files/Neovim/share/nvim/runtime/lua/vim/provider/ruby.lua , size = 1.623 KB
[15:48:13.798][info] [#0:script\workspace\loading.lua:112]: ++++As library of:	file:///c%3A/Program%20Files/Neovim/share/nvim/runtime/lua
[15:48:13.798][info] [#0:script\workspace\loading.lua:100]: Preload file at: file:///c%3A/Program%20Files/Neovim/share/nvim/runtime/lua/vim/provider.lua , size = 0.204 KB
[15:48:13.798][info] [#0:script\workspace\loading.lua:112]: ++++As library of:	file:///c%3A/Program%20Files/Neovim/share/nvim/runtime/lua
[15:48:13.798][info] [#0:script\workspace\loading.lua:100]: Preload file at: file:///c%3A/Program%20Files/Neovim/share/nvim/runtime/lua/vim/re.lua , size = 6.795 KB
[15:48:13.802][info] [#0:script\workspace\loading.lua:112]: ++++As library of:	file:///c%3A/Program%20Files/Neovim/share/nvim/runtime/lua
[15:48:13.802][info] [#0:script\workspace\loading.lua:100]: Preload file at: file:///c%3A/Program%20Files/Neovim/share/nvim/runtime/lua/vim/secure.lua , size = 6.715 KB
[15:48:13.805][info] [#0:script\workspace\loading.lua:112]: ++++As library of:	file:///c%3A/Program%20Files/Neovim/share/nvim/runtime/lua
[15:48:13.805][info] [#0:script\workspace\loading.lua:100]: Preload file at: file:///c%3A/Program%20Files/Neovim/share/nvim/runtime/lua/vim/snippet.lua , size = 20.454 KB
[15:48:13.814][info] [#0:script\workspace\loading.lua:112]: ++++As library of:	file:///c%3A/Program%20Files/Neovim/share/nvim/runtime/lua
[15:48:13.814][info] [#0:script\workspace\loading.lua:100]: Preload file at: file:///c%3A/Program%20Files/Neovim/share/nvim/runtime/lua/vim/termcap.lua , size = 3.044 KB
[15:48:13.815][info] [#0:script\workspace\loading.lua:112]: ++++As library of:	file:///c%3A/Program%20Files/Neovim/share/nvim/runtime/lua
[15:48:13.815][info] [#0:script\workspace\loading.lua:100]: Preload file at: file:///c%3A/Program%20Files/Neovim/share/nvim/runtime/lua/vim/shared.lua , size = 41.950 KB
[15:48:13.832][info] [#0:script\workspace\loading.lua:112]: ++++As library of:	file:///c%3A/Program%20Files/Neovim/share/nvim/runtime/lua
[15:48:13.832][info] [#0:script\workspace\loading.lua:100]: Preload file at: file:///c%3A/Program%20Files/Neovim/share/nvim/runtime/lua/vim/text.lua , size = 4.648 KB
[15:48:13.834][info] [#0:script\workspace\loading.lua:112]: ++++As library of:	file:///c%3A/Program%20Files/Neovim/share/nvim/runtime/lua
[15:48:13.834][info] [#0:script\workspace\loading.lua:100]: Preload file at: file:///c%3A/Program%20Files/Neovim/share/nvim/runtime/lua/vim/treesitter/health.lua , size = 2.121 KB
[15:48:13.835][info] [#0:script\workspace\loading.lua:112]: ++++As library of:	file:///c%3A/Program%20Files/Neovim/share/nvim/runtime/lua
[15:48:13.835][info] [#0:script\workspace\loading.lua:100]: Preload file at: file:///c%3A/Program%20Files/Neovim/share/nvim/runtime/lua/vim/treesitter/dev.lua , size = 21.842 KB
[15:48:13.845][info] [#0:script\workspace\loading.lua:112]: ++++As library of:	file:///c%3A/Program%20Files/Neovim/share/nvim/runtime/lua
[15:48:13.845][info] [#0:script\workspace\loading.lua:100]: Preload file at: file:///c%3A/Program%20Files/Neovim/share/nvim/runtime/lua/vim/treesitter/language.lua , size = 5.566 KB
[15:48:13.847][info] [#0:script\workspace\loading.lua:112]: ++++As library of:	file:///c%3A/Program%20Files/Neovim/share/nvim/runtime/lua
[15:48:13.847][info] [#0:script\workspace\loading.lua:100]: Preload file at: file:///c%3A/Program%20Files/Neovim/share/nvim/runtime/lua/vim/treesitter/highlighter.lua , size = 17.306 KB
[15:48:13.855][info] [#0:script\workspace\loading.lua:112]: ++++As library of:	file:///c%3A/Program%20Files/Neovim/share/nvim/runtime/lua
[15:48:13.855][info] [#0:script\workspace\loading.lua:100]: Preload file at: file:///c%3A/Program%20Files/Neovim/share/nvim/runtime/lua/vim/treesitter/languagetree.lua , size = 41.642 KB
[15:48:13.931][info] [#0:script\workspace\loading.lua:112]: ++++As library of:	file:///c%3A/Program%20Files/Neovim/share/nvim/runtime/lua
[15:48:13.932][info] [#0:script\workspace\loading.lua:100]: Preload file at: file:///c%3A/Program%20Files/Neovim/share/nvim/runtime/lua/vim/treesitter/query.lua , size = 38.887 KB
[15:48:13.946][info] [#0:script\workspace\loading.lua:112]: ++++As library of:	file:///c%3A/Program%20Files/Neovim/share/nvim/runtime/lua
[15:48:13.946][info] [#0:script\workspace\loading.lua:100]: Preload file at: file:///c%3A/Program%20Files/Neovim/share/nvim/runtime/lua/vim/treesitter/_headings.lua , size = 4.127 KB
[15:48:13.948][info] [#0:script\workspace\loading.lua:112]: ++++As library of:	file:///c%3A/Program%20Files/Neovim/share/nvim/runtime/lua
[15:48:13.948][info] [#0:script\workspace\loading.lua:100]: Preload file at: file:///c%3A/Program%20Files/Neovim/share/nvim/runtime/lua/vim/treesitter/_fold.lua , size = 15.234 KB
[15:48:13.953][info] [#0:script\workspace\loading.lua:112]: ++++As library of:	file:///c%3A/Program%20Files/Neovim/share/nvim/runtime/lua
[15:48:13.953][info] [#0:script\workspace\loading.lua:100]: Preload file at: file:///c%3A/Program%20Files/Neovim/share/nvim/runtime/lua/vim/treesitter/_meta/misc.lua , size = 2.896 KB
[15:48:13.955][info] [#0:script\workspace\loading.lua:112]: ++++As library of:	file:///c%3A/Program%20Files/Neovim/share/nvim/runtime/lua
[15:48:13.955][info] [#0:script\workspace\loading.lua:100]: Preload file at: file:///c%3A/Program%20Files/Neovim/share/nvim/runtime/lua/vim/treesitter/_meta/tsnode.lua , size = 6.028 KB
[15:48:13.957][info] [#0:script\workspace\loading.lua:112]: ++++As library of:	file:///c%3A/Program%20Files/Neovim/share/nvim/runtime/lua
[15:48:13.957][info] [#0:script\workspace\loading.lua:100]: Preload file at: file:///c%3A/Program%20Files/Neovim/share/nvim/runtime/lua/vim/treesitter/_meta/tsquery.lua , size = 1.904 KB
[15:48:13.957][info] [#0:script\workspace\loading.lua:112]: ++++As library of:	file:///c%3A/Program%20Files/Neovim/share/nvim/runtime/lua
[15:48:13.957][info] [#0:script\workspace\loading.lua:100]: Preload file at: file:///c%3A/Program%20Files/Neovim/share/nvim/runtime/lua/vim/treesitter/_meta/tstree.lua , size = 1.296 KB
[15:48:13.958][info] [#0:script\workspace\loading.lua:112]: ++++As library of:	file:///c%3A/Program%20Files/Neovim/share/nvim/runtime/lua
[15:48:13.958][info] [#0:script\workspace\loading.lua:100]: Preload file at: file:///c%3A/Program%20Files/Neovim/share/nvim/runtime/lua/vim/treesitter/_query_linter.lua , size = 8.070 KB
[15:48:13.962][info] [#0:script\workspace\loading.lua:112]: ++++As library of:	file:///c%3A/Program%20Files/Neovim/share/nvim/runtime/lua
[15:48:13.962][info] [#0:script\workspace\loading.lua:100]: Preload file at: file:///c%3A/Program%20Files/Neovim/share/nvim/runtime/lua/vim/treesitter/_range.lua , size = 4.115 KB
[15:48:13.964][info] [#0:script\workspace\loading.lua:112]: ++++As library of:	file:///c%3A/Program%20Files/Neovim/share/nvim/runtime/lua
[15:48:13.964][info] [#0:script\workspace\loading.lua:100]: Preload file at: file:///c%3A/Program%20Files/Neovim/share/nvim/runtime/lua/vim/ui/clipboard/osc52.lua , size = 2.221 KB
[15:48:13.966][info] [#0:script\workspace\loading.lua:112]: ++++As library of:	file:///c%3A/Program%20Files/Neovim/share/nvim/runtime/lua
[15:48:13.966][info] [#0:script\workspace\loading.lua:100]: Preload file at: file:///c%3A/Program%20Files/Neovim/share/nvim/runtime/lua/vim/treesitter.lua , size = 15.714 KB
[15:48:13.971][info] [#0:script\workspace\loading.lua:112]: ++++As library of:	file:///c%3A/Program%20Files/Neovim/share/nvim/runtime/lua
[15:48:13.972][info] [#0:script\workspace\loading.lua:100]: Preload file at: file:///c%3A/Program%20Files/Neovim/share/nvim/runtime/lua/vim/ui.lua , size = 7.915 KB
[15:48:13.975][info] [#0:script\workspace\loading.lua:112]: ++++As library of:	file:///c%3A/Program%20Files/Neovim/share/nvim/runtime/lua
[15:48:13.975][info] [#0:script\workspace\loading.lua:100]: Preload file at: file:///c%3A/Program%20Files/Neovim/share/nvim/runtime/lua/vim/uri.lua , size = 3.741 KB
[15:48:13.976][info] [#0:script\workspace\loading.lua:112]: ++++As library of:	file:///c%3A/Program%20Files/Neovim/share/nvim/runtime/lua
[15:48:13.977][info] [#0:script\workspace\loading.lua:100]: Preload file at: file:///c%3A/Program%20Files/Neovim/share/nvim/runtime/lua/vim/version.lua , size = 14.084 KB
[15:48:13.982][info] [#0:script\workspace\loading.lua:112]: ++++As library of:	file:///c%3A/Program%20Files/Neovim/share/nvim/runtime/lua
[15:48:13.982][info] [#0:script\workspace\loading.lua:100]: Preload file at: file:///c%3A/Program%20Files/Neovim/share/nvim/runtime/lua/vim/_buf.lua , size = 0.786 KB
[15:48:13.983][info] [#0:script\workspace\loading.lua:112]: ++++As library of:	file:///c%3A/Program%20Files/Neovim/share/nvim/runtime/lua
[15:48:13.983][info] [#0:script\workspace\loading.lua:100]: Preload file at: file:///c%3A/Program%20Files/Neovim/share/nvim/runtime/lua/vim/_comment.lua , size = 9.230 KB
[15:48:13.986][info] [#0:script\workspace\loading.lua:112]: ++++As library of:	file:///c%3A/Program%20Files/Neovim/share/nvim/runtime/lua
[15:48:13.986][info] [#0:script\workspace\loading.lua:100]: Preload file at: file:///c%3A/Program%20Files/Neovim/share/nvim/runtime/lua/vim/_defaults.lua , size = 33.329 KB
[15:48:13.998][info] [#0:script\workspace\loading.lua:112]: ++++As library of:	file:///c%3A/Program%20Files/Neovim/share/nvim/runtime/lua
[15:48:13.998][info] [#0:script\workspace\loading.lua:100]: Preload file at: file:///c%3A/Program%20Files/Neovim/share/nvim/runtime/lua/vim/_ftplugin/lua.lua , size = 0.562 KB
[15:48:13.999][info] [#0:script\workspace\loading.lua:112]: ++++As library of:	file:///c%3A/Program%20Files/Neovim/share/nvim/runtime/lua
[15:48:13.999][info] [#0:script\workspace\loading.lua:100]: Preload file at: file:///c%3A/Program%20Files/Neovim/share/nvim/runtime/lua/vim/_init_packages.lua , size = 3.120 KB
[15:48:14.000][info] [#0:script\workspace\loading.lua:112]: ++++As library of:	file:///c%3A/Program%20Files/Neovim/share/nvim/runtime/lua
[15:48:14.000][info] [#0:script\workspace\loading.lua:100]: Preload file at: file:///c%3A/Program%20Files/Neovim/share/nvim/runtime/lua/vim/_editor.lua , size = 45.904 KB
[15:48:14.017][info] [#0:script\workspace\loading.lua:112]: ++++As library of:	file:///c%3A/Program%20Files/Neovim/share/nvim/runtime/lua
[15:48:14.017][info] [#0:script\workspace\loading.lua:100]: Preload file at: file:///c%3A/Program%20Files/Neovim/share/nvim/runtime/lua/vim/_inspector.lua , size = 8.143 KB
[15:48:14.020][info] [#0:script\workspace\loading.lua:112]: ++++As library of:	file:///c%3A/Program%20Files/Neovim/share/nvim/runtime/lua
[15:48:14.020][info] [#0:script\workspace\loading.lua:100]: Preload file at: file:///c%3A/Program%20Files/Neovim/share/nvim/runtime/lua/vim/_meta/api_keysets.lua , size = 10.284 KB
[15:48:14.024][info] [#0:script\workspace\loading.lua:112]: ++++As library of:	file:///c%3A/Program%20Files/Neovim/share/nvim/runtime/lua
[15:48:14.024][info] [#0:script\workspace\loading.lua:100]: Preload file at: file:///c%3A/Program%20Files/Neovim/share/nvim/runtime/lua/vim/_meta/api_keysets_extra.lua , size = 7.199 KB
[15:48:14.027][info] [#0:script\workspace\loading.lua:112]: ++++As library of:	file:///c%3A/Program%20Files/Neovim/share/nvim/runtime/lua
[15:48:14.027][info] [#0:script\workspace\loading.lua:100]: Preload file at: file:///c%3A/Program%20Files/Neovim/share/nvim/runtime/lua/vim/_meta/base64.lua , size = 0.319 KB
[15:48:14.027][info] [#0:script\workspace\loading.lua:112]: ++++As library of:	file:///c%3A/Program%20Files/Neovim/share/nvim/runtime/lua
[15:48:14.027][info] [#0:script\workspace\loading.lua:100]: Preload file at: file:///c%3A/Program%20Files/Neovim/share/nvim/runtime/lua/vim/_meta/builtin.lua , size = 10.648 KB
[15:48:14.029][info] [#0:script\workspace\loading.lua:112]: ++++As library of:	file:///c%3A/Program%20Files/Neovim/share/nvim/runtime/lua
[15:48:14.029][info] [#0:script\workspace\loading.lua:100]: Preload file at: file:///c%3A/Program%20Files/Neovim/share/nvim/runtime/lua/vim/_meta/builtin_types.lua , size = 8.610 KB
[15:48:14.032][info] [#0:script\workspace\loading.lua:112]: ++++As library of:	file:///c%3A/Program%20Files/Neovim/share/nvim/runtime/lua
[15:48:14.032][info] [#0:script\workspace\loading.lua:100]: Preload file at: file:///c%3A/Program%20Files/Neovim/share/nvim/runtime/lua/vim/_meta/diff.lua , size = 2.562 KB
[15:48:14.033][info] [#0:script\workspace\loading.lua:112]: ++++As library of:	file:///c%3A/Program%20Files/Neovim/share/nvim/runtime/lua
[15:48:14.033][info] [#0:script\workspace\loading.lua:100]: Preload file at: file:///c%3A/Program%20Files/Neovim/share/nvim/runtime/lua/vim/_meta/json.lua , size = 1.578 KB
[15:48:14.034][info] [#0:script\workspace\loading.lua:112]: ++++As library of:	file:///c%3A/Program%20Files/Neovim/share/nvim/runtime/lua
[15:48:14.034][info] [#0:script\workspace\loading.lua:100]: Preload file at: file:///c%3A/Program%20Files/Neovim/share/nvim/runtime/lua/vim/_meta/api.lua , size = 108.521 KB
[15:48:14.060][info] [#0:script\workspace\loading.lua:112]: ++++As library of:	file:///c%3A/Program%20Files/Neovim/share/nvim/runtime/lua
[15:48:14.067][info] [#0:script\workspace\loading.lua:100]: Preload file at: file:///c%3A/Program%20Files/Neovim/share/nvim/runtime/lua/vim/_meta/lpeg.lua , size = 15.691 KB
[15:48:14.071][info] [#0:script\workspace\loading.lua:112]: ++++As library of:	file:///c%3A/Program%20Files/Neovim/share/nvim/runtime/lua
[15:48:14.071][info] [#0:script\workspace\loading.lua:100]: Preload file at: file:///c%3A/Program%20Files/Neovim/share/nvim/runtime/lua/vim/_meta/misc.lua , size = 0.307 KB
[15:48:14.071][info] [#0:script\workspace\loading.lua:112]: ++++As library of:	file:///c%3A/Program%20Files/Neovim/share/nvim/runtime/lua
[15:48:14.071][info] [#0:script\workspace\loading.lua:100]: Preload file at: file:///c%3A/Program%20Files/Neovim/share/nvim/runtime/lua/vim/_meta/mpack.lua , size = 0.495 KB
[15:48:14.072][info] [#0:script\workspace\loading.lua:112]: ++++As library of:	file:///c%3A/Program%20Files/Neovim/share/nvim/runtime/lua
[15:48:14.072][info] [#0:script\workspace\loading.lua:100]: Preload file at: file:///c%3A/Program%20Files/Neovim/share/nvim/runtime/lua/vim/_meta/options.lua , size = 332.634 KB
[15:48:14.140][info] [#0:script\workspace\loading.lua:112]: ++++As library of:	file:///c%3A/Program%20Files/Neovim/share/nvim/runtime/lua
[15:48:14.140][info] [#0:script\workspace\loading.lua:88]: Skip loaded file: file:///c%3A/Users/ldp/Dp1/lazy/nvim/leader/leader_g/plugin/leader_g.lua
[15:48:14.140][info] [#0:script\workspace\loading.lua:100]: Preload file at: file:///c%3A/Program%20Files/Neovim/share/nvim/runtime/lua/vim/_meta/regex.lua , size = 1.616 KB
[15:48:14.141][info] [#0:script\workspace\loading.lua:112]: ++++As library of:	file:///c%3A/Program%20Files/Neovim/share/nvim/runtime/lua
[15:48:14.141][info] [#0:script\workspace\loading.lua:100]: Preload file at: file:///c%3A/Program%20Files/Neovim/share/nvim/runtime/lua/vim/_meta/re.lua , size = 2.270 KB
[15:48:14.142][info] [#0:script\workspace\loading.lua:112]: ++++As library of:	file:///c%3A/Program%20Files/Neovim/share/nvim/runtime/lua
[15:48:14.142][info] [#0:script\workspace\loading.lua:100]: Preload file at: file:///c%3A/Program%20Files/Neovim/share/nvim/runtime/lua/vim/_meta/spell.lua , size = 0.960 KB
[15:48:14.142][info] [#0:script\workspace\loading.lua:112]: ++++As library of:	file:///c%3A/Program%20Files/Neovim/share/nvim/runtime/lua
[15:48:14.142][info] [#0:script\workspace\loading.lua:100]: Preload file at: file:///c%3A/Program%20Files/Neovim/share/nvim/runtime/lua/vim/_meta/vvars.lua , size = 26.993 KB
[15:48:14.148][info] [#0:script\workspace\loading.lua:112]: ++++As library of:	file:///c%3A/Program%20Files/Neovim/share/nvim/runtime/lua
[15:48:14.148][info] [#0:script\workspace\loading.lua:100]: Preload file at: file:///c%3A/Program%20Files/Neovim/share/nvim/runtime/lua/vim/_meta/vvars_extra.lua , size = 4.133 KB
[15:48:14.149][info] [#0:script\workspace\loading.lua:112]: ++++As library of:	file:///c%3A/Program%20Files/Neovim/share/nvim/runtime/lua
[15:48:14.149][info] [#0:script\workspace\loading.lua:100]: Preload file at: file:///c%3A/Program%20Files/Neovim/share/nvim/runtime/lua/vim/_meta.lua , size = 1.039 KB
[15:48:14.150][info] [#0:script\workspace\loading.lua:112]: ++++As library of:	file:///c%3A/Program%20Files/Neovim/share/nvim/runtime/lua
[15:48:14.150][info] [#0:script\workspace\loading.lua:100]: Preload file at: file:///c%3A/Program%20Files/Neovim/share/nvim/runtime/lua/vim/_options.lua , size = 26.418 KB
[15:48:14.159][info] [#0:script\workspace\loading.lua:112]: ++++As library of:	file:///c%3A/Program%20Files/Neovim/share/nvim/runtime/lua
[15:48:14.159][info] [#0:script\workspace\loading.lua:100]: Preload file at: file:///c%3A/Program%20Files/Neovim/share/nvim/runtime/lua/vim/_system.lua , size = 10.250 KB
[15:48:14.164][info] [#0:script\workspace\loading.lua:112]: ++++As library of:	file:///c%3A/Program%20Files/Neovim/share/nvim/runtime/lua
[15:48:14.164][info] [#0:script\workspace\loading.lua:100]: Preload file at: file:///c%3A/Program%20Files/Neovim/share/nvim/runtime/lua/vim/_watch.lua , size = 10.043 KB
[15:48:14.167][info] [#0:script\workspace\loading.lua:112]: ++++As library of:	file:///c%3A/Program%20Files/Neovim/share/nvim/runtime/lua
[15:48:14.167][info] [#0:script\workspace\loading.lua:100]: Preload file at: file:///c%3A/Program%20Files/Neovim/share/nvim/runtime/lua/_vim9script.lua , size = 16.058 KB
[15:48:14.173][info] [#0:script\workspace\loading.lua:112]: ++++As library of:	file:///c%3A/Program%20Files/Neovim/share/nvim/runtime/lua
[15:48:14.173][info] [#0:script\workspace\loading.lua:100]: Preload file at: file:///c%3A/Users/ldp/Dp1/Mason/packages/lua-language-server/meta/LuaJIT%20en-us%20utf8/io.lua , size = 6.364 KB
[15:48:14.175][info] [#0:script\workspace\loading.lua:112]: ++++As library of:	file:///c%3A/Users/ldp/Dp1/Mason/packages/lua-language-server/meta/LuaJIT%20en-us%20utf8/io.lua
[15:48:14.175][info] [#0:script\workspace\loading.lua:100]: Preload file at: file:///c%3A/Users/ldp/Dp1/Mason/packages/lua-language-server/meta/LuaJIT%20en-us%20utf8/jit/util.lua , size = 1.984 KB
[15:48:14.176][info] [#0:script\workspace\loading.lua:112]: ++++As library of:	file:///c%3A/Users/ldp/Dp1/Mason/packages/lua-language-server/meta/LuaJIT%20en-us%20utf8/jit/util.lua
[15:48:14.176][info] [#0:script\workspace\loading.lua:100]: Preload file at: file:///c%3A/Users/ldp/Dp1/Mason/packages/lua-language-server/meta/LuaJIT%20en-us%20utf8/string/buffer.lua , size = 18.123 KB
[15:48:14.179][info] [#0:script\workspace\loading.lua:112]: ++++As library of:	file:///c%3A/Users/ldp/Dp1/Mason/packages/lua-language-server/meta/LuaJIT%20en-us%20utf8/string/buffer.lua
[15:48:14.179][info] [#0:script\workspace\loading.lua:100]: Preload file at: file:///c%3A/Program%20Files/Neovim/share/nvim/runtime/lua/vim/_meta/vimfn.lua , size = 419.597 KB
[15:48:14.335][warn] [#0:script\files.lua:556]: Parse LuaDoc of [file:///c%3A/Program%20Files/Neovim/share/nvim/runtime/lua/vim/_meta/vimfn.lua] takes [0.125] sec, size [429.667] kb.
[15:48:14.350][info] [#0:script\workspace\loading.lua:112]: ++++As library of:	file:///c%3A/Program%20Files/Neovim/share/nvim/runtime/lua
[15:48:14.350][info] [#0:script\workspace\loading.lua:172]: Loaded files takes [1.377] sec: file:///c%3A/Users/ldp/Dp1/lazy/nvim/leader/leader_g
[15:48:14.350][info] [#0:script\workspace\loading.lua:181]: Compile files takes [0.000] sec: file:///c%3A/Users/ldp/Dp1/lazy/nvim/leader/leader_g
[15:48:14.350][info] [#0:script\workspace\loading.lua:182]: Loaded finish:	file:///c%3A/Users/ldp/Dp1/lazy/nvim/leader/leader_g
[15:48:14.350][info] [#0:script\workspace\workspace.lua:387]: Preload finish at:	file:///c%3A/Users/ldp/Dp1/lazy/nvim/leader/leader_g
[15:48:14.382][info] [#0:script\provider\diagnostic.lua:560]: Diagnostics scope [file:///c%3A/Users/ldp/Dp1/lazy/nvim/leader/leader_g], files count:[210]
[15:48:14.387][warn] [#0:script\proto\proto.lua:189]: Method [textDocument/didOpen] takes [1.802]sec. {
  jsonrpc = "2.0",
  method = "textDocument/didOpen",
  params = {
    textDocument = {
      languageId = "lua",
      text = '"***"',
      uri = "file:///C:/Users/ldp/Dp1/lazy/nvim/leader/leader_g/plugin/leader_g.lua",
      version = 0
    }
  }
}
[15:48:14.387][warn] [#0:script\proto\proto.lua:189]: Method [textDocument/documentHighlight] takes [1.547]sec. {
  id = 7,
  jsonrpc = "2.0",
  method = "textDocument/documentHighlight",
  params = {
    position = {
      character = 1,
      line = 0
    },
    textDocument = {
      uri = "file:///C:/Users/ldp/Dp1/lazy/nvim/leader/leader_g/plugin/leader_g.lua"
    }
  }
}
[15:48:14.408][warn] [#0:script\proto\proto.lua:189]: Method [textDocument/semanticTokens/full] takes [1.567]sec. {
  id = 9,
  jsonrpc = "2.0",
  method = "textDocument/semanticTokens/full",
  params = {
    textDocument = {
      uri = "file:///C:/Users/ldp/Dp1/lazy/nvim/leader/leader_g/plugin/leader_g.lua"
    }
  }
}
[15:48:14.446][info] [#0:script\provider\diagnostic.lua:577]: Diagnostics scope [file:///c%3A/Users/ldp/Dp1/lazy/nvim/leader/leader_g] finished, takes [0.065] sec.
[15:53:50.002][info] [#0:script\provider\provider.lua:176]: Server shutdown.
[15:53:50.116][warn] [#0:script\pub\report.lua:24]: Load proto error:	Disconnected!
