[13:03:19.108][info] [#0:C:/Users/ldp/Dp1/Mason/packages/lua-language-server\main.lua:68]: Lua Lsp startup, root: 	C:/Users/ldp/Dp1/Mason/packages/lua-language-server
[13:03:19.109][info] [#0:C:/Users/ldp/Dp1/Mason/packages/lua-language-server\main.lua:69]: ROOT:	C:/Users/ldp/Dp1/Mason/packages/lua-language-server
[13:03:19.109][info] [#0:C:/Users/ldp/Dp1/Mason/packages/lua-language-server\main.lua:70]: LOGPATH:	C:/Users/ldp/Dp1/Mason/packages/lua-language-server/log
[13:03:19.109][info] [#0:C:/Users/ldp/Dp1/Mason/packages/lua-language-server\main.lua:71]: METAPATH:	C:/Users/ldp/Dp1/Mason/packages/lua-language-server/meta
[13:03:19.139][info] [#0:C:/Users/ldp/Dp1/Mason/packages/lua-language-server\main.lua:72]: VERSION:	3.15.0
[13:03:21.386][info] [#0:script\proto\proto.lua:260]: Listen Mode: stdio
[13:03:21.386][info] [#0:script\service\service.lua:145]: 
========= Medical Examination Report =========
    --------------- Memory ---------------
        Total: 2.264 MB
        # 00 : 2.263 MB
        # 01 : 0.000 MB
        # 02 : 0.000 MB
        # 03 : 0.000 MB
        # 04 : 0.000 MB
    --------------- Coroutine ---------------
        Total:     0
        Running:   0
        Suspended: 0
        Normal:    0
        Dead:      0
    --------------- Cache ---------------
        Total: 1
        Dead:  0
    ---------------  RPC  ---------------
        Holdon:   0
        Waiting:  0
==============================================
[13:03:21.846][info] [#0:script\client.lua:657]: Client init	{
  capabilities = {
    general = {
      positionEncodings = { "utf-8", "utf-16", "utf-32" }
    },
    textDocument = {
      callHierarchy = {
        dynamicRegistration = false
      },
      codeAction = {
        codeActionLiteralSupport = {
          codeActionKind = {
            valueSet = { "", "quickfix", "refactor", "refactor.extract", "refactor.inline", "refactor.rewrite", "source", "source.organizeImports" }
          }
        },
        dataSupport = true,
        dynamicRegistration = true,
        isPreferredSupport = true,
        resolveSupport = {
          properties = { "edit", "command" }
        }
      },
      codeLens = {
        dynamicRegistration = false,
        resolveSupport = {
          properties = { "command" }
        }
      },
      completion = {
        completionItem = {
          commitCharactersSupport = false,
          deprecatedSupport = true,
          documentationFormat = { "markdown", "plaintext" },
          insertReplaceSupport = true,
          insertTextModeSupport = {
            valueSet = { 1 }
          },
          labelDetailsSupport = true,
          preselectSupport = false,
          resolveSupport = {
            properties = { "documentation", "detail", "additionalTextEdits", "command", "data" }
          },
          snippetSupport = true,
          tagSupport = {
            valueSet = { 1 }
          }
        },
        completionItemKind = {
          valueSet = { 1, 2, 3, 4, 5, 6, 7, 8, 9, 10, 11, 12, 13, 14, 15, 16, 17, 18, 19, 20, 21, 22, 23, 24, 25 }
        },
        completionList = {
          itemDefaults = { "commitCharacters", "editRange", "insertTextFormat", "insertTextMode", "data" }
        },
        contextSupport = true,
        dynamicRegistration = false,
        insertTextMode = 1
      },
      declaration = {
        linkSupport = true
      },
      definition = {
        dynamicRegistration = true,
        linkSupport = true
      },
      diagnostic = {
        dynamicRegistration = false,
        tagSupport = {
          valueSet = { 1, 2 }
        }
      },
      documentHighlight = {
        dynamicRegistration = false
      },
      documentSymbol = {
        dynamicRegistration = false,
        hierarchicalDocumentSymbolSupport = true,
        symbolKind = {
          valueSet = { 1, 2, 3, 4, 5, 6, 7, 8, 9, 10, 11, 12, 13, 14, 15, 16, 17, 18, 19, 20, 21, 22, 23, 24, 25, 26 }
        }
      },
      foldingRange = {
        dynamicRegistration = false,
        foldingRange = {
          collapsedText = true
        },
        foldingRangeKind = {
          valueSet = { "comment", "imports", "region" }
        },
        lineFoldingOnly = true
      },
      formatting = {
        dynamicRegistration = true
      },
      hover = {
        contentFormat = { "markdown", "plaintext" },
        dynamicRegistration = true
      },
      implementation = {
        linkSupport = true
      },
      inlayHint = {
        dynamicRegistration = true,
        resolveSupport = {
          properties = { "textEdits", "tooltip", "location", "command" }
        }
      },
      publishDiagnostics = {
        dataSupport = true,
        relatedInformation = true,
        tagSupport = {
          valueSet = { 1, 2 }
        }
      },
      rangeFormatting = {
        dynamicRegistration = true,
        rangesSupport = true
      },
      references = {
        dynamicRegistration = false
      },
      rename = {
        dynamicRegistration = true,
        prepareSupport = true
      },
      semanticTokens = {
        augmentsSyntaxTokens = true,
        dynamicRegistration = false,
        formats = { "relative" },
        multilineTokenSupport = false,
        overlappingTokenSupport = true,
        requests = {
          full = {
            delta = true
          },
          range = false
        },
        serverCancelSupport = false,
        tokenModifiers = { "declaration", "definition", "readonly", "static", "deprecated", "abstract", "async", "modification", "documentation", "defaultLibrary" },
        tokenTypes = { "namespace", "type", "class", "enum", "interface", "struct", "typeParameter", "parameter", "variable", "property", "enumMember", "event", "function", "method", "macro", "keyword", "modifier", "comment", "string", "number", "regexp", "operator", "decorator" }
      },
      signatureHelp = {
        dynamicRegistration = false,
        signatureInformation = {
          activeParameterSupport = true,
          documentationFormat = { "markdown", "plaintext" },
          parameterInformation = {
            labelOffsetSupport = true
          }
        }
      },
      synchronization = {
        didSave = true,
        dynamicRegistration = false,
        willSave = true,
        willSaveWaitUntil = true
      },
      typeDefinition = {
        linkSupport = true
      }
    },
    window = {
      showDocument = {
        support = true
      },
      showMessage = {
        messageActionItem = {
          additionalPropertiesSupport = true
        }
      },
      workDoneProgress = true
    },
    workspace = {
      applyEdit = true,
      configuration = true,
      didChangeConfiguration = {
        dynamicRegistration = false
      },
      didChangeWatchedFiles = {
        dynamicRegistration = true,
        relativePatternSupport = true
      },
      inlayHint = {
        refreshSupport = true
      },
      semanticTokens = {
        refreshSupport = true
      },
      symbol = {
        dynamicRegistration = false,
        symbolKind = {
          valueSet = { 1, 2, 3, 4, 5, 6, 7, 8, 9, 10, 11, 12, 13, 14, 15, 16, 17, 18, 19, 20, 21, 22, 23, 24, 25, 26 }
        }
      },
      workspaceEdit = {
        resourceOperations = { "rename", "create", "delete" }
      },
      workspaceFolders = true
    }
  },
  clientInfo = {
    name = "Neovim",
    version = "0.11.4+gcec0ecabd8"
  },
  processId = 14520,
  rootPath = "C:\\Users\\ldp\\Dp1\\lazy\\nvim\\leader\\leader_p",
  rootUri = "file:///C:/Users/ldp/Dp1/lazy/nvim/leader/leader_p",
  trace = "off",
  workDoneToken = "1",
  workspaceFolders = { {
      name = "C:/Users/ldp/Dp1/lazy/nvim/leader/leader_p",
      uri = "file:///C:/Users/ldp/Dp1/lazy/nvim/leader/leader_p"
    } }
}
[13:03:21.847][info] [#0:script\language.lua:137]: VSC language: nil
[13:03:21.847][info] [#0:script\language.lua:138]: LS  language: en-us
[13:03:21.847][info] [#0:script\workspace\workspace.lua:38]: Workspace init root: 	file:///C:/Users/ldp/Dp1/lazy/nvim/leader/leader_p
[13:03:21.847][info] [#0:script\workspace\workspace.lua:42]: Log path: 	C:/Users/ldp/Dp1/Mason/packages/lua-language-server/log/file_C_Users_ldp_Dp1_lazy_nvim_leader_leader_p.log
[13:03:21.904][info] [#0:script\workspace\workspace.lua:48]: Workspace create: 	file:///c%3A/Users/ldp/Dp1/lazy/nvim/leader/leader_p
[13:03:22.157][info] [#0:script\provider\provider.lua:49]: Load config from client	file:///c%3A/Users/ldp/Dp1/lazy/nvim/leader/leader_p
[13:03:22.157][info] [#0:script\provider\provider.lua:50]: {
  Lua = {
    completion = {
      callSnippet = "Replace"
    },
    runtime = {
      path = { "?.lua", "?/init.lua" },
      pathStrict = true,
      version = "LuaJIT"
    },
    workspace = {
      checkThirdParty = false,
      ignoreDir = { "/lua" },
      library = { "c:/Program Files/Neovim/share/nvim/runtime/lua", "c:/Users/ldp/Dp1/lazy/nvim1/lua", "c:/Users/ldp/Dp1/lazy/plugins/which-key.nvim/lua" }
    }
  }
}
[13:03:22.157][info] [#0:script\provider\provider.lua:49]: Load config from client	file:///c%3A/Users/ldp/Dp1/lazy/nvim/leader/leader_p
[13:03:22.157][info] [#0:script\provider\provider.lua:50]: {
  Lua = {
    completion = {
      callSnippet = "Replace"
    },
    runtime = {
      path = { "?.lua", "?/init.lua" },
      pathStrict = true,
      version = "LuaJIT"
    },
    workspace = {
      checkThirdParty = false,
      ignoreDir = { "/lua" },
      library = { "c:/Program Files/Neovim/share/nvim/runtime/lua", "c:/Users/ldp/Dp1/lazy/nvim1/lua", "c:/Users/ldp/Dp1/lazy/plugins/which-key.nvim/lua" }
    }
  }
}
[13:03:22.157][warn] [#0:script\config\loader.lua:116]: No config?	{}
[13:03:22.158][info] [#0:script\provider\provider.lua:65]: Load config from client	fallback
[13:03:22.158][info] [#0:script\provider\provider.lua:66]: nil
[13:03:22.158][warn] [#0:script\config\loader.lua:116]: No config?	{}
[13:03:22.158][info] [#0:script\provider\provider.lua:65]: Load config from client	fallback
[13:03:22.158][info] [#0:script\provider\provider.lua:66]: nil
[13:03:22.548][info] [#0:script\library.lua:212]: Init builtin library at:	file:///c%3A/Users/ldp/Dp1/lazy/nvim/leader/leader_p
[13:03:23.814][info] [#0:script\library.lua:212]: Init builtin library at:	nil
[13:03:24.340][info] [#0:script\provider\provider.lua:49]: Load config from client	file:///c%3A/Users/ldp/Dp1/lazy/nvim/leader/leader_p
[13:03:24.340][info] [#0:script\provider\provider.lua:50]: {
  Lua = {
    completion = {
      callSnippet = "Replace"
    },
    runtime = {
      path = { "?.lua", "?/init.lua" },
      pathStrict = true,
      version = "LuaJIT"
    },
    workspace = {
      checkThirdParty = false,
      ignoreDir = { "/lua" },
      library = { "c:/Program Files/Neovim/share/nvim/runtime/lua", "c:/Users/ldp/Dp1/lazy/nvim1/lua", "c:/Users/ldp/Dp1/lazy/plugins/which-key.nvim/lua" }
    }
  }
}
[13:03:24.442][warn] [#0:script\proto\proto.lua:189]: Method [textDocument/semanticTokens/full] takes [2.285]sec. {
  _closeMessage = "Request cancelled.",
  _closeReason = -32800,
  id = 2,
  jsonrpc = "2.0",
  method = "textDocument/semanticTokens/full",
  params = {
    textDocument = {
      uri = "file:///C:/Users/ldp/Dp1/lazy/nvim/leader/leader_p/plugin/leader_p.lua"
    }
  }
}
[13:03:24.443][info] [#0:script\workspace\workspace.lua:330]: Preload start:	file:///c%3A/Users/ldp/Dp1/lazy/nvim/leader/leader_p
[13:03:24.450][info] [#0:script\workspace\workspace.lua:336]: Scan files at:	file:///c%3A/Users/ldp/Dp1/lazy/nvim/leader/leader_p
[13:03:24.451][info] [#0:script\workspace\workspace.lua:330]: Preload start:	<fallback>
[13:03:24.452][info] [#0:script\workspace\workspace.lua:359]: Scan library at:	file:///c%3A/Users/ldp/Dp1/Mason/packages/lua-language-server/meta/Lua%205.4%20en-us%20utf8/table.lua
[13:03:24.452][warn] [#0:script\config\loader.lua:116]: No config?	{}
[13:03:24.452][info] [#0:script\provider\provider.lua:65]: Load config from client	fallback
[13:03:24.452][info] [#0:script\provider\provider.lua:66]: nil
[13:03:24.452][info] [#0:script\workspace\workspace.lua:359]: Scan library at:	file:///c%3A/Users/ldp/Dp1/Mason/packages/lua-language-server/meta/LuaJIT%20en-us%20utf8/string/buffer.lua
[13:03:24.452][info] [#0:script\workspace\workspace.lua:359]: Scan library at:	file:///c%3A/Users/ldp/Dp1/Mason/packages/lua-language-server/meta/Lua%205.4%20en-us%20utf8/coroutine.lua
[13:03:24.453][warn] [#0:script\proto\proto.lua:189]: Method [workspace/didChangeConfiguration] takes [2.295]sec. {
  jsonrpc = "2.0",
  method = "workspace/didChangeConfiguration",
  params = {
    settings = {
      Lua = {}
    }
  }
}
[13:03:24.453][info] [#0:script\workspace\workspace.lua:359]: Scan library at:	file:///c%3A/Users/ldp/Dp1/Mason/packages/lua-language-server/meta/LuaJIT%20en-us%20utf8/jit/util.lua
[13:03:24.453][info] [#0:script\workspace\workspace.lua:359]: Scan library at:	file:///c%3A/Users/ldp/Dp1/Mason/packages/lua-language-server/meta/Lua%205.4%20en-us%20utf8/builtin.lua
[13:03:24.453][info] [#0:script\workspace\workspace.lua:359]: Scan library at:	file:///c%3A/Users/ldp/Dp1/Mason/packages/lua-language-server/meta/LuaJIT%20en-us%20utf8/io.lua
[13:03:24.453][info] [#0:script\workspace\workspace.lua:359]: Scan library at:	file:///c%3A/Users/ldp/Dp1/Mason/packages/lua-language-server/meta/Lua%205.4%20en-us%20utf8/os.lua
[13:03:24.453][info] [#0:script\workspace\workspace.lua:359]: Scan library at:	file:///c%3A/Program%20Files/Neovim/share/nvim/runtime/lua
[13:03:24.453][info] [#0:script\workspace\workspace.lua:359]: Scan library at:	file:///c%3A/Users/ldp/Dp1/Mason/packages/lua-language-server/meta/Lua%205.4%20en-us%20utf8/utf8.lua
[13:03:24.454][info] [#0:script\workspace\workspace.lua:359]: Scan library at:	file:///c%3A/Users/ldp/Dp1/Mason/packages/lua-language-server/meta/Lua%205.4%20en-us%20utf8/debug.lua
[13:03:24.454][info] [#0:script\workspace\workspace.lua:359]: Scan library at:	file:///c%3A/Users/ldp/Dp1/Mason/packages/lua-language-server/meta/Lua%205.4%20en-us%20utf8/math.lua
[13:03:24.454][info] [#0:script\workspace\workspace.lua:359]: Scan library at:	file:///c%3A/Users/ldp/Dp1/Mason/packages/lua-language-server/meta/Lua%205.4%20en-us%20utf8/basic.lua
[13:03:24.455][info] [#0:script\workspace\workspace.lua:359]: Scan library at:	file:///c%3A/Users/ldp/Dp1/Mason/packages/lua-language-server/meta/Lua%205.4%20en-us%20utf8/io.lua
[13:03:24.455][info] [#0:script\workspace\workspace.lua:359]: Scan library at:	file:///c%3A/Users/ldp/Dp1/Mason/packages/lua-language-server/meta/Lua%205.4%20en-us%20utf8/string.lua
[13:03:24.455][info] [#0:script\workspace\workspace.lua:359]: Scan library at:	file:///c%3A/Users/ldp/Dp1/Mason/packages/lua-language-server/meta/Lua%205.4%20en-us%20utf8/package.lua
[13:03:24.464][info] [#0:script\workspace\workspace.lua:359]: Scan library at:	file:///c%3A/Users/ldp/Dp1/Mason/packages/lua-language-server/meta/LuaJIT%20en-us%20utf8/ffi.lua
[13:03:24.464][info] [#0:script\workspace\workspace.lua:359]: Scan library at:	file:///c%3A/Users/ldp/Dp1/Mason/packages/lua-language-server/meta/LuaJIT%20en-us%20utf8/jit.lua
[13:03:24.464][info] [#0:script\workspace\workspace.lua:359]: Scan library at:	file:///c%3A/Users/ldp/Dp1/Mason/packages/lua-language-server/meta/LuaJIT%20en-us%20utf8/table/clear.lua
[13:03:24.464][info] [#0:script\workspace\workspace.lua:359]: Scan library at:	file:///c%3A/Users/ldp/Dp1/lazy/nvim1/lua
[13:03:24.465][info] [#0:script\workspace\workspace.lua:359]: Scan library at:	file:///c%3A/Users/ldp/Dp1/Mason/packages/lua-language-server/meta/LuaJIT%20en-us%20utf8/os.lua
[13:03:24.465][info] [#0:script\workspace\workspace.lua:359]: Scan library at:	file:///c%3A/Users/ldp/Dp1/Mason/packages/lua-language-server/meta/LuaJIT%20en-us%20utf8/builtin.lua
[13:03:24.465][info] [#0:script\workspace\workspace.lua:359]: Scan library at:	file:///c%3A/Users/ldp/Dp1/Mason/packages/lua-language-server/meta/LuaJIT%20en-us%20utf8/string.lua
[13:03:24.465][info] [#0:script\workspace\workspace.lua:359]: Scan library at:	file:///c%3A/Users/ldp/Dp1/Mason/packages/lua-language-server/meta/LuaJIT%20en-us%20utf8/package.lua
[13:03:24.466][info] [#0:script\workspace\workspace.lua:359]: Scan library at:	file:///c%3A/Users/ldp/Dp1/Mason/packages/lua-language-server/meta/LuaJIT%20en-us%20utf8/jit/profile.lua
[13:03:24.466][info] [#0:script\workspace\workspace.lua:359]: Scan library at:	file:///c%3A/Users/ldp/Dp1/Mason/packages/lua-language-server/meta/LuaJIT%20en-us%20utf8/debug.lua
[13:03:24.466][info] [#0:script\workspace\workspace.lua:359]: Scan library at:	file:///c%3A/Users/ldp/Dp1/lazy/plugins/which-key.nvim/lua
[13:03:24.467][info] [#0:script\workspace\workspace.lua:359]: Scan library at:	file:///c%3A/Users/ldp/Dp1/Mason/packages/lua-language-server/meta/LuaJIT%20en-us%20utf8/bit.lua
[13:03:24.468][info] [#0:script\workspace\workspace.lua:359]: Scan library at:	file:///c%3A/Users/ldp/Dp1/Mason/packages/lua-language-server/meta/LuaJIT%20en-us%20utf8/table/new.lua
[13:03:24.468][info] [#0:script\workspace\workspace.lua:359]: Scan library at:	file:///c%3A/Users/ldp/Dp1/Mason/packages/lua-language-server/meta/LuaJIT%20en-us%20utf8/math.lua
[13:03:24.468][info] [#0:script\workspace\workspace.lua:359]: Scan library at:	file:///c%3A/Users/ldp/Dp1/Mason/packages/lua-language-server/meta/LuaJIT%20en-us%20utf8/table.lua
[13:03:24.468][info] [#0:script\workspace\workspace.lua:359]: Scan library at:	file:///c%3A/Users/ldp/Dp1/Mason/packages/lua-language-server/meta/LuaJIT%20en-us%20utf8/coroutine.lua
[13:03:24.468][info] [#0:script\workspace\workspace.lua:359]: Scan library at:	file:///c%3A/Users/ldp/Dp1/Mason/packages/lua-language-server/meta/LuaJIT%20en-us%20utf8/basic.lua
[13:03:24.582][info] [#0:script\workspace\workspace.lua:385]: Found 11 files at:	<fallback>
[13:03:24.582][info] [#0:script\workspace\loading.lua:160]: Load files from disk:	<fallback>
[13:03:24.582][info] [#0:script\workspace\workspace.lua:385]: Found 168 files at:	file:///c%3A/Users/ldp/Dp1/lazy/nvim/leader/leader_p
[13:03:24.582][info] [#0:script\workspace\loading.lua:160]: Load files from disk:	file:///c%3A/Users/ldp/Dp1/lazy/nvim/leader/leader_p
[13:03:24.585][info] [#0:script\workspace\loading.lua:100]: Preload file at: file:///c%3A/Users/ldp/Dp1/Mason/packages/lua-language-server/meta/Lua%205.4%20en-us%20utf8/package.lua , size = 2.944 KB
[13:03:24.589][info] [#0:script\workspace\loading.lua:112]: ++++As library of:	file:///c%3A/Users/ldp/Dp1/Mason/packages/lua-language-server/meta/Lua%205.4%20en-us%20utf8/package.lua
[13:03:24.590][info] [#0:script\workspace\loading.lua:100]: Preload file at: file:///c%3A/Users/ldp/Dp1/Mason/packages/lua-language-server/meta/LuaJIT%20en-us%20utf8/basic.lua , size = 15.443 KB
[13:03:24.604][info] [#0:script\workspace\loading.lua:112]: ++++As library of:	file:///c%3A/Users/ldp/Dp1/Mason/packages/lua-language-server/meta/LuaJIT%20en-us%20utf8/basic.lua
[13:03:24.605][info] [#0:script\workspace\loading.lua:100]: Preload file at: file:///c%3A/Users/ldp/Dp1/Mason/packages/lua-language-server/meta/Lua%205.4%20en-us%20utf8/string.lua , size = 5.234 KB
[13:03:24.609][info] [#0:script\workspace\loading.lua:112]: ++++As library of:	file:///c%3A/Users/ldp/Dp1/Mason/packages/lua-language-server/meta/Lua%205.4%20en-us%20utf8/string.lua
[13:03:24.609][info] [#0:script\workspace\loading.lua:100]: Preload file at: file:///c%3A/Users/ldp/Dp1/Mason/packages/lua-language-server/meta/LuaJIT%20en-us%20utf8/coroutine.lua , size = 2.541 KB
[13:03:24.611][info] [#0:script\workspace\loading.lua:112]: ++++As library of:	file:///c%3A/Users/ldp/Dp1/Mason/packages/lua-language-server/meta/LuaJIT%20en-us%20utf8/coroutine.lua
[13:03:24.611][info] [#0:script\workspace\loading.lua:100]: Preload file at: file:///c%3A/Users/ldp/Dp1/Mason/packages/lua-language-server/meta/LuaJIT%20en-us%20utf8/table.lua , size = 4.445 KB
[13:03:24.616][info] [#0:script\workspace\loading.lua:112]: ++++As library of:	file:///c%3A/Users/ldp/Dp1/Mason/packages/lua-language-server/meta/LuaJIT%20en-us%20utf8/table.lua
[13:03:24.616][info] [#0:script\workspace\loading.lua:100]: Preload file at: file:///c%3A/Users/ldp/Dp1/Mason/packages/lua-language-server/meta/Lua%205.4%20en-us%20utf8/io.lua , size = 6.364 KB
[13:03:24.619][info] [#0:script\workspace\loading.lua:112]: ++++As library of:	file:///c%3A/Users/ldp/Dp1/Mason/packages/lua-language-server/meta/Lua%205.4%20en-us%20utf8/io.lua
[13:03:24.619][info] [#0:script\workspace\loading.lua:100]: Preload file at: file:///c%3A/Users/ldp/Dp1/Mason/packages/lua-language-server/meta/LuaJIT%20en-us%20utf8/math.lua , size = 7.982 KB
[13:03:24.622][info] [#0:script\workspace\loading.lua:112]: ++++As library of:	file:///c%3A/Users/ldp/Dp1/Mason/packages/lua-language-server/meta/LuaJIT%20en-us%20utf8/math.lua
[13:03:24.622][info] [#0:script\workspace\loading.lua:100]: Preload file at: file:///c%3A/Users/ldp/Dp1/Mason/packages/lua-language-server/meta/Lua%205.4%20en-us%20utf8/math.lua , size = 8.542 KB
[13:03:24.625][info] [#0:script\workspace\loading.lua:112]: ++++As library of:	file:///c%3A/Users/ldp/Dp1/Mason/packages/lua-language-server/meta/Lua%205.4%20en-us%20utf8/math.lua
[13:03:24.625][info] [#0:script\workspace\loading.lua:100]: Preload file at: file:///c%3A/Users/ldp/Dp1/Mason/packages/lua-language-server/meta/Lua%205.4%20en-us%20utf8/basic.lua , size = 15.841 KB
[13:03:24.633][info] [#0:script\workspace\loading.lua:112]: ++++As library of:	file:///c%3A/Users/ldp/Dp1/Mason/packages/lua-language-server/meta/Lua%205.4%20en-us%20utf8/basic.lua
[13:03:24.633][info] [#0:script\workspace\loading.lua:100]: Preload file at: file:///c%3A/Users/ldp/Dp1/Mason/packages/lua-language-server/meta/LuaJIT%20en-us%20utf8/table/new.lua , size = 0.642 KB
[13:03:24.634][info] [#0:script\workspace\loading.lua:112]: ++++As library of:	file:///c%3A/Users/ldp/Dp1/Mason/packages/lua-language-server/meta/LuaJIT%20en-us%20utf8/table/new.lua
[13:03:24.634][info] [#0:script\workspace\loading.lua:100]: Preload file at: file:///c%3A/Users/ldp/Dp1/Mason/packages/lua-language-server/meta/LuaJIT%20en-us%20utf8/bit.lua , size = 1.243 KB
[13:03:24.635][info] [#0:script\workspace\loading.lua:112]: ++++As library of:	file:///c%3A/Users/ldp/Dp1/Mason/packages/lua-language-server/meta/LuaJIT%20en-us%20utf8/bit.lua
[13:03:24.635][info] [#0:script\workspace\loading.lua:100]: Preload file at: file:///c%3A/Users/ldp/Dp1/Mason/packages/lua-language-server/meta/Lua%205.4%20en-us%20utf8/debug.lua , size = 7.637 KB
[13:03:24.639][info] [#0:script\workspace\loading.lua:112]: ++++As library of:	file:///c%3A/Users/ldp/Dp1/Mason/packages/lua-language-server/meta/Lua%205.4%20en-us%20utf8/debug.lua
[13:03:24.639][info] [#0:script\workspace\loading.lua:100]: Preload file at: file:///c%3A/Users/ldp/Dp1/Mason/packages/lua-language-server/meta/Lua%205.4%20en-us%20utf8/utf8.lua , size = 2.386 KB
[13:03:24.640][info] [#0:script\workspace\loading.lua:112]: ++++As library of:	file:///c%3A/Users/ldp/Dp1/Mason/packages/lua-language-server/meta/Lua%205.4%20en-us%20utf8/utf8.lua
[13:03:24.640][info] [#0:script\workspace\loading.lua:100]: Preload file at: file:///c%3A/Users/ldp/Dp1/Mason/packages/lua-language-server/meta/Lua%205.4%20en-us%20utf8/os.lua , size = 5.611 KB
[13:03:24.642][info] [#0:script\workspace\loading.lua:112]: ++++As library of:	file:///c%3A/Users/ldp/Dp1/Mason/packages/lua-language-server/meta/Lua%205.4%20en-us%20utf8/os.lua
[13:03:24.642][info] [#0:script\workspace\loading.lua:100]: Preload file at: file:///c%3A/Users/ldp/Dp1/lazy/plugins/which-key.nvim/lua/which-key/colors.lua , size = 0.330 KB
[13:03:24.643][info] [#0:script\workspace\loading.lua:112]: ++++As library of:	file:///c%3A/Users/ldp/Dp1/lazy/plugins/which-key.nvim/lua
[13:03:24.643][info] [#0:script\workspace\loading.lua:100]: Preload file at: file:///c%3A/Users/ldp/Dp1/Mason/packages/lua-language-server/meta/Lua%205.4%20en-us%20utf8/builtin.lua , size = 0.302 KB
[13:03:24.643][info] [#0:script\workspace\loading.lua:112]: ++++As library of:	file:///c%3A/Users/ldp/Dp1/Mason/packages/lua-language-server/meta/Lua%205.4%20en-us%20utf8/builtin.lua
[13:03:24.643][info] [#0:script\workspace\loading.lua:100]: Preload file at: file:///c%3A/Users/ldp/Dp1/lazy/plugins/which-key.nvim/lua/which-key/config.lua , size = 4.018 KB
[13:03:24.648][info] [#0:script\workspace\loading.lua:112]: ++++As library of:	file:///c%3A/Users/ldp/Dp1/lazy/plugins/which-key.nvim/lua
[13:03:24.648][info] [#0:script\workspace\loading.lua:100]: Preload file at: file:///c%3A/Users/ldp/Dp1/Mason/packages/lua-language-server/meta/Lua%205.4%20en-us%20utf8/coroutine.lua , size = 2.590 KB
[13:03:24.649][info] [#0:script\workspace\loading.lua:112]: ++++As library of:	file:///c%3A/Users/ldp/Dp1/Mason/packages/lua-language-server/meta/Lua%205.4%20en-us%20utf8/coroutine.lua
[13:03:24.649][info] [#0:script\workspace\loading.lua:100]: Preload file at: file:///c%3A/Users/ldp/Dp1/lazy/plugins/which-key.nvim/lua/which-key/health.lua , size = 1.711 KB
[13:03:24.650][info] [#0:script\workspace\loading.lua:112]: ++++As library of:	file:///c%3A/Users/ldp/Dp1/lazy/plugins/which-key.nvim/lua
[13:03:24.650][info] [#0:script\workspace\loading.lua:100]: Preload file at: file:///c%3A/Users/ldp/Dp1/Mason/packages/lua-language-server/meta/Lua%205.4%20en-us%20utf8/table.lua , size = 4.445 KB
[13:03:24.652][info] [#0:script\workspace\loading.lua:112]: ++++As library of:	file:///c%3A/Users/ldp/Dp1/Mason/packages/lua-language-server/meta/Lua%205.4%20en-us%20utf8/table.lua
[13:03:24.652][info] [#0:script\workspace\loading.lua:100]: Preload file at: file:///c%3A/Users/ldp/Dp1/lazy/plugins/which-key.nvim/lua/which-key/init.lua , size = 2.107 KB
[13:03:24.653][info] [#0:script\workspace\loading.lua:112]: ++++As library of:	file:///c%3A/Users/ldp/Dp1/lazy/plugins/which-key.nvim/lua
[13:03:24.653][info] [#0:script\workspace\loading.lua:100]: Preload file at: file:///c%3A/Users/ldp/Dp1/lazy/plugins/which-key.nvim/lua/which-key/layout.lua , size = 6.434 KB
[13:03:24.657][info] [#0:script\workspace\loading.lua:112]: ++++As library of:	file:///c%3A/Users/ldp/Dp1/lazy/plugins/which-key.nvim/lua
[13:03:24.657][info] [#0:script\workspace\loading.lua:100]: Preload file at: file:///c%3A/Users/ldp/Dp1/lazy/plugins/which-key.nvim/lua/which-key/keys.lua , size = 12.843 KB
[13:03:24.663][info] [#0:script\workspace\loading.lua:112]: ++++As library of:	file:///c%3A/Users/ldp/Dp1/lazy/plugins/which-key.nvim/lua
[13:03:24.663][info] [#0:script\workspace\loading.lua:100]: Preload file at: file:///c%3A/Users/ldp/Dp1/lazy/plugins/which-key.nvim/lua/which-key/plugins/init.lua , size = 1.459 KB
[13:03:24.664][info] [#0:script\workspace\loading.lua:112]: ++++As library of:	file:///c%3A/Users/ldp/Dp1/lazy/plugins/which-key.nvim/lua
[13:03:24.664][info] [#0:script\workspace\loading.lua:88]: Skip loaded file: file:///c%3A/Users/ldp/Dp1/lazy/nvim/leader/leader_p/plugin/leader_p.lua
[13:03:24.771][info] [#0:script\workspace\loading.lua:172]: Loaded files takes [0.188] sec: <fallback>
[13:03:24.771][info] [#0:script\workspace\loading.lua:181]: Compile files takes [0.000] sec: <fallback>
[13:03:24.771][info] [#0:script\workspace\loading.lua:182]: Loaded finish:	<fallback>
[13:03:24.771][info] [#0:script\workspace\workspace.lua:387]: Preload finish at:	<fallback>
[13:03:24.774][info] [#0:script\workspace\loading.lua:100]: Preload file at: file:///c%3A/Users/ldp/Dp1/lazy/plugins/which-key.nvim/lua/which-key/mappings.lua , size = 4.148 KB
[13:03:24.778][info] [#0:script\workspace\loading.lua:112]: ++++As library of:	file:///c%3A/Users/ldp/Dp1/lazy/plugins/which-key.nvim/lua
[13:03:24.778][info] [#0:script\workspace\loading.lua:100]: Preload file at: file:///c%3A/Users/ldp/Dp1/lazy/plugins/which-key.nvim/lua/which-key/plugins/presets/init.lua , size = 2.926 KB
[13:03:24.780][info] [#0:script\workspace\loading.lua:112]: ++++As library of:	file:///c%3A/Users/ldp/Dp1/lazy/plugins/which-key.nvim/lua
[13:03:24.781][info] [#0:script\workspace\loading.lua:100]: Preload file at: file:///c%3A/Users/ldp/Dp1/lazy/plugins/which-key.nvim/lua/which-key/plugins/marks.lua , size = 1.653 KB
[13:03:24.782][info] [#0:script\workspace\loading.lua:112]: ++++As library of:	file:///c%3A/Users/ldp/Dp1/lazy/plugins/which-key.nvim/lua
[13:03:24.782][info] [#0:script\workspace\loading.lua:100]: Preload file at: file:///c%3A/Users/ldp/Dp1/lazy/plugins/which-key.nvim/lua/which-key/plugins/registers.lua , size = 1.834 KB
[13:03:24.783][info] [#0:script\workspace\loading.lua:112]: ++++As library of:	file:///c%3A/Users/ldp/Dp1/lazy/plugins/which-key.nvim/lua
[13:03:24.783][info] [#0:script\workspace\loading.lua:100]: Preload file at: file:///c%3A/Users/ldp/Dp1/lazy/plugins/which-key.nvim/lua/which-key/plugins/presets/misc.lua , size = 2.934 KB
[13:03:24.784][info] [#0:script\workspace\loading.lua:112]: ++++As library of:	file:///c%3A/Users/ldp/Dp1/lazy/plugins/which-key.nvim/lua
[13:03:24.784][info] [#0:script\workspace\loading.lua:100]: Preload file at: file:///c%3A/Users/ldp/Dp1/lazy/plugins/which-key.nvim/lua/which-key/plugins/spelling.lua , size = 1.148 KB
[13:03:24.785][info] [#0:script\workspace\loading.lua:112]: ++++As library of:	file:///c%3A/Users/ldp/Dp1/lazy/plugins/which-key.nvim/lua
[13:03:24.785][info] [#0:script\workspace\loading.lua:100]: Preload file at: file:///c%3A/Users/ldp/Dp1/lazy/plugins/which-key.nvim/lua/which-key/text.lua , size = 1.607 KB
[13:03:24.792][info] [#0:script\workspace\loading.lua:112]: ++++As library of:	file:///c%3A/Users/ldp/Dp1/lazy/plugins/which-key.nvim/lua
[13:03:24.792][info] [#0:script\workspace\loading.lua:100]: Preload file at: file:///c%3A/Users/ldp/Dp1/lazy/plugins/which-key.nvim/lua/which-key/types.lua , size = 1.535 KB
[13:03:24.794][info] [#0:script\workspace\loading.lua:112]: ++++As library of:	file:///c%3A/Users/ldp/Dp1/lazy/plugins/which-key.nvim/lua
[13:03:24.794][info] [#0:script\workspace\loading.lua:100]: Preload file at: file:///c%3A/Users/ldp/Dp1/lazy/plugins/which-key.nvim/lua/which-key/tree.lua , size = 2.714 KB
[13:03:24.796][info] [#0:script\workspace\loading.lua:112]: ++++As library of:	file:///c%3A/Users/ldp/Dp1/lazy/plugins/which-key.nvim/lua
[13:03:24.796][info] [#0:script\workspace\loading.lua:100]: Preload file at: file:///c%3A/Users/ldp/Dp1/lazy/plugins/which-key.nvim/lua/which-key/util.lua , size = 4.969 KB
[13:03:24.801][info] [#0:script\workspace\loading.lua:112]: ++++As library of:	file:///c%3A/Users/ldp/Dp1/lazy/plugins/which-key.nvim/lua
[13:03:24.801][info] [#0:script\workspace\loading.lua:100]: Preload file at: file:///c%3A/Users/ldp/Dp1/Mason/packages/lua-language-server/meta/LuaJIT%20en-us%20utf8/debug.lua , size = 7.310 KB
[13:03:24.805][info] [#0:script\workspace\loading.lua:112]: ++++As library of:	file:///c%3A/Users/ldp/Dp1/Mason/packages/lua-language-server/meta/LuaJIT%20en-us%20utf8/debug.lua
[13:03:24.805][info] [#0:script\workspace\loading.lua:100]: Preload file at: file:///c%3A/Users/ldp/Dp1/Mason/packages/lua-language-server/meta/LuaJIT%20en-us%20utf8/jit/profile.lua , size = 0.348 KB
[13:03:24.805][info] [#0:script\workspace\loading.lua:112]: ++++As library of:	file:///c%3A/Users/ldp/Dp1/Mason/packages/lua-language-server/meta/LuaJIT%20en-us%20utf8/jit/profile.lua
[13:03:24.805][info] [#0:script\workspace\loading.lua:100]: Preload file at: file:///c%3A/Users/ldp/Dp1/lazy/plugins/which-key.nvim/lua/which-key/view.lua , size = 8.756 KB
[13:03:24.810][info] [#0:script\workspace\loading.lua:112]: ++++As library of:	file:///c%3A/Users/ldp/Dp1/lazy/plugins/which-key.nvim/lua
[13:03:24.810][info] [#0:script\workspace\loading.lua:100]: Preload file at: file:///c%3A/Users/ldp/Dp1/Mason/packages/lua-language-server/meta/LuaJIT%20en-us%20utf8/package.lua , size = 2.699 KB
[13:03:24.811][info] [#0:script\workspace\loading.lua:112]: ++++As library of:	file:///c%3A/Users/ldp/Dp1/Mason/packages/lua-language-server/meta/LuaJIT%20en-us%20utf8/package.lua
[13:03:24.811][info] [#0:script\workspace\loading.lua:100]: Preload file at: file:///c%3A/Users/ldp/Dp1/Mason/packages/lua-language-server/meta/LuaJIT%20en-us%20utf8/builtin.lua , size = 0.302 KB
[13:03:24.811][info] [#0:script\workspace\loading.lua:112]: ++++As library of:	file:///c%3A/Users/ldp/Dp1/Mason/packages/lua-language-server/meta/LuaJIT%20en-us%20utf8/builtin.lua
[13:03:24.811][info] [#0:script\workspace\loading.lua:100]: Preload file at: file:///c%3A/Users/ldp/Dp1/Mason/packages/lua-language-server/meta/LuaJIT%20en-us%20utf8/os.lua , size = 5.611 KB
[13:03:24.813][info] [#0:script\workspace\loading.lua:112]: ++++As library of:	file:///c%3A/Users/ldp/Dp1/Mason/packages/lua-language-server/meta/LuaJIT%20en-us%20utf8/os.lua
[13:03:24.813][info] [#0:script\workspace\loading.lua:100]: Preload file at: file:///c%3A/Users/ldp/Dp1/Mason/packages/lua-language-server/meta/LuaJIT%20en-us%20utf8/string.lua , size = 5.217 KB
[13:03:24.815][info] [#0:script\workspace\loading.lua:112]: ++++As library of:	file:///c%3A/Users/ldp/Dp1/Mason/packages/lua-language-server/meta/LuaJIT%20en-us%20utf8/string.lua
[13:03:24.815][info] [#0:script\workspace\loading.lua:100]: Preload file at: file:///c%3A/Users/ldp/Dp1/lazy/nvim1/lua/events.lua , size = 4.732 KB
[13:03:24.817][info] [#0:script\workspace\loading.lua:112]: ++++As library of:	file:///c%3A/Users/ldp/Dp1/lazy/nvim1/lua
[13:03:24.817][info] [#0:script\workspace\loading.lua:100]: Preload file at: file:///c%3A/Users/ldp/Dp1/lazy/nvim1/lua/f.lua , size = 14.988 KB
[13:03:24.824][info] [#0:script\workspace\loading.lua:112]: ++++As library of:	file:///c%3A/Users/ldp/Dp1/lazy/nvim1/lua
[13:03:24.824][info] [#0:script\workspace\loading.lua:100]: Preload file at: file:///c%3A/Users/ldp/Dp1/lazy/nvim1/lua/leaders.lua , size = 3.986 KB
[13:03:24.825][info] [#0:script\workspace\loading.lua:112]: ++++As library of:	file:///c%3A/Users/ldp/Dp1/lazy/nvim1/lua
[13:03:24.825][info] [#0:script\workspace\loading.lua:100]: Preload file at: file:///c%3A/Users/ldp/Dp1/lazy/nvim1/lua/plugins.lua , size = 7.711 KB
[13:03:24.828][info] [#0:script\workspace\loading.lua:112]: ++++As library of:	file:///c%3A/Users/ldp/Dp1/lazy/nvim1/lua
[13:03:24.828][info] [#0:script\workspace\loading.lua:100]: Preload file at: file:///c%3A/Users/ldp/Dp1/lazy/nvim1/lua/_lsp.lua , size = 17.771 KB
[13:03:24.839][info] [#0:script\workspace\loading.lua:112]: ++++As library of:	file:///c%3A/Users/ldp/Dp1/lazy/nvim1/lua
[13:03:24.839][info] [#0:script\workspace\loading.lua:100]: Preload file at: file:///c%3A/Users/ldp/Dp1/lazy/nvim1/lua/_telescope.lua , size = 5.648 KB
[13:03:24.841][info] [#0:script\workspace\loading.lua:112]: ++++As library of:	file:///c%3A/Users/ldp/Dp1/lazy/nvim1/lua
[13:03:24.841][info] [#0:script\workspace\loading.lua:100]: Preload file at: file:///c%3A/Users/ldp/Dp1/Mason/packages/lua-language-server/meta/LuaJIT%20en-us%20utf8/table/clear.lua , size = 0.797 KB
[13:03:24.841][info] [#0:script\workspace\loading.lua:112]: ++++As library of:	file:///c%3A/Users/ldp/Dp1/Mason/packages/lua-language-server/meta/LuaJIT%20en-us%20utf8/table/clear.lua
[13:03:24.841][info] [#0:script\workspace\loading.lua:100]: Preload file at: file:///c%3A/Users/ldp/Dp1/Mason/packages/lua-language-server/meta/LuaJIT%20en-us%20utf8/jit.lua , size = 0.884 KB
[13:03:24.842][info] [#0:script\workspace\loading.lua:112]: ++++As library of:	file:///c%3A/Users/ldp/Dp1/Mason/packages/lua-language-server/meta/LuaJIT%20en-us%20utf8/jit.lua
[13:03:24.842][info] [#0:script\workspace\loading.lua:100]: Preload file at: file:///c%3A/Users/ldp/Dp1/Mason/packages/lua-language-server/meta/LuaJIT%20en-us%20utf8/ffi.lua , size = 2.529 KB
[13:03:24.844][info] [#0:script\workspace\loading.lua:112]: ++++As library of:	file:///c%3A/Users/ldp/Dp1/Mason/packages/lua-language-server/meta/LuaJIT%20en-us%20utf8/ffi.lua
[13:03:24.844][info] [#0:script\workspace\loading.lua:100]: Preload file at: file:///c%3A/Users/ldp/Dp1/lazy/nvim1/lua/_treesitter.lua , size = 2.068 KB
[13:03:24.845][info] [#0:script\workspace\loading.lua:112]: ++++As library of:	file:///c%3A/Users/ldp/Dp1/lazy/nvim1/lua
[13:03:24.956][info] [#0:script\workspace\loading.lua:100]: Preload file at: file:///c%3A/Program%20Files/Neovim/share/nvim/runtime/lua/editorconfig.lua , size = 11.569 KB
[13:03:24.961][info] [#0:script\workspace\loading.lua:112]: ++++As library of:	file:///c%3A/Program%20Files/Neovim/share/nvim/runtime/lua
[13:03:24.961][info] [#0:script\workspace\loading.lua:100]: Preload file at: file:///c%3A/Program%20Files/Neovim/share/nvim/runtime/lua/coxpcall.lua , size = 3.785 KB
[13:03:24.963][info] [#0:script\workspace\loading.lua:112]: ++++As library of:	file:///c%3A/Program%20Files/Neovim/share/nvim/runtime/lua
[13:03:24.963][info] [#0:script\workspace\loading.lua:100]: Preload file at: file:///c%3A/Program%20Files/Neovim/share/nvim/runtime/lua/jit/bcsave.lua , size = 17.090 KB
[13:03:24.971][info] [#0:script\workspace\loading.lua:112]: ++++As library of:	file:///c%3A/Program%20Files/Neovim/share/nvim/runtime/lua
[13:03:24.971][info] [#0:script\workspace\loading.lua:100]: Preload file at: file:///c%3A/Program%20Files/Neovim/share/nvim/runtime/lua/jit/bc.lua , size = 5.417 KB
[13:03:24.973][info] [#0:script\workspace\loading.lua:112]: ++++As library of:	file:///c%3A/Program%20Files/Neovim/share/nvim/runtime/lua
[13:03:24.973][info] [#0:script\workspace\loading.lua:100]: Preload file at: file:///c%3A/Program%20Files/Neovim/share/nvim/runtime/lua/jit/dis_arm.lua , size = 18.891 KB
[13:03:24.982][info] [#0:script\workspace\loading.lua:112]: ++++As library of:	file:///c%3A/Program%20Files/Neovim/share/nvim/runtime/lua
[13:03:24.982][info] [#0:script\workspace\loading.lua:100]: Preload file at: file:///c%3A/Program%20Files/Neovim/share/nvim/runtime/lua/jit/dis_arm64.lua , size = 29.971 KB
[13:03:24.994][info] [#0:script\workspace\loading.lua:112]: ++++As library of:	file:///c%3A/Program%20Files/Neovim/share/nvim/runtime/lua
[13:03:24.994][info] [#0:script\workspace\loading.lua:100]: Preload file at: file:///c%3A/Program%20Files/Neovim/share/nvim/runtime/lua/jit/dis_arm64be.lua , size = 0.604 KB
[13:03:24.994][info] [#0:script\workspace\loading.lua:112]: ++++As library of:	file:///c%3A/Program%20Files/Neovim/share/nvim/runtime/lua
[13:03:24.994][info] [#0:script\workspace\loading.lua:100]: Preload file at: file:///c%3A/Program%20Files/Neovim/share/nvim/runtime/lua/jit/dis_mips.lua , size = 21.494 KB
[13:03:25.003][info] [#0:script\workspace\loading.lua:112]: ++++As library of:	file:///c%3A/Program%20Files/Neovim/share/nvim/runtime/lua
[13:03:25.003][info] [#0:script\workspace\loading.lua:100]: Preload file at: file:///c%3A/Program%20Files/Neovim/share/nvim/runtime/lua/jit/dis_mips64el.lua , size = 0.700 KB
[13:03:25.003][info] [#0:script\workspace\loading.lua:112]: ++++As library of:	file:///c%3A/Program%20Files/Neovim/share/nvim/runtime/lua
[13:03:25.003][info] [#0:script\workspace\loading.lua:100]: Preload file at: file:///c%3A/Program%20Files/Neovim/share/nvim/runtime/lua/jit/dis_mips64.lua , size = 0.689 KB
[13:03:25.004][info] [#0:script\workspace\loading.lua:112]: ++++As library of:	file:///c%3A/Program%20Files/Neovim/share/nvim/runtime/lua
[13:03:25.004][info] [#0:script\workspace\loading.lua:100]: Preload file at: file:///c%3A/Program%20Files/Neovim/share/nvim/runtime/lua/jit/dis_mips64r6el.lua , size = 0.711 KB
[13:03:25.004][info] [#0:script\workspace\loading.lua:112]: ++++As library of:	file:///c%3A/Program%20Files/Neovim/share/nvim/runtime/lua
[13:03:25.004][info] [#0:script\workspace\loading.lua:100]: Preload file at: file:///c%3A/Program%20Files/Neovim/share/nvim/runtime/lua/jit/dis_mips64r6.lua , size = 0.700 KB
[13:03:25.014][info] [#0:script\workspace\loading.lua:112]: ++++As library of:	file:///c%3A/Program%20Files/Neovim/share/nvim/runtime/lua
[13:03:25.014][info] [#0:script\workspace\loading.lua:100]: Preload file at: file:///c%3A/Program%20Files/Neovim/share/nvim/runtime/lua/jit/dis_mipsel.lua , size = 0.698 KB
[13:03:25.014][info] [#0:script\workspace\loading.lua:112]: ++++As library of:	file:///c%3A/Program%20Files/Neovim/share/nvim/runtime/lua
[13:03:25.015][info] [#0:script\workspace\loading.lua:100]: Preload file at: file:///c%3A/Program%20Files/Neovim/share/nvim/runtime/lua/jit/dis_ppc.lua , size = 19.825 KB
[13:03:25.022][info] [#0:script\workspace\loading.lua:112]: ++++As library of:	file:///c%3A/Program%20Files/Neovim/share/nvim/runtime/lua
[13:03:25.022][info] [#0:script\workspace\loading.lua:100]: Preload file at: file:///c%3A/Program%20Files/Neovim/share/nvim/runtime/lua/jit/dis_x64.lua , size = 0.695 KB
[13:03:25.023][info] [#0:script\workspace\loading.lua:112]: ++++As library of:	file:///c%3A/Program%20Files/Neovim/share/nvim/runtime/lua
[13:03:25.023][info] [#0:script\workspace\loading.lua:100]: Preload file at: file:///c%3A/Program%20Files/Neovim/share/nvim/runtime/lua/jit/dump.lua , size = 20.269 KB
[13:03:25.033][info] [#0:script\workspace\loading.lua:112]: ++++As library of:	file:///c%3A/Program%20Files/Neovim/share/nvim/runtime/lua
[13:03:25.033][info] [#0:script\workspace\loading.lua:100]: Preload file at: file:///c%3A/Program%20Files/Neovim/share/nvim/runtime/lua/jit/dis_x86.lua , size = 33.033 KB
[13:03:25.047][info] [#0:script\workspace\loading.lua:112]: ++++As library of:	file:///c%3A/Program%20Files/Neovim/share/nvim/runtime/lua
[13:03:25.047][info] [#0:script\workspace\loading.lua:100]: Preload file at: file:///c%3A/Program%20Files/Neovim/share/nvim/runtime/lua/jit/v.lua , size = 5.731 KB
[13:03:25.049][info] [#0:script\workspace\loading.lua:112]: ++++As library of:	file:///c%3A/Program%20Files/Neovim/share/nvim/runtime/lua
[13:03:25.049][info] [#0:script\workspace\loading.lua:100]: Preload file at: file:///c%3A/Program%20Files/Neovim/share/nvim/runtime/lua/jit/p.lua , size = 8.874 KB
[13:03:25.053][info] [#0:script\workspace\loading.lua:112]: ++++As library of:	file:///c%3A/Program%20Files/Neovim/share/nvim/runtime/lua
[13:03:25.053][info] [#0:script\workspace\loading.lua:100]: Preload file at: file:///c%3A/Program%20Files/Neovim/share/nvim/runtime/lua/jit/zone.lua , size = 0.979 KB
[13:03:25.053][info] [#0:script\workspace\loading.lua:112]: ++++As library of:	file:///c%3A/Program%20Files/Neovim/share/nvim/runtime/lua
[13:03:25.053][info] [#0:script\workspace\loading.lua:100]: Preload file at: file:///c%3A/Program%20Files/Neovim/share/nvim/runtime/lua/jit/vmdef.lua , size = 8.307 KB
[13:03:25.055][info] [#0:script\workspace\loading.lua:112]: ++++As library of:	file:///c%3A/Program%20Files/Neovim/share/nvim/runtime/lua
[13:03:25.055][info] [#0:script\workspace\loading.lua:100]: Preload file at: file:///c%3A/Program%20Files/Neovim/share/nvim/runtime/lua/man.lua , size = 24.133 KB
[13:03:25.064][info] [#0:script\workspace\loading.lua:112]: ++++As library of:	file:///c%3A/Program%20Files/Neovim/share/nvim/runtime/lua
[13:03:25.065][info] [#0:script\workspace\loading.lua:100]: Preload file at: file:///c%3A/Program%20Files/Neovim/share/nvim/runtime/lua/nvim/tutor.lua , size = 2.711 KB
[13:03:25.066][info] [#0:script\workspace\loading.lua:112]: ++++As library of:	file:///c%3A/Program%20Files/Neovim/share/nvim/runtime/lua
[13:03:25.066][info] [#0:script\workspace\loading.lua:100]: Preload file at: file:///c%3A/Program%20Files/Neovim/share/nvim/runtime/lua/vim/deprecated/health.lua , size = 1.301 KB
[13:03:25.067][info] [#0:script\workspace\loading.lua:112]: ++++As library of:	file:///c%3A/Program%20Files/Neovim/share/nvim/runtime/lua
[13:03:25.067][info] [#0:script\workspace\loading.lua:100]: Preload file at: file:///c%3A/Program%20Files/Neovim/share/nvim/runtime/lua/tohtml.lua , size = 44.658 KB
[13:03:25.086][info] [#0:script\workspace\loading.lua:112]: ++++As library of:	file:///c%3A/Program%20Files/Neovim/share/nvim/runtime/lua
[13:03:25.086][info] [#0:script\workspace\loading.lua:100]: Preload file at: file:///c%3A/Program%20Files/Neovim/share/nvim/runtime/lua/vim/diagnostic.lua , size = 87.695 KB
[13:03:25.141][info] [#0:script\workspace\loading.lua:112]: ++++As library of:	file:///c%3A/Program%20Files/Neovim/share/nvim/runtime/lua
[13:03:25.141][info] [#0:script\workspace\loading.lua:100]: Preload file at: file:///c%3A/Program%20Files/Neovim/share/nvim/runtime/lua/vim/F.lua , size = 1.136 KB
[13:03:25.142][info] [#0:script\workspace\loading.lua:112]: ++++As library of:	file:///c%3A/Program%20Files/Neovim/share/nvim/runtime/lua
[13:03:25.142][info] [#0:script\workspace\loading.lua:100]: Preload file at: file:///c%3A/Program%20Files/Neovim/share/nvim/runtime/lua/vim/filetype/detect.lua , size = 63.451 KB
[13:03:25.166][info] [#0:script\workspace\loading.lua:112]: ++++As library of:	file:///c%3A/Program%20Files/Neovim/share/nvim/runtime/lua
[13:03:25.166][info] [#0:script\workspace\loading.lua:100]: Preload file at: file:///c%3A/Program%20Files/Neovim/share/nvim/runtime/lua/vim/filetype/options.lua , size = 2.645 KB
[13:03:25.168][info] [#0:script\workspace\loading.lua:112]: ++++As library of:	file:///c%3A/Program%20Files/Neovim/share/nvim/runtime/lua
[13:03:25.168][info] [#0:script\workspace\loading.lua:100]: Preload file at: file:///c%3A/Program%20Files/Neovim/share/nvim/runtime/lua/vim/filetype.lua , size = 81.813 KB
[13:03:25.191][info] [#0:script\workspace\loading.lua:112]: ++++As library of:	file:///c%3A/Program%20Files/Neovim/share/nvim/runtime/lua
[13:03:25.191][info] [#0:script\workspace\loading.lua:100]: Preload file at: file:///c%3A/Program%20Files/Neovim/share/nvim/runtime/lua/vim/fs.lua , size = 25.258 KB
[13:03:25.200][info] [#0:script\workspace\loading.lua:112]: ++++As library of:	file:///c%3A/Program%20Files/Neovim/share/nvim/runtime/lua
[13:03:25.200][info] [#0:script\workspace\loading.lua:100]: Preload file at: file:///c%3A/Program%20Files/Neovim/share/nvim/runtime/lua/vim/func/_memoize.lua , size = 2.061 KB
[13:03:25.202][info] [#0:script\workspace\loading.lua:112]: ++++As library of:	file:///c%3A/Program%20Files/Neovim/share/nvim/runtime/lua
[13:03:25.202][info] [#0:script\workspace\loading.lua:100]: Preload file at: file:///c%3A/Program%20Files/Neovim/share/nvim/runtime/lua/vim/func.lua , size = 1.993 KB
[13:03:25.202][info] [#0:script\workspace\loading.lua:112]: ++++As library of:	file:///c%3A/Program%20Files/Neovim/share/nvim/runtime/lua
[13:03:25.202][info] [#0:script\workspace\loading.lua:100]: Preload file at: file:///c%3A/Program%20Files/Neovim/share/nvim/runtime/lua/vim/glob.lua , size = 3.405 KB
[13:03:25.204][info] [#0:script\workspace\loading.lua:112]: ++++As library of:	file:///c%3A/Program%20Files/Neovim/share/nvim/runtime/lua
[13:03:25.204][info] [#0:script\workspace\loading.lua:100]: Preload file at: file:///c%3A/Program%20Files/Neovim/share/nvim/runtime/lua/vim/health.lua , size = 16.265 KB
[13:03:25.210][info] [#0:script\workspace\loading.lua:112]: ++++As library of:	file:///c%3A/Program%20Files/Neovim/share/nvim/runtime/lua
[13:03:25.210][info] [#0:script\workspace\loading.lua:100]: Preload file at: file:///c%3A/Program%20Files/Neovim/share/nvim/runtime/lua/vim/health/health.lua , size = 13.327 KB
[13:03:25.215][info] [#0:script\workspace\loading.lua:112]: ++++As library of:	file:///c%3A/Program%20Files/Neovim/share/nvim/runtime/lua
[13:03:25.215][info] [#0:script\workspace\loading.lua:100]: Preload file at: file:///c%3A/Program%20Files/Neovim/share/nvim/runtime/lua/vim/hl.lua , size = 6.250 KB
[13:03:25.218][info] [#0:script\workspace\loading.lua:112]: ++++As library of:	file:///c%3A/Program%20Files/Neovim/share/nvim/runtime/lua
[13:03:25.218][info] [#0:script\workspace\loading.lua:100]: Preload file at: file:///c%3A/Program%20Files/Neovim/share/nvim/runtime/lua/vim/inspect.lua , size = 9.271 KB
[13:03:25.221][info] [#0:script\workspace\loading.lua:112]: ++++As library of:	file:///c%3A/Program%20Files/Neovim/share/nvim/runtime/lua
[13:03:25.221][info] [#0:script\workspace\loading.lua:100]: Preload file at: file:///c%3A/Program%20Files/Neovim/share/nvim/runtime/lua/vim/iter.lua , size = 26.995 KB
[13:03:25.233][info] [#0:script\workspace\loading.lua:112]: ++++As library of:	file:///c%3A/Program%20Files/Neovim/share/nvim/runtime/lua
[13:03:25.234][info] [#0:script\workspace\loading.lua:100]: Preload file at: file:///c%3A/Program%20Files/Neovim/share/nvim/runtime/lua/vim/keymap.lua , size = 3.812 KB
[13:03:25.235][info] [#0:script\workspace\loading.lua:112]: ++++As library of:	file:///c%3A/Program%20Files/Neovim/share/nvim/runtime/lua
[13:03:25.235][info] [#0:script\workspace\loading.lua:100]: Preload file at: file:///c%3A/Program%20Files/Neovim/share/nvim/runtime/lua/vim/loader.lua , size = 15.078 KB
[13:03:25.274][info] [#0:script\workspace\loading.lua:112]: ++++As library of:	file:///c%3A/Program%20Files/Neovim/share/nvim/runtime/lua
[13:03:25.274][info] [#0:script\workspace\loading.lua:100]: Preload file at: file:///c%3A/Program%20Files/Neovim/share/nvim/runtime/lua/vim/lsp/buf.lua , size = 44.586 KB
[13:03:25.292][info] [#0:script\workspace\loading.lua:112]: ++++As library of:	file:///c%3A/Program%20Files/Neovim/share/nvim/runtime/lua
[13:03:25.292][info] [#0:script\workspace\loading.lua:100]: Preload file at: file:///c%3A/Program%20Files/Neovim/share/nvim/runtime/lua/vim/lsp/client.lua , size = 41.905 KB
[13:03:25.309][info] [#0:script\workspace\loading.lua:112]: ++++As library of:	file:///c%3A/Program%20Files/Neovim/share/nvim/runtime/lua
[13:03:25.309][info] [#0:script\workspace\loading.lua:100]: Preload file at: file:///c%3A/Program%20Files/Neovim/share/nvim/runtime/lua/vim/lsp/codelens.lua , size = 9.558 KB
[13:03:25.313][info] [#0:script\workspace\loading.lua:112]: ++++As library of:	file:///c%3A/Program%20Files/Neovim/share/nvim/runtime/lua
[13:03:25.313][info] [#0:script\workspace\loading.lua:100]: Preload file at: file:///c%3A/Program%20Files/Neovim/share/nvim/runtime/lua/vim/lsp/completion.lua , size = 28.002 KB
[13:03:25.323][info] [#0:script\workspace\loading.lua:112]: ++++As library of:	file:///c%3A/Program%20Files/Neovim/share/nvim/runtime/lua
[13:03:25.323][info] [#0:script\workspace\loading.lua:100]: Preload file at: file:///c%3A/Program%20Files/Neovim/share/nvim/runtime/lua/vim/lsp/handlers.lua , size = 24.986 KB
[13:03:25.331][info] [#0:script\workspace\loading.lua:112]: ++++As library of:	file:///c%3A/Program%20Files/Neovim/share/nvim/runtime/lua
[13:03:25.331][info] [#0:script\workspace\loading.lua:100]: Preload file at: file:///c%3A/Program%20Files/Neovim/share/nvim/runtime/lua/vim/lsp/diagnostic.lua , size = 12.248 KB
[13:03:25.336][info] [#0:script\workspace\loading.lua:112]: ++++As library of:	file:///c%3A/Program%20Files/Neovim/share/nvim/runtime/lua
[13:03:25.336][info] [#0:script\workspace\loading.lua:100]: Preload file at: file:///c%3A/Program%20Files/Neovim/share/nvim/runtime/lua/vim/lsp/inlay_hint.lua , size = 12.354 KB
[13:03:25.341][info] [#0:script\workspace\loading.lua:112]: ++++As library of:	file:///c%3A/Program%20Files/Neovim/share/nvim/runtime/lua
[13:03:25.341][info] [#0:script\workspace\loading.lua:100]: Preload file at: file:///c%3A/Program%20Files/Neovim/share/nvim/runtime/lua/vim/lsp/health.lua , size = 7.571 KB
[13:03:25.344][info] [#0:script\workspace\loading.lua:112]: ++++As library of:	file:///c%3A/Program%20Files/Neovim/share/nvim/runtime/lua
[13:03:25.344][info] [#0:script\workspace\loading.lua:100]: Preload file at: file:///c%3A/Program%20Files/Neovim/share/nvim/runtime/lua/vim/lsp/log.lua , size = 5.792 KB
[13:03:25.346][info] [#0:script\workspace\loading.lua:112]: ++++As library of:	file:///c%3A/Program%20Files/Neovim/share/nvim/runtime/lua
[13:03:25.346][info] [#0:script\workspace\loading.lua:100]: Preload file at: file:///c%3A/Program%20Files/Neovim/share/nvim/runtime/lua/vim/lsp/protocol.lua , size = 46.139 KB
[13:03:25.354][info] [#0:script\workspace\loading.lua:112]: ++++As library of:	file:///c%3A/Program%20Files/Neovim/share/nvim/runtime/lua
[13:03:25.354][info] [#0:script\workspace\loading.lua:100]: Preload file at: file:///c%3A/Program%20Files/Neovim/share/nvim/runtime/lua/vim/lsp/rpc.lua , size = 22.811 KB
[13:03:25.362][info] [#0:script\workspace\loading.lua:112]: ++++As library of:	file:///c%3A/Program%20Files/Neovim/share/nvim/runtime/lua
[13:03:25.363][info] [#0:script\workspace\loading.lua:100]: Preload file at: file:///c%3A/Program%20Files/Neovim/share/nvim/runtime/lua/vim/lsp/semantic_tokens.lua , size = 28.051 KB
[13:03:25.372][info] [#0:script\workspace\loading.lua:112]: ++++As library of:	file:///c%3A/Program%20Files/Neovim/share/nvim/runtime/lua
[13:03:25.372][info] [#0:script\workspace\loading.lua:100]: Preload file at: file:///c%3A/Program%20Files/Neovim/share/nvim/runtime/lua/vim/lsp/sync.lua , size = 16.149 KB
[13:03:25.376][info] [#0:script\workspace\loading.lua:112]: ++++As library of:	file:///c%3A/Program%20Files/Neovim/share/nvim/runtime/lua
[13:03:25.376][info] [#0:script\workspace\loading.lua:100]: Preload file at: file:///c%3A/Program%20Files/Neovim/share/nvim/runtime/lua/vim/lsp/util.lua , size = 77.301 KB
[13:03:25.405][info] [#0:script\workspace\loading.lua:112]: ++++As library of:	file:///c%3A/Program%20Files/Neovim/share/nvim/runtime/lua
[13:03:25.406][info] [#0:script\workspace\loading.lua:100]: Preload file at: file:///c%3A/Program%20Files/Neovim/share/nvim/runtime/lua/vim/lsp/_folding_range.lua , size = 11.837 KB
[13:03:25.410][info] [#0:script\workspace\loading.lua:112]: ++++As library of:	file:///c%3A/Program%20Files/Neovim/share/nvim/runtime/lua
[13:03:25.410][info] [#0:script\workspace\loading.lua:100]: Preload file at: file:///c%3A/Program%20Files/Neovim/share/nvim/runtime/lua/vim/lsp/_changetracking.lua , size = 11.857 KB
[13:03:25.415][info] [#0:script\workspace\loading.lua:112]: ++++As library of:	file:///c%3A/Program%20Files/Neovim/share/nvim/runtime/lua
[13:03:25.416][info] [#0:script\workspace\loading.lua:100]: Preload file at: file:///c%3A/Program%20Files/Neovim/share/nvim/runtime/lua/vim/lsp/_meta.lua , size = 0.602 KB
[13:03:25.416][info] [#0:script\workspace\loading.lua:112]: ++++As library of:	file:///c%3A/Program%20Files/Neovim/share/nvim/runtime/lua
[13:03:25.416][info] [#0:script\workspace\loading.lua:100]: Preload file at: file:///c%3A/Program%20Files/Neovim/share/nvim/runtime/lua/vim/lsp/_meta/protocol.lua , size = 194.566 KB
[13:03:25.496][info] [#0:script\workspace\loading.lua:112]: ++++As library of:	file:///c%3A/Program%20Files/Neovim/share/nvim/runtime/lua
[13:03:25.496][info] [#0:script\workspace\loading.lua:100]: Preload file at: file:///c%3A/Program%20Files/Neovim/share/nvim/runtime/lua/vim/lsp/_tagfunc.lua , size = 3.334 KB
[13:03:25.498][info] [#0:script\workspace\loading.lua:112]: ++++As library of:	file:///c%3A/Program%20Files/Neovim/share/nvim/runtime/lua
[13:03:25.498][info] [#0:script\workspace\loading.lua:100]: Preload file at: file:///c%3A/Program%20Files/Neovim/share/nvim/runtime/lua/vim/lsp/_snippet_grammar.lua , size = 6.405 KB
[13:03:25.501][info] [#0:script\workspace\loading.lua:112]: ++++As library of:	file:///c%3A/Program%20Files/Neovim/share/nvim/runtime/lua
[13:03:25.501][info] [#0:script\workspace\loading.lua:100]: Preload file at: file:///c%3A/Program%20Files/Neovim/share/nvim/runtime/lua/vim/lsp/_watchfiles.lua , size = 6.989 KB
[13:03:25.504][info] [#0:script\workspace\loading.lua:112]: ++++As library of:	file:///c%3A/Program%20Files/Neovim/share/nvim/runtime/lua
[13:03:25.504][info] [#0:script\workspace\loading.lua:100]: Preload file at: file:///c%3A/Program%20Files/Neovim/share/nvim/runtime/lua/vim/lsp/_transport.lua , size = 5.330 KB
[13:03:25.507][info] [#0:script\workspace\loading.lua:112]: ++++As library of:	file:///c%3A/Program%20Files/Neovim/share/nvim/runtime/lua
[13:03:25.507][info] [#0:script\workspace\loading.lua:100]: Preload file at: file:///c%3A/Program%20Files/Neovim/share/nvim/runtime/lua/vim/lsp.lua , size = 54.732 KB
[13:03:25.525][info] [#0:script\workspace\loading.lua:112]: ++++As library of:	file:///c%3A/Program%20Files/Neovim/share/nvim/runtime/lua
[13:03:25.525][info] [#0:script\workspace\loading.lua:100]: Preload file at: file:///c%3A/Program%20Files/Neovim/share/nvim/runtime/lua/vim/provider/health.lua , size = 30.393 KB
[13:03:25.535][info] [#0:script\workspace\loading.lua:112]: ++++As library of:	file:///c%3A/Program%20Files/Neovim/share/nvim/runtime/lua
[13:03:25.535][info] [#0:script\workspace\loading.lua:100]: Preload file at: file:///c%3A/Program%20Files/Neovim/share/nvim/runtime/lua/vim/provider/perl.lua , size = 2.062 KB
[13:03:25.536][info] [#0:script\workspace\loading.lua:112]: ++++As library of:	file:///c%3A/Program%20Files/Neovim/share/nvim/runtime/lua
[13:03:25.536][info] [#0:script\workspace\loading.lua:100]: Preload file at: file:///c%3A/Program%20Files/Neovim/share/nvim/runtime/lua/vim/provider/ruby.lua , size = 1.623 KB
[13:03:25.537][info] [#0:script\workspace\loading.lua:112]: ++++As library of:	file:///c%3A/Program%20Files/Neovim/share/nvim/runtime/lua
[13:03:25.537][info] [#0:script\workspace\loading.lua:100]: Preload file at: file:///c%3A/Program%20Files/Neovim/share/nvim/runtime/lua/vim/provider/python.lua , size = 4.441 KB
[13:03:25.539][info] [#0:script\workspace\loading.lua:112]: ++++As library of:	file:///c%3A/Program%20Files/Neovim/share/nvim/runtime/lua
[13:03:25.539][info] [#0:script\workspace\loading.lua:100]: Preload file at: file:///c%3A/Program%20Files/Neovim/share/nvim/runtime/lua/vim/provider.lua , size = 0.204 KB
[13:03:25.539][info] [#0:script\workspace\loading.lua:112]: ++++As library of:	file:///c%3A/Program%20Files/Neovim/share/nvim/runtime/lua
[13:03:25.539][info] [#0:script\workspace\loading.lua:100]: Preload file at: file:///c%3A/Program%20Files/Neovim/share/nvim/runtime/lua/vim/re.lua , size = 6.795 KB
[13:03:25.543][info] [#0:script\workspace\loading.lua:112]: ++++As library of:	file:///c%3A/Program%20Files/Neovim/share/nvim/runtime/lua
[13:03:25.543][info] [#0:script\workspace\loading.lua:100]: Preload file at: file:///c%3A/Program%20Files/Neovim/share/nvim/runtime/lua/vim/secure.lua , size = 6.715 KB
[13:03:25.546][info] [#0:script\workspace\loading.lua:112]: ++++As library of:	file:///c%3A/Program%20Files/Neovim/share/nvim/runtime/lua
[13:03:25.546][info] [#0:script\workspace\loading.lua:100]: Preload file at: file:///c%3A/Program%20Files/Neovim/share/nvim/runtime/lua/vim/shared.lua , size = 41.950 KB
[13:03:25.563][info] [#0:script\workspace\loading.lua:112]: ++++As library of:	file:///c%3A/Program%20Files/Neovim/share/nvim/runtime/lua
[13:03:25.563][info] [#0:script\workspace\loading.lua:100]: Preload file at: file:///c%3A/Program%20Files/Neovim/share/nvim/runtime/lua/vim/snippet.lua , size = 20.454 KB
[13:03:25.572][info] [#0:script\workspace\loading.lua:112]: ++++As library of:	file:///c%3A/Program%20Files/Neovim/share/nvim/runtime/lua
[13:03:25.572][info] [#0:script\workspace\loading.lua:100]: Preload file at: file:///c%3A/Program%20Files/Neovim/share/nvim/runtime/lua/vim/text.lua , size = 4.648 KB
[13:03:25.574][info] [#0:script\workspace\loading.lua:112]: ++++As library of:	file:///c%3A/Program%20Files/Neovim/share/nvim/runtime/lua
[13:03:25.574][info] [#0:script\workspace\loading.lua:100]: Preload file at: file:///c%3A/Program%20Files/Neovim/share/nvim/runtime/lua/vim/termcap.lua , size = 3.044 KB
[13:03:25.575][info] [#0:script\workspace\loading.lua:112]: ++++As library of:	file:///c%3A/Program%20Files/Neovim/share/nvim/runtime/lua
[13:03:25.575][info] [#0:script\workspace\loading.lua:100]: Preload file at: file:///c%3A/Program%20Files/Neovim/share/nvim/runtime/lua/vim/treesitter/health.lua , size = 2.121 KB
[13:03:25.576][info] [#0:script\workspace\loading.lua:112]: ++++As library of:	file:///c%3A/Program%20Files/Neovim/share/nvim/runtime/lua
[13:03:25.576][info] [#0:script\workspace\loading.lua:100]: Preload file at: file:///c%3A/Program%20Files/Neovim/share/nvim/runtime/lua/vim/treesitter/dev.lua , size = 21.842 KB
[13:03:25.585][info] [#0:script\workspace\loading.lua:112]: ++++As library of:	file:///c%3A/Program%20Files/Neovim/share/nvim/runtime/lua
[13:03:25.585][info] [#0:script\workspace\loading.lua:100]: Preload file at: file:///c%3A/Program%20Files/Neovim/share/nvim/runtime/lua/vim/treesitter/highlighter.lua , size = 17.306 KB
[13:03:25.592][info] [#0:script\workspace\loading.lua:112]: ++++As library of:	file:///c%3A/Program%20Files/Neovim/share/nvim/runtime/lua
[13:03:25.592][info] [#0:script\workspace\loading.lua:100]: Preload file at: file:///c%3A/Program%20Files/Neovim/share/nvim/runtime/lua/vim/treesitter/language.lua , size = 5.566 KB
[13:03:25.594][info] [#0:script\workspace\loading.lua:112]: ++++As library of:	file:///c%3A/Program%20Files/Neovim/share/nvim/runtime/lua
[13:03:25.594][info] [#0:script\workspace\loading.lua:100]: Preload file at: file:///c%3A/Program%20Files/Neovim/share/nvim/runtime/lua/vim/treesitter/languagetree.lua , size = 41.642 KB
[13:03:25.612][info] [#0:script\workspace\loading.lua:112]: ++++As library of:	file:///c%3A/Program%20Files/Neovim/share/nvim/runtime/lua
[13:03:25.612][info] [#0:script\workspace\loading.lua:100]: Preload file at: file:///c%3A/Program%20Files/Neovim/share/nvim/runtime/lua/vim/treesitter/query.lua , size = 38.887 KB
[13:03:25.628][info] [#0:script\workspace\loading.lua:112]: ++++As library of:	file:///c%3A/Program%20Files/Neovim/share/nvim/runtime/lua
[13:03:25.628][info] [#0:script\workspace\loading.lua:100]: Preload file at: file:///c%3A/Program%20Files/Neovim/share/nvim/runtime/lua/vim/treesitter/_fold.lua , size = 15.234 KB
[13:03:25.634][info] [#0:script\workspace\loading.lua:112]: ++++As library of:	file:///c%3A/Program%20Files/Neovim/share/nvim/runtime/lua
[13:03:25.634][info] [#0:script\workspace\loading.lua:100]: Preload file at: file:///c%3A/Program%20Files/Neovim/share/nvim/runtime/lua/vim/treesitter/_meta/misc.lua , size = 2.896 KB
[13:03:25.635][info] [#0:script\workspace\loading.lua:112]: ++++As library of:	file:///c%3A/Program%20Files/Neovim/share/nvim/runtime/lua
[13:03:25.635][info] [#0:script\workspace\loading.lua:100]: Preload file at: file:///c%3A/Program%20Files/Neovim/share/nvim/runtime/lua/vim/treesitter/_headings.lua , size = 4.127 KB
[13:03:25.638][info] [#0:script\workspace\loading.lua:112]: ++++As library of:	file:///c%3A/Program%20Files/Neovim/share/nvim/runtime/lua
[13:03:25.638][info] [#0:script\workspace\loading.lua:100]: Preload file at: file:///c%3A/Program%20Files/Neovim/share/nvim/runtime/lua/vim/treesitter/_meta/tsquery.lua , size = 1.904 KB
[13:03:25.638][info] [#0:script\workspace\loading.lua:112]: ++++As library of:	file:///c%3A/Program%20Files/Neovim/share/nvim/runtime/lua
[13:03:25.638][info] [#0:script\workspace\loading.lua:100]: Preload file at: file:///c%3A/Program%20Files/Neovim/share/nvim/runtime/lua/vim/treesitter/_meta/tsnode.lua , size = 6.028 KB
[13:03:25.641][info] [#0:script\workspace\loading.lua:112]: ++++As library of:	file:///c%3A/Program%20Files/Neovim/share/nvim/runtime/lua
[13:03:25.641][info] [#0:script\workspace\loading.lua:100]: Preload file at: file:///c%3A/Program%20Files/Neovim/share/nvim/runtime/lua/vim/treesitter/_meta/tstree.lua , size = 1.296 KB
[13:03:25.641][info] [#0:script\workspace\loading.lua:112]: ++++As library of:	file:///c%3A/Program%20Files/Neovim/share/nvim/runtime/lua
[13:03:25.641][info] [#0:script\workspace\loading.lua:100]: Preload file at: file:///c%3A/Program%20Files/Neovim/share/nvim/runtime/lua/vim/treesitter/_query_linter.lua , size = 8.070 KB
[13:03:25.645][info] [#0:script\workspace\loading.lua:112]: ++++As library of:	file:///c%3A/Program%20Files/Neovim/share/nvim/runtime/lua
[13:03:25.759][info] [#0:script\workspace\loading.lua:100]: Preload file at: file:///c%3A/Program%20Files/Neovim/share/nvim/runtime/lua/vim/treesitter/_range.lua , size = 4.115 KB
[13:03:25.763][info] [#0:script\workspace\loading.lua:112]: ++++As library of:	file:///c%3A/Program%20Files/Neovim/share/nvim/runtime/lua
[13:03:25.763][info] [#0:script\workspace\loading.lua:100]: Preload file at: file:///c%3A/Program%20Files/Neovim/share/nvim/runtime/lua/vim/treesitter.lua , size = 15.714 KB
[13:03:25.769][info] [#0:script\workspace\loading.lua:112]: ++++As library of:	file:///c%3A/Program%20Files/Neovim/share/nvim/runtime/lua
[13:03:25.769][info] [#0:script\workspace\loading.lua:100]: Preload file at: file:///c%3A/Program%20Files/Neovim/share/nvim/runtime/lua/vim/ui.lua , size = 7.915 KB
[13:03:25.772][info] [#0:script\workspace\loading.lua:112]: ++++As library of:	file:///c%3A/Program%20Files/Neovim/share/nvim/runtime/lua
[13:03:25.772][info] [#0:script\workspace\loading.lua:100]: Preload file at: file:///c%3A/Program%20Files/Neovim/share/nvim/runtime/lua/vim/ui/clipboard/osc52.lua , size = 2.221 KB
[13:03:25.773][info] [#0:script\workspace\loading.lua:112]: ++++As library of:	file:///c%3A/Program%20Files/Neovim/share/nvim/runtime/lua
[13:03:25.773][info] [#0:script\workspace\loading.lua:100]: Preload file at: file:///c%3A/Program%20Files/Neovim/share/nvim/runtime/lua/vim/version.lua , size = 14.084 KB
[13:03:25.779][info] [#0:script\workspace\loading.lua:112]: ++++As library of:	file:///c%3A/Program%20Files/Neovim/share/nvim/runtime/lua
[13:03:25.779][info] [#0:script\workspace\loading.lua:100]: Preload file at: file:///c%3A/Program%20Files/Neovim/share/nvim/runtime/lua/vim/uri.lua , size = 3.741 KB
[13:03:25.780][info] [#0:script\workspace\loading.lua:112]: ++++As library of:	file:///c%3A/Program%20Files/Neovim/share/nvim/runtime/lua
[13:03:25.780][info] [#0:script\workspace\loading.lua:100]: Preload file at: file:///c%3A/Program%20Files/Neovim/share/nvim/runtime/lua/vim/_buf.lua , size = 0.786 KB
[13:03:25.781][info] [#0:script\workspace\loading.lua:112]: ++++As library of:	file:///c%3A/Program%20Files/Neovim/share/nvim/runtime/lua
[13:03:25.781][info] [#0:script\workspace\loading.lua:100]: Preload file at: file:///c%3A/Program%20Files/Neovim/share/nvim/runtime/lua/vim/_comment.lua , size = 9.230 KB
[13:03:25.784][info] [#0:script\workspace\loading.lua:112]: ++++As library of:	file:///c%3A/Program%20Files/Neovim/share/nvim/runtime/lua
[13:03:25.784][info] [#0:script\workspace\loading.lua:100]: Preload file at: file:///c%3A/Program%20Files/Neovim/share/nvim/runtime/lua/vim/_defaults.lua , size = 33.329 KB
[13:03:25.796][info] [#0:script\workspace\loading.lua:112]: ++++As library of:	file:///c%3A/Program%20Files/Neovim/share/nvim/runtime/lua
[13:03:25.796][info] [#0:script\workspace\loading.lua:100]: Preload file at: file:///c%3A/Program%20Files/Neovim/share/nvim/runtime/lua/vim/_editor.lua , size = 45.904 KB
[13:03:25.812][info] [#0:script\workspace\loading.lua:112]: ++++As library of:	file:///c%3A/Program%20Files/Neovim/share/nvim/runtime/lua
[13:03:25.812][info] [#0:script\workspace\loading.lua:100]: Preload file at: file:///c%3A/Program%20Files/Neovim/share/nvim/runtime/lua/vim/_ftplugin/lua.lua , size = 0.562 KB
[13:03:25.813][info] [#0:script\workspace\loading.lua:112]: ++++As library of:	file:///c%3A/Program%20Files/Neovim/share/nvim/runtime/lua
[13:03:25.813][info] [#0:script\workspace\loading.lua:100]: Preload file at: file:///c%3A/Program%20Files/Neovim/share/nvim/runtime/lua/vim/_init_packages.lua , size = 3.120 KB
[13:03:25.815][info] [#0:script\workspace\loading.lua:112]: ++++As library of:	file:///c%3A/Program%20Files/Neovim/share/nvim/runtime/lua
[13:03:25.815][info] [#0:script\workspace\loading.lua:100]: Preload file at: file:///c%3A/Program%20Files/Neovim/share/nvim/runtime/lua/vim/_inspector.lua , size = 8.143 KB
[13:03:25.818][info] [#0:script\workspace\loading.lua:112]: ++++As library of:	file:///c%3A/Program%20Files/Neovim/share/nvim/runtime/lua
[13:03:25.818][info] [#0:script\workspace\loading.lua:100]: Preload file at: file:///c%3A/Program%20Files/Neovim/share/nvim/runtime/lua/vim/_meta/api_keysets.lua , size = 10.284 KB
[13:03:25.823][info] [#0:script\workspace\loading.lua:112]: ++++As library of:	file:///c%3A/Program%20Files/Neovim/share/nvim/runtime/lua
[13:03:25.823][info] [#0:script\workspace\loading.lua:100]: Preload file at: file:///c%3A/Program%20Files/Neovim/share/nvim/runtime/lua/vim/_meta/api.lua , size = 108.521 KB
[13:03:25.849][info] [#0:script\workspace\loading.lua:112]: ++++As library of:	file:///c%3A/Program%20Files/Neovim/share/nvim/runtime/lua
[13:03:25.849][info] [#0:script\workspace\loading.lua:100]: Preload file at: file:///c%3A/Program%20Files/Neovim/share/nvim/runtime/lua/vim/_meta/api_keysets_extra.lua , size = 7.199 KB
[13:03:25.852][info] [#0:script\workspace\loading.lua:112]: ++++As library of:	file:///c%3A/Program%20Files/Neovim/share/nvim/runtime/lua
[13:03:25.852][info] [#0:script\workspace\loading.lua:100]: Preload file at: file:///c%3A/Program%20Files/Neovim/share/nvim/runtime/lua/vim/_meta/base64.lua , size = 0.319 KB
[13:03:25.853][info] [#0:script\workspace\loading.lua:112]: ++++As library of:	file:///c%3A/Program%20Files/Neovim/share/nvim/runtime/lua
[13:03:25.853][info] [#0:script\workspace\loading.lua:100]: Preload file at: file:///c%3A/Program%20Files/Neovim/share/nvim/runtime/lua/vim/_meta/builtin_types.lua , size = 8.610 KB
[13:03:25.911][info] [#0:script\workspace\loading.lua:112]: ++++As library of:	file:///c%3A/Program%20Files/Neovim/share/nvim/runtime/lua
[13:03:25.912][info] [#0:script\workspace\loading.lua:100]: Preload file at: file:///c%3A/Program%20Files/Neovim/share/nvim/runtime/lua/vim/_meta/builtin.lua , size = 10.648 KB
[13:03:25.914][info] [#0:script\workspace\loading.lua:112]: ++++As library of:	file:///c%3A/Program%20Files/Neovim/share/nvim/runtime/lua
[13:03:25.914][info] [#0:script\workspace\loading.lua:100]: Preload file at: file:///c%3A/Program%20Files/Neovim/share/nvim/runtime/lua/vim/_meta/diff.lua , size = 2.562 KB
[13:03:25.915][info] [#0:script\workspace\loading.lua:112]: ++++As library of:	file:///c%3A/Program%20Files/Neovim/share/nvim/runtime/lua
[13:03:25.915][info] [#0:script\workspace\loading.lua:100]: Preload file at: file:///c%3A/Program%20Files/Neovim/share/nvim/runtime/lua/vim/_meta/json.lua , size = 1.578 KB
[13:03:25.916][info] [#0:script\workspace\loading.lua:112]: ++++As library of:	file:///c%3A/Program%20Files/Neovim/share/nvim/runtime/lua
[13:03:25.916][info] [#0:script\workspace\loading.lua:100]: Preload file at: file:///c%3A/Program%20Files/Neovim/share/nvim/runtime/lua/vim/_meta/misc.lua , size = 0.307 KB
[13:03:25.916][info] [#0:script\workspace\loading.lua:112]: ++++As library of:	file:///c%3A/Program%20Files/Neovim/share/nvim/runtime/lua
[13:03:25.916][info] [#0:script\workspace\loading.lua:100]: Preload file at: file:///c%3A/Program%20Files/Neovim/share/nvim/runtime/lua/vim/_meta/lpeg.lua , size = 15.691 KB
[13:03:25.920][info] [#0:script\workspace\loading.lua:112]: ++++As library of:	file:///c%3A/Program%20Files/Neovim/share/nvim/runtime/lua
[13:03:25.920][info] [#0:script\workspace\loading.lua:100]: Preload file at: file:///c%3A/Program%20Files/Neovim/share/nvim/runtime/lua/vim/_meta/mpack.lua , size = 0.495 KB
[13:03:25.921][info] [#0:script\workspace\loading.lua:112]: ++++As library of:	file:///c%3A/Program%20Files/Neovim/share/nvim/runtime/lua
[13:03:25.921][info] [#0:script\workspace\loading.lua:100]: Preload file at: file:///c%3A/Program%20Files/Neovim/share/nvim/runtime/lua/vim/_meta/options.lua , size = 332.634 KB
[13:03:25.994][info] [#0:script\workspace\loading.lua:112]: ++++As library of:	file:///c%3A/Program%20Files/Neovim/share/nvim/runtime/lua
[13:03:25.994][info] [#0:script\workspace\loading.lua:100]: Preload file at: file:///c%3A/Program%20Files/Neovim/share/nvim/runtime/lua/vim/_meta/re.lua , size = 2.270 KB
[13:03:25.995][info] [#0:script\workspace\loading.lua:112]: ++++As library of:	file:///c%3A/Program%20Files/Neovim/share/nvim/runtime/lua
[13:03:25.995][info] [#0:script\workspace\loading.lua:100]: Preload file at: file:///c%3A/Program%20Files/Neovim/share/nvim/runtime/lua/vim/_meta/regex.lua , size = 1.616 KB
[13:03:25.995][info] [#0:script\workspace\loading.lua:112]: ++++As library of:	file:///c%3A/Program%20Files/Neovim/share/nvim/runtime/lua
[13:03:25.995][info] [#0:script\workspace\loading.lua:100]: Preload file at: file:///c%3A/Program%20Files/Neovim/share/nvim/runtime/lua/vim/_meta/spell.lua , size = 0.960 KB
[13:03:25.996][info] [#0:script\workspace\loading.lua:112]: ++++As library of:	file:///c%3A/Program%20Files/Neovim/share/nvim/runtime/lua
[13:03:25.996][info] [#0:script\workspace\loading.lua:100]: Preload file at: file:///c%3A/Program%20Files/Neovim/share/nvim/runtime/lua/vim/_meta/vvars.lua , size = 26.993 KB
[13:03:26.001][info] [#0:script\workspace\loading.lua:112]: ++++As library of:	file:///c%3A/Program%20Files/Neovim/share/nvim/runtime/lua
[13:03:26.001][info] [#0:script\workspace\loading.lua:100]: Preload file at: file:///c%3A/Program%20Files/Neovim/share/nvim/runtime/lua/vim/_meta/vimfn.lua , size = 419.597 KB
[13:03:26.085][info] [#0:script\workspace\loading.lua:112]: ++++As library of:	file:///c%3A/Program%20Files/Neovim/share/nvim/runtime/lua
[13:03:26.085][info] [#0:script\workspace\loading.lua:100]: Preload file at: file:///c%3A/Program%20Files/Neovim/share/nvim/runtime/lua/vim/_meta.lua , size = 1.039 KB
[13:03:26.086][info] [#0:script\workspace\loading.lua:112]: ++++As library of:	file:///c%3A/Program%20Files/Neovim/share/nvim/runtime/lua
[13:03:26.086][info] [#0:script\workspace\loading.lua:100]: Preload file at: file:///c%3A/Program%20Files/Neovim/share/nvim/runtime/lua/vim/_meta/vvars_extra.lua , size = 4.133 KB
[13:03:26.087][info] [#0:script\workspace\loading.lua:112]: ++++As library of:	file:///c%3A/Program%20Files/Neovim/share/nvim/runtime/lua
[13:03:26.087][info] [#0:script\workspace\loading.lua:100]: Preload file at: file:///c%3A/Program%20Files/Neovim/share/nvim/runtime/lua/vim/_options.lua , size = 26.418 KB
[13:03:26.096][info] [#0:script\workspace\loading.lua:112]: ++++As library of:	file:///c%3A/Program%20Files/Neovim/share/nvim/runtime/lua
[13:03:26.096][info] [#0:script\workspace\loading.lua:100]: Preload file at: file:///c%3A/Program%20Files/Neovim/share/nvim/runtime/lua/vim/_system.lua , size = 10.250 KB
[13:03:26.101][info] [#0:script\workspace\loading.lua:112]: ++++As library of:	file:///c%3A/Program%20Files/Neovim/share/nvim/runtime/lua
[13:03:26.101][info] [#0:script\workspace\loading.lua:100]: Preload file at: file:///c%3A/Program%20Files/Neovim/share/nvim/runtime/lua/vim/_watch.lua , size = 10.043 KB
[13:03:26.105][info] [#0:script\workspace\loading.lua:112]: ++++As library of:	file:///c%3A/Program%20Files/Neovim/share/nvim/runtime/lua
[13:03:26.105][info] [#0:script\workspace\loading.lua:100]: Preload file at: file:///c%3A/Users/ldp/Dp1/Mason/packages/lua-language-server/meta/LuaJIT%20en-us%20utf8/io.lua , size = 6.364 KB
[13:03:26.108][info] [#0:script\workspace\loading.lua:112]: ++++As library of:	file:///c%3A/Users/ldp/Dp1/Mason/packages/lua-language-server/meta/LuaJIT%20en-us%20utf8/io.lua
[13:03:26.108][info] [#0:script\workspace\loading.lua:100]: Preload file at: file:///c%3A/Users/ldp/Dp1/Mason/packages/lua-language-server/meta/LuaJIT%20en-us%20utf8/jit/util.lua , size = 1.984 KB
[13:03:26.109][info] [#0:script\workspace\loading.lua:112]: ++++As library of:	file:///c%3A/Users/ldp/Dp1/Mason/packages/lua-language-server/meta/LuaJIT%20en-us%20utf8/jit/util.lua
[13:03:26.109][info] [#0:script\workspace\loading.lua:100]: Preload file at: file:///c%3A/Users/ldp/Dp1/Mason/packages/lua-language-server/meta/LuaJIT%20en-us%20utf8/string/buffer.lua , size = 18.123 KB
[13:03:26.112][info] [#0:script\workspace\loading.lua:112]: ++++As library of:	file:///c%3A/Users/ldp/Dp1/Mason/packages/lua-language-server/meta/LuaJIT%20en-us%20utf8/string/buffer.lua
[13:03:26.112][info] [#0:script\workspace\loading.lua:100]: Preload file at: file:///c%3A/Program%20Files/Neovim/share/nvim/runtime/lua/_vim9script.lua , size = 16.058 KB
[13:03:26.119][info] [#0:script\workspace\loading.lua:112]: ++++As library of:	file:///c%3A/Program%20Files/Neovim/share/nvim/runtime/lua
[13:03:26.235][info] [#0:script\workspace\loading.lua:172]: Loaded files takes [1.652] sec: file:///c%3A/Users/ldp/Dp1/lazy/nvim/leader/leader_p
[13:03:26.235][info] [#0:script\workspace\loading.lua:181]: Compile files takes [0.001] sec: file:///c%3A/Users/ldp/Dp1/lazy/nvim/leader/leader_p
[13:03:26.235][info] [#0:script\workspace\loading.lua:182]: Loaded finish:	file:///c%3A/Users/ldp/Dp1/lazy/nvim/leader/leader_p
[13:03:26.235][info] [#0:script\workspace\workspace.lua:387]: Preload finish at:	file:///c%3A/Users/ldp/Dp1/lazy/nvim/leader/leader_p
[13:03:26.263][warn] [#0:script\proto\proto.lua:189]: Method [textDocument/didOpen] takes [4.107]sec. {
  jsonrpc = "2.0",
  method = "textDocument/didOpen",
  params = {
    textDocument = {
      languageId = "lua",
      text = '"***"',
      uri = "file:///C:/Users/ldp/Dp1/lazy/nvim/leader/leader_p/plugin/leader_p.lua",
      version = 0
    }
  }
}
[13:03:26.286][info] [#0:script\provider\diagnostic.lua:560]: Diagnostics scope [file:///c%3A/Users/ldp/Dp1/lazy/nvim/leader/leader_p], files count:[168]
[13:03:26.303][warn] [#0:script\proto\proto.lua:189]: Method [textDocument/semanticTokens/full] takes [1.849]sec. {
  id = 8,
  jsonrpc = "2.0",
  method = "textDocument/semanticTokens/full",
  params = {
    textDocument = {
      uri = "file:///C:/Users/ldp/Dp1/lazy/nvim/leader/leader_p/plugin/leader_p.lua"
    }
  }
}
[13:03:27.641][info] [#0:script\provider\diagnostic.lua:577]: Diagnostics scope [file:///c%3A/Users/ldp/Dp1/lazy/nvim/leader/leader_p] finished, takes [1.355] sec.
[13:08:03.570][info] [#0:script\provider\provider.lua:176]: Server shutdown.
[13:08:03.676][warn] [#0:script\pub\report.lua:24]: Load proto error:	Disconnected!
