[23:01:59.015][info] [#0:C:/Users/ldp/Dp1/Mason/packages/lua-language-server\main.lua:68]: Lua Lsp startup, root: 	C:/Users/ldp/Dp1/Mason/packages/lua-language-server
[23:01:59.016][info] [#0:C:/Users/ldp/Dp1/Mason/packages/lua-language-server\main.lua:69]: ROOT:	C:/Users/ldp/Dp1/Mason/packages/lua-language-server
[23:01:59.016][info] [#0:C:/Users/ldp/Dp1/Mason/packages/lua-language-server\main.lua:70]: LOGPATH:	C:/Users/ldp/Dp1/Mason/packages/lua-language-server/log
[23:01:59.016][info] [#0:C:/Users/ldp/Dp1/Mason/packages/lua-language-server\main.lua:71]: METAPATH:	C:/Users/ldp/Dp1/Mason/packages/lua-language-server/meta
[23:01:59.016][info] [#0:C:/Users/ldp/Dp1/Mason/packages/lua-language-server\main.lua:72]: VERSION:	3.15.0
[23:01:59.041][info] [#0:script\proto\proto.lua:260]: Listen Mode: stdio
[23:01:59.041][info] [#0:script\service\service.lua:145]: 
========= Medical Examination Report =========
    --------------- Memory ---------------
        Total: 2.264 MB
        # 00 : 2.263 MB
        # 01 : 0.000 MB
        # 02 : 0.000 MB
        # 03 : 0.000 MB
        # 04 : 0.000 MB
    --------------- Coroutine ---------------
        Total:     0
        Running:   0
        Suspended: 0
        Normal:    0
        Dead:      0
    --------------- Cache ---------------
        Total: 1
        Dead:  0
    ---------------  RPC  ---------------
        Holdon:   0
        Waiting:  0
==============================================
[23:01:59.157][info] [#0:script\client.lua:657]: Client init	{
  capabilities = {
    general = {
      positionEncodings = { "utf-8", "utf-16", "utf-32" }
    },
    textDocument = {
      callHierarchy = {
        dynamicRegistration = false
      },
      codeAction = {
        codeActionLiteralSupport = {
          codeActionKind = {
            valueSet = { "", "quickfix", "refactor", "refactor.extract", "refactor.inline", "refactor.rewrite", "source", "source.organizeImports" }
          }
        },
        dataSupport = true,
        dynamicRegistration = true,
        isPreferredSupport = true,
        resolveSupport = {
          properties = { "edit", "command" }
        }
      },
      codeLens = {
        dynamicRegistration = false,
        resolveSupport = {
          properties = { "command" }
        }
      },
      completion = {
        completionItem = {
          commitCharactersSupport = false,
          deprecatedSupport = true,
          documentationFormat = { "markdown", "plaintext" },
          insertReplaceSupport = true,
          insertTextModeSupport = {
            valueSet = { 1 }
          },
          labelDetailsSupport = true,
          preselectSupport = false,
          resolveSupport = {
            properties = { "documentation", "detail", "additionalTextEdits", "command", "data" }
          },
          snippetSupport = true,
          tagSupport = {
            valueSet = { 1 }
          }
        },
        completionItemKind = {
          valueSet = { 1, 2, 3, 4, 5, 6, 7, 8, 9, 10, 11, 12, 13, 14, 15, 16, 17, 18, 19, 20, 21, 22, 23, 24, 25 }
        },
        completionList = {
          itemDefaults = { "commitCharacters", "editRange", "insertTextFormat", "insertTextMode", "data" }
        },
        contextSupport = true,
        dynamicRegistration = false,
        insertTextMode = 1
      },
      declaration = {
        linkSupport = true
      },
      definition = {
        dynamicRegistration = true,
        linkSupport = true
      },
      diagnostic = {
        dynamicRegistration = false,
        tagSupport = {
          valueSet = { 1, 2 }
        }
      },
      documentHighlight = {
        dynamicRegistration = false
      },
      documentSymbol = {
        dynamicRegistration = false,
        hierarchicalDocumentSymbolSupport = true,
        symbolKind = {
          valueSet = { 1, 2, 3, 4, 5, 6, 7, 8, 9, 10, 11, 12, 13, 14, 15, 16, 17, 18, 19, 20, 21, 22, 23, 24, 25, 26 }
        }
      },
      foldingRange = {
        dynamicRegistration = false,
        foldingRange = {
          collapsedText = true
        },
        foldingRangeKind = {
          valueSet = { "comment", "imports", "region" }
        },
        lineFoldingOnly = true
      },
      formatting = {
        dynamicRegistration = true
      },
      hover = {
        contentFormat = { "markdown", "plaintext" },
        dynamicRegistration = true
      },
      implementation = {
        linkSupport = true
      },
      inlayHint = {
        dynamicRegistration = true,
        resolveSupport = {
          properties = { "textEdits", "tooltip", "location", "command" }
        }
      },
      publishDiagnostics = {
        dataSupport = true,
        relatedInformation = true,
        tagSupport = {
          valueSet = { 1, 2 }
        }
      },
      rangeFormatting = {
        dynamicRegistration = true,
        rangesSupport = true
      },
      references = {
        dynamicRegistration = false
      },
      rename = {
        dynamicRegistration = true,
        prepareSupport = true
      },
      semanticTokens = {
        augmentsSyntaxTokens = true,
        dynamicRegistration = false,
        formats = { "relative" },
        multilineTokenSupport = false,
        overlappingTokenSupport = true,
        requests = {
          full = {
            delta = true
          },
          range = false
        },
        serverCancelSupport = false,
        tokenModifiers = { "declaration", "definition", "readonly", "static", "deprecated", "abstract", "async", "modification", "documentation", "defaultLibrary" },
        tokenTypes = { "namespace", "type", "class", "enum", "interface", "struct", "typeParameter", "parameter", "variable", "property", "enumMember", "event", "function", "method", "macro", "keyword", "modifier", "comment", "string", "number", "regexp", "operator", "decorator" }
      },
      signatureHelp = {
        dynamicRegistration = false,
        signatureInformation = {
          activeParameterSupport = true,
          documentationFormat = { "markdown", "plaintext" },
          parameterInformation = {
            labelOffsetSupport = true
          }
        }
      },
      synchronization = {
        didSave = true,
        dynamicRegistration = false,
        willSave = true,
        willSaveWaitUntil = true
      },
      typeDefinition = {
        linkSupport = true
      }
    },
    window = {
      showDocument = {
        support = true
      },
      showMessage = {
        messageActionItem = {
          additionalPropertiesSupport = true
        }
      },
      workDoneProgress = true
    },
    workspace = {
      applyEdit = true,
      configuration = true,
      didChangeConfiguration = {
        dynamicRegistration = false
      },
      didChangeWatchedFiles = {
        dynamicRegistration = true,
        relativePatternSupport = true
      },
      inlayHint = {
        refreshSupport = true
      },
      semanticTokens = {
        refreshSupport = true
      },
      symbol = {
        dynamicRegistration = false,
        symbolKind = {
          valueSet = { 1, 2, 3, 4, 5, 6, 7, 8, 9, 10, 11, 12, 13, 14, 15, 16, 17, 18, 19, 20, 21, 22, 23, 24, 25, 26 }
        }
      },
      workspaceEdit = {
        resourceOperations = { "rename", "create", "delete" }
      },
      workspaceFolders = true
    }
  },
  clientInfo = {
    name = "Neovim",
    version = "0.11.4+gcec0ecabd8"
  },
  processId = 22064,
  rootPath = "C:\\Users\\ldp\\Dp1\\lazy\\nvim",
  rootUri = "file:///C:/Users/ldp/Dp1/lazy/nvim",
  trace = "off",
  workDoneToken = "1",
  workspaceFolders = { {
      name = "C:/Users/ldp/Dp1/lazy/nvim",
      uri = "file:///C:/Users/ldp/Dp1/lazy/nvim"
    } }
}
[23:01:59.157][info] [#0:script\language.lua:137]: VSC language: nil
[23:01:59.157][info] [#0:script\language.lua:138]: LS  language: en-us
[23:01:59.157][info] [#0:script\workspace\workspace.lua:38]: Workspace init root: 	file:///C:/Users/ldp/Dp1/lazy/nvim
[23:01:59.157][info] [#0:script\workspace\workspace.lua:42]: Log path: 	C:/Users/ldp/Dp1/Mason/packages/lua-language-server/log/file_C_Users_ldp_Dp1_lazy_nvim.log
[23:01:59.194][info] [#0:script\workspace\workspace.lua:48]: Workspace create: 	file:///c%3A/Users/ldp/Dp1/lazy/nvim
[23:01:59.514][info] [#0:script\provider\provider.lua:49]: Load config from client	file:///c%3A/Users/ldp/Dp1/lazy/nvim
[23:01:59.514][info] [#0:script\provider\provider.lua:50]: {
  Lua = {
    completion = {
      callSnippet = "Replace"
    },
    runtime = {
      path = { "?.lua", "?/init.lua" },
      pathStrict = true,
      version = "LuaJIT"
    },
    workspace = {
      checkThirdParty = false,
      ignoreDir = { "/lua" },
      library = { "c:/Program Files/Neovim/share/nvim/runtime/lua", "c:/Users/ldp/Dp1/lazy/nvim/lua", "c:/Users/ldp/Dp1/lazy/nvim1/lua" }
    }
  }
}
[23:01:59.514][info] [#0:script\provider\provider.lua:49]: Load config from client	file:///c%3A/Users/ldp/Dp1/lazy/nvim
[23:01:59.514][info] [#0:script\provider\provider.lua:50]: {
  Lua = {
    completion = {
      callSnippet = "Replace"
    },
    runtime = {
      path = { "?.lua", "?/init.lua" },
      pathStrict = true,
      version = "LuaJIT"
    },
    workspace = {
      checkThirdParty = false,
      ignoreDir = { "/lua" },
      library = { "c:/Program Files/Neovim/share/nvim/runtime/lua", "c:/Users/ldp/Dp1/lazy/nvim/lua", "c:/Users/ldp/Dp1/lazy/nvim1/lua" }
    }
  }
}
[23:01:59.622][warn] [#0:script\config\loader.lua:116]: No config?	{}
[23:01:59.622][info] [#0:script\provider\provider.lua:65]: Load config from client	fallback
[23:01:59.622][info] [#0:script\provider\provider.lua:66]: nil
[23:01:59.622][warn] [#0:script\config\loader.lua:116]: No config?	{}
[23:01:59.623][info] [#0:script\provider\provider.lua:65]: Load config from client	fallback
[23:01:59.623][info] [#0:script\provider\provider.lua:66]: nil
[23:01:59.623][info] [#0:script\provider\provider.lua:49]: Load config from client	file:///c%3A/Users/ldp/Dp1/lazy/nvim
[23:01:59.623][info] [#0:script\provider\provider.lua:50]: {
  Lua = {
    completion = {
      callSnippet = "Replace"
    },
    runtime = {
      path = { "?.lua", "?/init.lua" },
      pathStrict = true,
      version = "LuaJIT"
    },
    workspace = {
      checkThirdParty = false,
      ignoreDir = { "/lua" },
      library = { "c:/Program Files/Neovim/share/nvim/runtime/lua", "c:/Users/ldp/Dp1/lazy/nvim/lua", "c:/Users/ldp/Dp1/lazy/nvim1/lua" }
    }
  }
}
[23:01:59.736][info] [#0:script\library.lua:212]: Init builtin library at:	file:///c%3A/Users/ldp/Dp1/lazy/nvim
[23:01:59.749][info] [#0:script\library.lua:212]: Init builtin library at:	nil
[23:01:59.780][warn] [#0:script\config\loader.lua:116]: No config?	{}
[23:01:59.780][info] [#0:script\provider\provider.lua:65]: Load config from client	fallback
[23:01:59.780][info] [#0:script\provider\provider.lua:66]: nil
[23:01:59.882][info] [#0:script\workspace\workspace.lua:330]: Preload start:	file:///c%3A/Users/ldp/Dp1/lazy/nvim
[23:01:59.917][info] [#0:script\workspace\workspace.lua:336]: Scan files at:	file:///c%3A/Users/ldp/Dp1/lazy/nvim
[23:01:59.918][info] [#0:script\workspace\workspace.lua:330]: Preload start:	<fallback>
[23:01:59.919][info] [#0:script\workspace\workspace.lua:359]: Scan library at:	file:///c%3A/Users/ldp/Dp1/Mason/packages/lua-language-server/meta/Lua%205.4%20en-us%20utf8/table.lua
[23:01:59.919][info] [#0:script\workspace\workspace.lua:359]: Scan library at:	file:///c%3A/Users/ldp/Dp1/Mason/packages/lua-language-server/meta/Lua%205.4%20en-us%20utf8/coroutine.lua
[23:01:59.919][info] [#0:script\workspace\workspace.lua:359]: Scan library at:	file:///c%3A/Users/ldp/Dp1/Mason/packages/lua-language-server/meta/Lua%205.4%20en-us%20utf8/builtin.lua
[23:01:59.919][info] [#0:script\workspace\workspace.lua:359]: Scan library at:	file:///c%3A/Users/ldp/Dp1/Mason/packages/lua-language-server/meta/Lua%205.4%20en-us%20utf8/os.lua
[23:01:59.920][info] [#0:script\workspace\workspace.lua:359]: Scan library at:	file:///c%3A/Users/ldp/Dp1/Mason/packages/lua-language-server/meta/Lua%205.4%20en-us%20utf8/utf8.lua
[23:01:59.920][info] [#0:script\workspace\workspace.lua:359]: Scan library at:	file:///c%3A/Users/ldp/Dp1/Mason/packages/lua-language-server/meta/Lua%205.4%20en-us%20utf8/debug.lua
[23:01:59.920][info] [#0:script\workspace\workspace.lua:359]: Scan library at:	file:///c%3A/Users/ldp/Dp1/Mason/packages/lua-language-server/meta/Lua%205.4%20en-us%20utf8/math.lua
[23:01:59.921][info] [#0:script\workspace\workspace.lua:359]: Scan library at:	file:///c%3A/Users/ldp/Dp1/Mason/packages/lua-language-server/meta/Lua%205.4%20en-us%20utf8/basic.lua
[23:01:59.921][info] [#0:script\workspace\workspace.lua:359]: Scan library at:	file:///c%3A/Users/ldp/Dp1/Mason/packages/lua-language-server/meta/Lua%205.4%20en-us%20utf8/io.lua
[23:01:59.921][info] [#0:script\workspace\workspace.lua:359]: Scan library at:	file:///c%3A/Users/ldp/Dp1/Mason/packages/lua-language-server/meta/Lua%205.4%20en-us%20utf8/string.lua
[23:01:59.921][info] [#0:script\workspace\workspace.lua:359]: Scan library at:	file:///c%3A/Users/ldp/Dp1/Mason/packages/lua-language-server/meta/Lua%205.4%20en-us%20utf8/package.lua
[23:01:59.922][info] [#0:script\workspace\workspace.lua:359]: Scan library at:	file:///c%3A/Users/ldp/Dp1/Mason/packages/lua-language-server/meta/LuaJIT%20en-us%20utf8/string/buffer.lua
[23:01:59.922][info] [#0:script\workspace\workspace.lua:359]: Scan library at:	file:///c%3A/Users/ldp/Dp1/Mason/packages/lua-language-server/meta/LuaJIT%20en-us%20utf8/jit/util.lua
[23:01:59.922][info] [#0:script\workspace\workspace.lua:359]: Scan library at:	file:///c%3A/Users/ldp/Dp1/Mason/packages/lua-language-server/meta/LuaJIT%20en-us%20utf8/io.lua
[23:01:59.922][info] [#0:script\workspace\workspace.lua:359]: Scan library at:	file:///c%3A/Program%20Files/Neovim/share/nvim/runtime/lua
[23:01:59.932][info] [#0:script\workspace\workspace.lua:359]: Scan library at:	file:///c%3A/Users/ldp/Dp1/Mason/packages/lua-language-server/meta/LuaJIT%20en-us%20utf8/ffi.lua
[23:01:59.933][info] [#0:script\workspace\workspace.lua:359]: Scan library at:	file:///c%3A/Users/ldp/Dp1/Mason/packages/lua-language-server/meta/LuaJIT%20en-us%20utf8/jit.lua
[23:01:59.933][info] [#0:script\workspace\workspace.lua:359]: Scan library at:	file:///c%3A/Users/ldp/Dp1/Mason/packages/lua-language-server/meta/LuaJIT%20en-us%20utf8/table/clear.lua
[23:01:59.933][info] [#0:script\workspace\workspace.lua:359]: Scan library at:	file:///c%3A/Users/ldp/Dp1/lazy/nvim1/lua
[23:01:59.936][info] [#0:script\workspace\workspace.lua:359]: Scan library at:	file:///c%3A/Users/ldp/Dp1/Mason/packages/lua-language-server/meta/LuaJIT%20en-us%20utf8/os.lua
[23:01:59.936][info] [#0:script\workspace\workspace.lua:359]: Scan library at:	file:///c%3A/Users/ldp/Dp1/Mason/packages/lua-language-server/meta/LuaJIT%20en-us%20utf8/builtin.lua
[23:01:59.936][info] [#0:script\workspace\workspace.lua:359]: Scan library at:	file:///c%3A/Users/ldp/Dp1/Mason/packages/lua-language-server/meta/LuaJIT%20en-us%20utf8/string.lua
[23:01:59.937][info] [#0:script\workspace\workspace.lua:359]: Scan library at:	file:///c%3A/Users/ldp/Dp1/Mason/packages/lua-language-server/meta/LuaJIT%20en-us%20utf8/package.lua
[23:01:59.937][info] [#0:script\workspace\workspace.lua:359]: Scan library at:	file:///c%3A/Users/ldp/Dp1/Mason/packages/lua-language-server/meta/LuaJIT%20en-us%20utf8/jit/profile.lua
[23:01:59.937][info] [#0:script\workspace\workspace.lua:359]: Scan library at:	file:///c%3A/Users/ldp/Dp1/Mason/packages/lua-language-server/meta/LuaJIT%20en-us%20utf8/debug.lua
[23:01:59.937][info] [#0:script\workspace\workspace.lua:359]: Scan library at:	file:///c%3A/Users/ldp/Dp1/Mason/packages/lua-language-server/meta/LuaJIT%20en-us%20utf8/bit.lua
[23:01:59.937][info] [#0:script\workspace\workspace.lua:359]: Scan library at:	file:///c%3A/Users/ldp/Dp1/Mason/packages/lua-language-server/meta/LuaJIT%20en-us%20utf8/table/new.lua
[23:01:59.937][info] [#0:script\workspace\workspace.lua:359]: Scan library at:	file:///c%3A/Users/ldp/Dp1/Mason/packages/lua-language-server/meta/LuaJIT%20en-us%20utf8/math.lua
[23:01:59.937][info] [#0:script\workspace\workspace.lua:359]: Scan library at:	file:///c%3A/Users/ldp/Dp1/lazy/nvim/lua
[23:01:59.939][info] [#0:script\workspace\workspace.lua:359]: Scan library at:	file:///c%3A/Users/ldp/Dp1/Mason/packages/lua-language-server/meta/LuaJIT%20en-us%20utf8/table.lua
[23:01:59.939][info] [#0:script\workspace\workspace.lua:359]: Scan library at:	file:///c%3A/Users/ldp/Dp1/Mason/packages/lua-language-server/meta/LuaJIT%20en-us%20utf8/coroutine.lua
[23:01:59.939][info] [#0:script\workspace\workspace.lua:359]: Scan library at:	file:///c%3A/Users/ldp/Dp1/Mason/packages/lua-language-server/meta/LuaJIT%20en-us%20utf8/basic.lua
[23:02:00.049][info] [#0:script\workspace\workspace.lua:385]: Found 11 files at:	<fallback>
[23:02:00.049][info] [#0:script\workspace\loading.lua:160]: Load files from disk:	<fallback>
[23:02:00.049][info] [#0:script\workspace\workspace.lua:385]: Found 193 files at:	file:///c%3A/Users/ldp/Dp1/lazy/nvim
[23:02:00.049][info] [#0:script\workspace\loading.lua:160]: Load files from disk:	file:///c%3A/Users/ldp/Dp1/lazy/nvim
[23:02:00.052][info] [#0:script\workspace\loading.lua:88]: Skip loaded file: file:///c%3A/Users/ldp/Dp1/lazy/nvim/lua/event_inputmethod.lua
[23:02:00.052][info] [#0:script\workspace\loading.lua:112]: ++++As library of:	file:///c%3A/Users/ldp/Dp1/lazy/nvim/lua
[23:02:00.053][info] [#0:script\workspace\loading.lua:100]: Preload file at: file:///c%3A/Users/ldp/Dp1/Mason/packages/lua-language-server/meta/Lua%205.4%20en-us%20utf8/package.lua , size = 2.944 KB
[23:02:00.055][info] [#0:script\workspace\loading.lua:112]: ++++As library of:	file:///c%3A/Users/ldp/Dp1/Mason/packages/lua-language-server/meta/Lua%205.4%20en-us%20utf8/package.lua
[23:02:00.055][info] [#0:script\workspace\loading.lua:100]: Preload file at: file:///c%3A/Users/ldp/Dp1/Mason/packages/lua-language-server/meta/LuaJIT%20en-us%20utf8/basic.lua , size = 15.443 KB
[23:02:00.062][info] [#0:script\workspace\loading.lua:112]: ++++As library of:	file:///c%3A/Users/ldp/Dp1/Mason/packages/lua-language-server/meta/LuaJIT%20en-us%20utf8/basic.lua
[23:02:00.062][info] [#0:script\workspace\loading.lua:100]: Preload file at: file:///c%3A/Users/ldp/Dp1/Mason/packages/lua-language-server/meta/Lua%205.4%20en-us%20utf8/string.lua , size = 5.234 KB
[23:02:00.064][info] [#0:script\workspace\loading.lua:112]: ++++As library of:	file:///c%3A/Users/ldp/Dp1/Mason/packages/lua-language-server/meta/Lua%205.4%20en-us%20utf8/string.lua
[23:02:00.064][info] [#0:script\workspace\loading.lua:100]: Preload file at: file:///c%3A/Users/ldp/Dp1/Mason/packages/lua-language-server/meta/LuaJIT%20en-us%20utf8/coroutine.lua , size = 2.541 KB
[23:02:00.066][info] [#0:script\workspace\loading.lua:112]: ++++As library of:	file:///c%3A/Users/ldp/Dp1/Mason/packages/lua-language-server/meta/LuaJIT%20en-us%20utf8/coroutine.lua
[23:02:00.066][info] [#0:script\workspace\loading.lua:100]: Preload file at: file:///c%3A/Users/ldp/Dp1/Mason/packages/lua-language-server/meta/Lua%205.4%20en-us%20utf8/io.lua , size = 6.364 KB
[23:02:00.068][info] [#0:script\workspace\loading.lua:112]: ++++As library of:	file:///c%3A/Users/ldp/Dp1/Mason/packages/lua-language-server/meta/Lua%205.4%20en-us%20utf8/io.lua
[23:02:00.068][info] [#0:script\workspace\loading.lua:100]: Preload file at: file:///c%3A/Users/ldp/Dp1/Mason/packages/lua-language-server/meta/LuaJIT%20en-us%20utf8/table.lua , size = 4.445 KB
[23:02:00.070][info] [#0:script\workspace\loading.lua:112]: ++++As library of:	file:///c%3A/Users/ldp/Dp1/Mason/packages/lua-language-server/meta/LuaJIT%20en-us%20utf8/table.lua
[23:02:00.070][info] [#0:script\workspace\loading.lua:100]: Preload file at: file:///c%3A/Users/ldp/Dp1/Mason/packages/lua-language-server/meta/Lua%205.4%20en-us%20utf8/basic.lua , size = 15.841 KB
[23:02:00.076][info] [#0:script\workspace\loading.lua:112]: ++++As library of:	file:///c%3A/Users/ldp/Dp1/Mason/packages/lua-language-server/meta/Lua%205.4%20en-us%20utf8/basic.lua
[23:02:00.077][info] [#0:script\workspace\loading.lua:100]: Preload file at: file:///c%3A/Users/ldp/Dp1/Mason/packages/lua-language-server/meta/Lua%205.4%20en-us%20utf8/math.lua , size = 8.542 KB
[23:02:00.079][info] [#0:script\workspace\loading.lua:112]: ++++As library of:	file:///c%3A/Users/ldp/Dp1/Mason/packages/lua-language-server/meta/Lua%205.4%20en-us%20utf8/math.lua
[23:02:00.079][info] [#0:script\workspace\loading.lua:100]: Preload file at: file:///c%3A/Users/ldp/Dp1/lazy/nvim/lua/event.lua , size = 3.095 KB
[23:02:00.080][info] [#0:script\workspace\loading.lua:112]: ++++As library of:	file:///c%3A/Users/ldp/Dp1/lazy/nvim/lua
[23:02:00.080][info] [#0:script\workspace\loading.lua:100]: Preload file at: file:///c%3A/Users/ldp/Dp1/Mason/packages/lua-language-server/meta/Lua%205.4%20en-us%20utf8/debug.lua , size = 7.637 KB
[23:02:00.083][info] [#0:script\workspace\loading.lua:112]: ++++As library of:	file:///c%3A/Users/ldp/Dp1/Mason/packages/lua-language-server/meta/Lua%205.4%20en-us%20utf8/debug.lua
[23:02:00.083][info] [#0:script\workspace\loading.lua:100]: Preload file at: file:///c%3A/Users/ldp/Dp1/Mason/packages/lua-language-server/meta/Lua%205.4%20en-us%20utf8/utf8.lua , size = 2.386 KB
[23:02:00.085][info] [#0:script\workspace\loading.lua:112]: ++++As library of:	file:///c%3A/Users/ldp/Dp1/Mason/packages/lua-language-server/meta/Lua%205.4%20en-us%20utf8/utf8.lua
[23:02:00.085][info] [#0:script\workspace\loading.lua:100]: Preload file at: file:///c%3A/Users/ldp/Dp1/lazy/nvim/lua/event_textchanged.lua , size = 1.812 KB
[23:02:00.086][info] [#0:script\workspace\loading.lua:112]: ++++As library of:	file:///c%3A/Users/ldp/Dp1/lazy/nvim/lua
[23:02:00.086][info] [#0:script\workspace\loading.lua:100]: Preload file at: file:///c%3A/Users/ldp/Dp1/Mason/packages/lua-language-server/meta/Lua%205.4%20en-us%20utf8/os.lua , size = 5.611 KB
[23:02:00.088][info] [#0:script\workspace\loading.lua:112]: ++++As library of:	file:///c%3A/Users/ldp/Dp1/Mason/packages/lua-language-server/meta/Lua%205.4%20en-us%20utf8/os.lua
[23:02:00.088][info] [#0:script\workspace\loading.lua:100]: Preload file at: file:///c%3A/Users/ldp/Dp1/lazy/nvim/lua/event_bufreadpost.lua , size = 12.660 KB
[23:02:00.096][info] [#0:script\workspace\loading.lua:112]: ++++As library of:	file:///c%3A/Users/ldp/Dp1/lazy/nvim/lua
[23:02:00.096][info] [#0:script\workspace\loading.lua:100]: Preload file at: file:///c%3A/Users/ldp/Dp1/Mason/packages/lua-language-server/meta/Lua%205.4%20en-us%20utf8/builtin.lua , size = 0.302 KB
[23:02:00.097][info] [#0:script\workspace\loading.lua:112]: ++++As library of:	file:///c%3A/Users/ldp/Dp1/Mason/packages/lua-language-server/meta/Lua%205.4%20en-us%20utf8/builtin.lua
[23:02:00.205][info] [#0:script\workspace\loading.lua:100]: Preload file at: file:///c%3A/Users/ldp/Dp1/lazy/nvim/lua/leader.lua , size = 5.645 KB
[23:02:00.207][info] [#0:script\workspace\loading.lua:112]: ++++As library of:	file:///c%3A/Users/ldp/Dp1/lazy/nvim/lua
[23:02:00.207][info] [#0:script\workspace\loading.lua:100]: Preload file at: file:///c%3A/Users/ldp/Dp1/Mason/packages/lua-language-server/meta/Lua%205.4%20en-us%20utf8/coroutine.lua , size = 2.590 KB
[23:02:00.209][info] [#0:script\workspace\loading.lua:112]: ++++As library of:	file:///c%3A/Users/ldp/Dp1/Mason/packages/lua-language-server/meta/Lua%205.4%20en-us%20utf8/coroutine.lua
[23:02:00.209][info] [#0:script\workspace\loading.lua:100]: Preload file at: file:///c%3A/Users/ldp/Dp1/lazy/nvim/lua/map.lua , size = 6.971 KB
[23:02:00.211][info] [#0:script\workspace\loading.lua:112]: ++++As library of:	file:///c%3A/Users/ldp/Dp1/lazy/nvim/lua
[23:02:00.211][info] [#0:script\workspace\loading.lua:100]: Preload file at: file:///c%3A/Users/ldp/Dp1/Mason/packages/lua-language-server/meta/Lua%205.4%20en-us%20utf8/table.lua , size = 4.445 KB
[23:02:00.213][info] [#0:script\workspace\loading.lua:112]: ++++As library of:	file:///c%3A/Users/ldp/Dp1/Mason/packages/lua-language-server/meta/Lua%205.4%20en-us%20utf8/table.lua
[23:02:00.213][info] [#0:script\workspace\loading.lua:100]: Preload file at: file:///c%3A/Users/ldp/Dp1/lazy/nvim/lua/options.lua , size = 2.078 KB
[23:02:00.214][info] [#0:script\workspace\loading.lua:112]: ++++As library of:	file:///c%3A/Users/ldp/Dp1/lazy/nvim/lua
[23:02:00.214][info] [#0:script\workspace\loading.lua:100]: Preload file at: file:///c%3A/Users/ldp/Dp1/lazy/nvim/lua/_cmp.lua , size = 1.568 KB
[23:02:00.215][info] [#0:script\workspace\loading.lua:112]: ++++As library of:	file:///c%3A/Users/ldp/Dp1/lazy/nvim/lua
[23:02:00.215][info] [#0:script\workspace\loading.lua:100]: Preload file at: file:///c%3A/Users/ldp/Dp1/lazy/nvim/lua/third.lua , size = 12.869 KB
[23:02:00.218][info] [#0:script\workspace\loading.lua:112]: ++++As library of:	file:///c%3A/Users/ldp/Dp1/lazy/nvim/lua
[23:02:00.218][info] [#0:script\workspace\loading.lua:100]: Preload file at: file:///c%3A/Users/ldp/Dp1/lazy/nvim/lua/_commenter.lua , size = 0.674 KB
[23:02:00.218][info] [#0:script\workspace\loading.lua:112]: ++++As library of:	file:///c%3A/Users/ldp/Dp1/lazy/nvim/lua
[23:02:00.218][info] [#0:script\workspace\loading.lua:100]: Preload file at: file:///c%3A/Users/ldp/Dp1/lazy/nvim/lua/_minimap.lua , size = 0.508 KB
[23:02:00.219][info] [#0:script\workspace\loading.lua:112]: ++++As library of:	file:///c%3A/Users/ldp/Dp1/lazy/nvim/lua
[23:02:00.219][info] [#0:script\workspace\loading.lua:100]: Preload file at: file:///c%3A/Users/ldp/Dp1/lazy/nvim/lua/_lsp.lua , size = 4.399 KB
[23:02:00.220][info] [#0:script\workspace\loading.lua:112]: ++++As library of:	file:///c%3A/Users/ldp/Dp1/lazy/nvim/lua
[23:02:00.220][info] [#0:script\workspace\loading.lua:100]: Preload file at: file:///c%3A/Users/ldp/Dp1/lazy/nvim/lua/_projectroot.lua , size = 0.303 KB
[23:02:00.220][info] [#0:script\workspace\loading.lua:112]: ++++As library of:	file:///c%3A/Users/ldp/Dp1/lazy/nvim/lua
[23:02:00.333][info] [#0:script\workspace\loading.lua:172]: Loaded files takes [0.283] sec: <fallback>
[23:02:00.333][info] [#0:script\workspace\loading.lua:181]: Compile files takes [0.000] sec: <fallback>
[23:02:00.333][info] [#0:script\workspace\loading.lua:182]: Loaded finish:	<fallback>
[23:02:00.333][info] [#0:script\workspace\workspace.lua:387]: Preload finish at:	<fallback>
[23:02:00.335][info] [#0:script\workspace\loading.lua:100]: Preload file at: file:///c%3A/Users/ldp/Dp1/lazy/nvim/lua/_nvimtree.lua , size = 7.653 KB
[23:02:00.342][info] [#0:script\workspace\loading.lua:112]: ++++As library of:	file:///c%3A/Users/ldp/Dp1/lazy/nvim/lua
[23:02:00.342][info] [#0:script\workspace\loading.lua:100]: Preload file at: file:///c%3A/Users/ldp/Dp1/lazy/nvim/lua/_spectre.lua , size = 0.547 KB
[23:02:00.342][info] [#0:script\workspace\loading.lua:112]: ++++As library of:	file:///c%3A/Users/ldp/Dp1/lazy/nvim/lua
[23:02:00.342][info] [#0:script\workspace\loading.lua:100]: Preload file at: file:///c%3A/Users/ldp/Dp1/lazy/nvim/lua/_test.lua , size = 2.813 KB
[23:02:00.343][info] [#0:script\workspace\loading.lua:112]: ++++As library of:	file:///c%3A/Users/ldp/Dp1/lazy/nvim/lua
[23:02:00.343][info] [#0:script\workspace\loading.lua:100]: Preload file at: file:///c%3A/Users/ldp/Dp1/lazy/nvim/lua/_telescope.lua , size = 5.012 KB
[23:02:00.344][info] [#0:script\workspace\loading.lua:112]: ++++As library of:	file:///c%3A/Users/ldp/Dp1/lazy/nvim/lua
[23:02:00.344][info] [#0:script\workspace\loading.lua:100]: Preload file at: file:///c%3A/Users/ldp/Dp1/lazy/nvim/lua/_treesitter.lua , size = 1.724 KB
[23:02:00.345][info] [#0:script\workspace\loading.lua:112]: ++++As library of:	file:///c%3A/Users/ldp/Dp1/lazy/nvim/lua
[23:02:00.345][info] [#0:script\workspace\loading.lua:100]: Preload file at: file:///c%3A/Users/ldp/Dp1/Mason/packages/lua-language-server/meta/LuaJIT%20en-us%20utf8/math.lua , size = 7.982 KB
[23:02:00.348][info] [#0:script\workspace\loading.lua:112]: ++++As library of:	file:///c%3A/Users/ldp/Dp1/Mason/packages/lua-language-server/meta/LuaJIT%20en-us%20utf8/math.lua
[23:02:00.348][info] [#0:script\workspace\loading.lua:100]: Preload file at: file:///c%3A/Users/ldp/Dp1/Mason/packages/lua-language-server/meta/LuaJIT%20en-us%20utf8/table/new.lua , size = 0.642 KB
[23:02:00.348][info] [#0:script\workspace\loading.lua:112]: ++++As library of:	file:///c%3A/Users/ldp/Dp1/Mason/packages/lua-language-server/meta/LuaJIT%20en-us%20utf8/table/new.lua
[23:02:00.348][info] [#0:script\workspace\loading.lua:100]: Preload file at: file:///c%3A/Users/ldp/Dp1/Mason/packages/lua-language-server/meta/LuaJIT%20en-us%20utf8/bit.lua , size = 1.243 KB
[23:02:00.349][info] [#0:script\workspace\loading.lua:112]: ++++As library of:	file:///c%3A/Users/ldp/Dp1/Mason/packages/lua-language-server/meta/LuaJIT%20en-us%20utf8/bit.lua
[23:02:00.349][info] [#0:script\workspace\loading.lua:100]: Preload file at: file:///c%3A/Users/ldp/Dp1/Mason/packages/lua-language-server/meta/LuaJIT%20en-us%20utf8/debug.lua , size = 7.310 KB
[23:02:00.352][info] [#0:script\workspace\loading.lua:112]: ++++As library of:	file:///c%3A/Users/ldp/Dp1/Mason/packages/lua-language-server/meta/LuaJIT%20en-us%20utf8/debug.lua
[23:02:00.352][info] [#0:script\workspace\loading.lua:100]: Preload file at: file:///c%3A/Users/ldp/Dp1/Mason/packages/lua-language-server/meta/LuaJIT%20en-us%20utf8/jit/profile.lua , size = 0.348 KB
[23:02:00.352][info] [#0:script\workspace\loading.lua:112]: ++++As library of:	file:///c%3A/Users/ldp/Dp1/Mason/packages/lua-language-server/meta/LuaJIT%20en-us%20utf8/jit/profile.lua
[23:02:00.352][info] [#0:script\workspace\loading.lua:100]: Preload file at: file:///c%3A/Users/ldp/Dp1/Mason/packages/lua-language-server/meta/LuaJIT%20en-us%20utf8/package.lua , size = 2.699 KB
[23:02:00.353][info] [#0:script\workspace\loading.lua:112]: ++++As library of:	file:///c%3A/Users/ldp/Dp1/Mason/packages/lua-language-server/meta/LuaJIT%20en-us%20utf8/package.lua
[23:02:00.353][info] [#0:script\workspace\loading.lua:100]: Preload file at: file:///c%3A/Users/ldp/Dp1/Mason/packages/lua-language-server/meta/LuaJIT%20en-us%20utf8/string.lua , size = 5.217 KB
[23:02:00.355][info] [#0:script\workspace\loading.lua:112]: ++++As library of:	file:///c%3A/Users/ldp/Dp1/Mason/packages/lua-language-server/meta/LuaJIT%20en-us%20utf8/string.lua
[23:02:00.355][info] [#0:script\workspace\loading.lua:100]: Preload file at: file:///c%3A/Users/ldp/Dp1/Mason/packages/lua-language-server/meta/LuaJIT%20en-us%20utf8/builtin.lua , size = 0.302 KB
[23:02:00.356][info] [#0:script\workspace\loading.lua:112]: ++++As library of:	file:///c%3A/Users/ldp/Dp1/Mason/packages/lua-language-server/meta/LuaJIT%20en-us%20utf8/builtin.lua
[23:02:00.356][info] [#0:script\workspace\loading.lua:100]: Preload file at: file:///c%3A/Users/ldp/Dp1/Mason/packages/lua-language-server/meta/LuaJIT%20en-us%20utf8/os.lua , size = 5.611 KB
[23:02:00.358][info] [#0:script\workspace\loading.lua:112]: ++++As library of:	file:///c%3A/Users/ldp/Dp1/Mason/packages/lua-language-server/meta/LuaJIT%20en-us%20utf8/os.lua
[23:02:00.358][info] [#0:script\workspace\loading.lua:100]: Preload file at: file:///c%3A/Users/ldp/Dp1/lazy/nvim1/lua/events.lua , size = 6.428 KB
[23:02:00.360][info] [#0:script\workspace\loading.lua:112]: ++++As library of:	file:///c%3A/Users/ldp/Dp1/lazy/nvim1/lua
[23:02:00.360][info] [#0:script\workspace\loading.lua:100]: Preload file at: file:///c%3A/Users/ldp/Dp1/lazy/nvim1/lua/f.lua , size = 25.778 KB
[23:02:00.375][info] [#0:script\workspace\loading.lua:112]: ++++As library of:	file:///c%3A/Users/ldp/Dp1/lazy/nvim1/lua
[23:02:00.375][info] [#0:script\workspace\loading.lua:100]: Preload file at: file:///c%3A/Users/ldp/Dp1/lazy/nvim/lua/_todo_dial.lua , size = 5.744 KB
[23:02:00.378][info] [#0:script\workspace\loading.lua:112]: ++++As library of:	file:///c%3A/Users/ldp/Dp1/lazy/nvim/lua
[23:02:00.378][info] [#0:script\workspace\loading.lua:100]: Preload file at: file:///c%3A/Users/ldp/Dp1/lazy/nvim1/lua/g_fFdo.lua , size = 7.841 KB
[23:02:00.380][info] [#0:script\workspace\loading.lua:112]: ++++As library of:	file:///c%3A/Users/ldp/Dp1/lazy/nvim1/lua
[23:02:00.381][info] [#0:script\workspace\loading.lua:100]: Preload file at: file:///c%3A/Users/ldp/Dp1/lazy/nvim1/lua/leader/b.lua , size = 1.188 KB
[23:02:00.381][info] [#0:script\workspace\loading.lua:112]: ++++As library of:	file:///c%3A/Users/ldp/Dp1/lazy/nvim1/lua
[23:02:00.381][info] [#0:script\workspace\loading.lua:100]: Preload file at: file:///c%3A/Users/ldp/Dp1/lazy/nvim1/lua/leader/buffer_message.lua , size = 1.185 KB
[23:02:00.382][info] [#0:script\workspace\loading.lua:112]: ++++As library of:	file:///c%3A/Users/ldp/Dp1/lazy/nvim1/lua
[23:02:00.382][info] [#0:script\workspace\loading.lua:100]: Preload file at: file:///c%3A/Users/ldp/Dp1/lazy/nvim1/lua/leader/buffer_swap.lua , size = 0.990 KB
[23:02:00.382][info] [#0:script\workspace\loading.lua:112]: ++++As library of:	file:///c%3A/Users/ldp/Dp1/lazy/nvim1/lua
[23:02:00.383][info] [#0:script\workspace\loading.lua:100]: Preload file at: file:///c%3A/Users/ldp/Dp1/lazy/nvim1/lua/leader/c.lua , size = 0.510 KB
[23:02:00.383][info] [#0:script\workspace\loading.lua:112]: ++++As library of:	file:///c%3A/Users/ldp/Dp1/lazy/nvim1/lua
[23:02:00.383][info] [#0:script\workspace\loading.lua:100]: Preload file at: file:///c%3A/Users/ldp/Dp1/lazy/nvim1/lua/leader/copy_to_desktop.lua , size = 2.285 KB
[23:02:00.384][info] [#0:script\workspace\loading.lua:112]: ++++As library of:	file:///c%3A/Users/ldp/Dp1/lazy/nvim1/lua
[23:02:00.384][info] [#0:script\workspace\loading.lua:100]: Preload file at: file:///c%3A/Users/ldp/Dp1/lazy/nvim1/lua/leader/d.lua , size = 0.355 KB
[23:02:00.384][info] [#0:script\workspace\loading.lua:112]: ++++As library of:	file:///c%3A/Users/ldp/Dp1/lazy/nvim1/lua
[23:02:00.384][info] [#0:script\workspace\loading.lua:100]: Preload file at: file:///c%3A/Users/ldp/Dp1/lazy/nvim1/lua/leader/delete.lua , size = 1.761 KB
[23:02:00.385][info] [#0:script\workspace\loading.lua:112]: ++++As library of:	file:///c%3A/Users/ldp/Dp1/lazy/nvim1/lua
[23:02:00.385][info] [#0:script\workspace\loading.lua:100]: Preload file at: file:///c%3A/Users/ldp/Dp1/lazy/nvim1/lua/leader/g.lua , size = 5.533 KB
[23:02:00.387][info] [#0:script\workspace\loading.lua:112]: ++++As library of:	file:///c%3A/Users/ldp/Dp1/lazy/nvim1/lua
[23:02:00.387][info] [#0:script\workspace\loading.lua:100]: Preload file at: file:///c%3A/Users/ldp/Dp1/lazy/nvim1/lua/leader/git.lua , size = 7.554 KB
[23:02:00.390][info] [#0:script\workspace\loading.lua:112]: ++++As library of:	file:///c%3A/Users/ldp/Dp1/lazy/nvim1/lua
[23:02:00.390][info] [#0:script\workspace\loading.lua:100]: Preload file at: file:///c%3A/Users/ldp/Dp1/lazy/nvim1/lua/leader/o.lua , size = 2.050 KB
[23:02:00.391][info] [#0:script\workspace\loading.lua:112]: ++++As library of:	file:///c%3A/Users/ldp/Dp1/lazy/nvim1/lua
[23:02:00.391][info] [#0:script\workspace\loading.lua:100]: Preload file at: file:///c%3A/Users/ldp/Dp1/lazy/nvim1/lua/leader/open.lua , size = 3.246 KB
[23:02:00.392][info] [#0:script\workspace\loading.lua:112]: ++++As library of:	file:///c%3A/Users/ldp/Dp1/lazy/nvim1/lua
[23:02:00.392][info] [#0:script\workspace\loading.lua:100]: Preload file at: file:///c%3A/Users/ldp/Dp1/lazy/nvim1/lua/leader/p.lua , size = 0.250 KB
[23:02:00.393][info] [#0:script\workspace\loading.lua:112]: ++++As library of:	file:///c%3A/Users/ldp/Dp1/lazy/nvim1/lua
[23:02:00.393][info] [#0:script\workspace\loading.lua:100]: Preload file at: file:///c%3A/Users/ldp/Dp1/lazy/nvim1/lua/leader/r.lua , size = 3.390 KB
[23:02:00.394][info] [#0:script\workspace\loading.lua:112]: ++++As library of:	file:///c%3A/Users/ldp/Dp1/lazy/nvim1/lua
[23:02:00.394][info] [#0:script\workspace\loading.lua:100]: Preload file at: file:///c%3A/Users/ldp/Dp1/lazy/nvim1/lua/leader/run.lua , size = 4.218 KB
[23:02:00.396][info] [#0:script\workspace\loading.lua:112]: ++++As library of:	file:///c%3A/Users/ldp/Dp1/lazy/nvim1/lua
[23:02:00.396][info] [#0:script\workspace\loading.lua:100]: Preload file at: file:///c%3A/Users/ldp/Dp1/lazy/nvim1/lua/leader/run_notify.lua , size = 7.541 KB
[23:02:00.399][info] [#0:script\workspace\loading.lua:112]: ++++As library of:	file:///c%3A/Users/ldp/Dp1/lazy/nvim1/lua
[23:02:00.400][info] [#0:script\workspace\loading.lua:100]: Preload file at: file:///c%3A/Users/ldp/Dp1/lazy/nvim1/lua/leader/run_track.lua , size = 8.484 KB
[23:02:00.403][info] [#0:script\workspace\loading.lua:112]: ++++As library of:	file:///c%3A/Users/ldp/Dp1/lazy/nvim1/lua
[23:02:00.403][info] [#0:script\workspace\loading.lua:100]: Preload file at: file:///c%3A/Users/ldp/Dp1/lazy/nvim1/lua/leader/s.lua , size = 5.229 KB
[23:02:00.404][info] [#0:script\workspace\loading.lua:112]: ++++As library of:	file:///c%3A/Users/ldp/Dp1/lazy/nvim1/lua
[23:02:00.404][info] [#0:script\workspace\loading.lua:100]: Preload file at: file:///c%3A/Users/ldp/Dp1/lazy/nvim1/lua/leader/w.lua , size = 4.728 KB
[23:02:00.405][info] [#0:script\workspace\loading.lua:112]: ++++As library of:	file:///c%3A/Users/ldp/Dp1/lazy/nvim1/lua
[23:02:00.405][info] [#0:script\workspace\loading.lua:100]: Preload file at: file:///c%3A/Users/ldp/Dp1/lazy/nvim1/lua/leader/window_manager.lua , size = 9.467 KB
[23:02:00.409][info] [#0:script\workspace\loading.lua:112]: ++++As library of:	file:///c%3A/Users/ldp/Dp1/lazy/nvim1/lua
[23:02:00.409][info] [#0:script\workspace\loading.lua:100]: Preload file at: file:///c%3A/Users/ldp/Dp1/lazy/nvim1/lua/leader/work_summary.lua , size = 2.559 KB
[23:02:00.410][info] [#0:script\workspace\loading.lua:112]: ++++As library of:	file:///c%3A/Users/ldp/Dp1/lazy/nvim1/lua
[23:02:00.410][info] [#0:script\workspace\loading.lua:100]: Preload file at: file:///c%3A/Users/ldp/Dp1/lazy/nvim1/lua/leader/x.lua , size = 1.038 KB
[23:02:00.410][info] [#0:script\workspace\loading.lua:112]: ++++As library of:	file:///c%3A/Users/ldp/Dp1/lazy/nvim1/lua
[23:02:00.410][info] [#0:script\workspace\loading.lua:100]: Preload file at: file:///c%3A/Users/ldp/Dp1/lazy/nvim1/lua/leaders.lua , size = 5.122 KB
[23:02:00.412][info] [#0:script\workspace\loading.lua:112]: ++++As library of:	file:///c%3A/Users/ldp/Dp1/lazy/nvim1/lua
[23:02:00.412][info] [#0:script\workspace\loading.lua:100]: Preload file at: file:///c%3A/Users/ldp/Dp1/lazy/nvim1/lua/plugins.lua , size = 9.010 KB
[23:02:00.415][info] [#0:script\workspace\loading.lua:112]: ++++As library of:	file:///c%3A/Users/ldp/Dp1/lazy/nvim1/lua
[23:02:00.415][info] [#0:script\workspace\loading.lua:100]: Preload file at: file:///c%3A/Users/ldp/Dp1/lazy/nvim1/lua/_lsp.lua , size = 20.539 KB
[23:02:00.419][info] [#0:script\workspace\loading.lua:112]: ++++As library of:	file:///c%3A/Users/ldp/Dp1/lazy/nvim1/lua
[23:02:00.419][info] [#0:script\workspace\loading.lua:100]: Preload file at: file:///c%3A/Users/ldp/Dp1/lazy/nvim1/lua/_telescope.lua , size = 8.942 KB
[23:02:00.422][info] [#0:script\workspace\loading.lua:112]: ++++As library of:	file:///c%3A/Users/ldp/Dp1/lazy/nvim1/lua
[23:02:00.422][info] [#0:script\workspace\loading.lua:100]: Preload file at: file:///c%3A/Users/ldp/Dp1/lazy/nvim1/lua/_treesitter.lua , size = 2.317 KB
[23:02:00.423][info] [#0:script\workspace\loading.lua:112]: ++++As library of:	file:///c%3A/Users/ldp/Dp1/lazy/nvim1/lua
[23:02:00.423][info] [#0:script\workspace\loading.lua:100]: Preload file at: file:///c%3A/Users/ldp/Dp1/Mason/packages/lua-language-server/meta/LuaJIT%20en-us%20utf8/table/clear.lua , size = 0.797 KB
[23:02:00.423][info] [#0:script\workspace\loading.lua:112]: ++++As library of:	file:///c%3A/Users/ldp/Dp1/Mason/packages/lua-language-server/meta/LuaJIT%20en-us%20utf8/table/clear.lua
[23:02:00.423][info] [#0:script\workspace\loading.lua:100]: Preload file at: file:///c%3A/Users/ldp/Dp1/Mason/packages/lua-language-server/meta/LuaJIT%20en-us%20utf8/jit.lua , size = 0.884 KB
[23:02:00.432][info] [#0:script\workspace\loading.lua:112]: ++++As library of:	file:///c%3A/Users/ldp/Dp1/Mason/packages/lua-language-server/meta/LuaJIT%20en-us%20utf8/jit.lua
[23:02:00.432][info] [#0:script\workspace\loading.lua:100]: Preload file at: file:///c%3A/Users/ldp/Dp1/Mason/packages/lua-language-server/meta/LuaJIT%20en-us%20utf8/ffi.lua , size = 2.529 KB
[23:02:00.434][info] [#0:script\workspace\loading.lua:112]: ++++As library of:	file:///c%3A/Users/ldp/Dp1/Mason/packages/lua-language-server/meta/LuaJIT%20en-us%20utf8/ffi.lua
[23:02:00.434][info] [#0:script\workspace\loading.lua:100]: Preload file at: file:///c%3A/Program%20Files/Neovim/share/nvim/runtime/lua/coxpcall.lua , size = 3.785 KB
[23:02:00.435][info] [#0:script\workspace\loading.lua:112]: ++++As library of:	file:///c%3A/Program%20Files/Neovim/share/nvim/runtime/lua
[23:02:00.435][info] [#0:script\workspace\loading.lua:100]: Preload file at: file:///c%3A/Program%20Files/Neovim/share/nvim/runtime/lua/editorconfig.lua , size = 11.569 KB
[23:02:00.439][info] [#0:script\workspace\loading.lua:112]: ++++As library of:	file:///c%3A/Program%20Files/Neovim/share/nvim/runtime/lua
[23:02:00.439][info] [#0:script\workspace\loading.lua:100]: Preload file at: file:///c%3A/Program%20Files/Neovim/share/nvim/runtime/lua/jit/bc.lua , size = 5.417 KB
[23:02:00.441][info] [#0:script\workspace\loading.lua:112]: ++++As library of:	file:///c%3A/Program%20Files/Neovim/share/nvim/runtime/lua
[23:02:00.441][info] [#0:script\workspace\loading.lua:100]: Preload file at: file:///c%3A/Program%20Files/Neovim/share/nvim/runtime/lua/jit/bcsave.lua , size = 17.090 KB
[23:02:00.449][info] [#0:script\workspace\loading.lua:112]: ++++As library of:	file:///c%3A/Program%20Files/Neovim/share/nvim/runtime/lua
[23:02:00.449][info] [#0:script\workspace\loading.lua:100]: Preload file at: file:///c%3A/Program%20Files/Neovim/share/nvim/runtime/lua/jit/dis_arm.lua , size = 18.891 KB
[23:02:00.457][info] [#0:script\workspace\loading.lua:112]: ++++As library of:	file:///c%3A/Program%20Files/Neovim/share/nvim/runtime/lua
[23:02:00.457][info] [#0:script\workspace\loading.lua:100]: Preload file at: file:///c%3A/Program%20Files/Neovim/share/nvim/runtime/lua/jit/dis_arm64.lua , size = 29.971 KB
[23:02:00.469][info] [#0:script\workspace\loading.lua:112]: ++++As library of:	file:///c%3A/Program%20Files/Neovim/share/nvim/runtime/lua
[23:02:00.469][info] [#0:script\workspace\loading.lua:100]: Preload file at: file:///c%3A/Program%20Files/Neovim/share/nvim/runtime/lua/jit/dis_arm64be.lua , size = 0.604 KB
[23:02:00.469][info] [#0:script\workspace\loading.lua:112]: ++++As library of:	file:///c%3A/Program%20Files/Neovim/share/nvim/runtime/lua
[23:02:00.469][info] [#0:script\workspace\loading.lua:100]: Preload file at: file:///c%3A/Program%20Files/Neovim/share/nvim/runtime/lua/jit/dis_mips.lua , size = 21.494 KB
[23:02:00.477][info] [#0:script\workspace\loading.lua:112]: ++++As library of:	file:///c%3A/Program%20Files/Neovim/share/nvim/runtime/lua
[23:02:00.477][info] [#0:script\workspace\loading.lua:100]: Preload file at: file:///c%3A/Program%20Files/Neovim/share/nvim/runtime/lua/jit/dis_mips64.lua , size = 0.689 KB
[23:02:00.477][info] [#0:script\workspace\loading.lua:112]: ++++As library of:	file:///c%3A/Program%20Files/Neovim/share/nvim/runtime/lua
[23:02:00.477][info] [#0:script\workspace\loading.lua:100]: Preload file at: file:///c%3A/Program%20Files/Neovim/share/nvim/runtime/lua/jit/dis_mips64el.lua , size = 0.700 KB
[23:02:00.477][info] [#0:script\workspace\loading.lua:112]: ++++As library of:	file:///c%3A/Program%20Files/Neovim/share/nvim/runtime/lua
[23:02:00.477][info] [#0:script\workspace\loading.lua:100]: Preload file at: file:///c%3A/Program%20Files/Neovim/share/nvim/runtime/lua/jit/dis_mips64r6.lua , size = 0.700 KB
[23:02:00.478][info] [#0:script\workspace\loading.lua:112]: ++++As library of:	file:///c%3A/Program%20Files/Neovim/share/nvim/runtime/lua
[23:02:00.478][info] [#0:script\workspace\loading.lua:100]: Preload file at: file:///c%3A/Program%20Files/Neovim/share/nvim/runtime/lua/jit/dis_mips64r6el.lua , size = 0.711 KB
[23:02:00.478][info] [#0:script\workspace\loading.lua:112]: ++++As library of:	file:///c%3A/Program%20Files/Neovim/share/nvim/runtime/lua
[23:02:00.478][info] [#0:script\workspace\loading.lua:100]: Preload file at: file:///c%3A/Program%20Files/Neovim/share/nvim/runtime/lua/jit/dis_mipsel.lua , size = 0.698 KB
[23:02:00.478][info] [#0:script\workspace\loading.lua:112]: ++++As library of:	file:///c%3A/Program%20Files/Neovim/share/nvim/runtime/lua
[23:02:00.478][info] [#0:script\workspace\loading.lua:100]: Preload file at: file:///c%3A/Program%20Files/Neovim/share/nvim/runtime/lua/jit/dis_ppc.lua , size = 19.825 KB
[23:02:00.485][info] [#0:script\workspace\loading.lua:112]: ++++As library of:	file:///c%3A/Program%20Files/Neovim/share/nvim/runtime/lua
[23:02:00.485][info] [#0:script\workspace\loading.lua:100]: Preload file at: file:///c%3A/Program%20Files/Neovim/share/nvim/runtime/lua/jit/dis_x64.lua , size = 0.695 KB
[23:02:00.485][info] [#0:script\workspace\loading.lua:112]: ++++As library of:	file:///c%3A/Program%20Files/Neovim/share/nvim/runtime/lua
[23:02:00.485][info] [#0:script\workspace\loading.lua:100]: Preload file at: file:///c%3A/Program%20Files/Neovim/share/nvim/runtime/lua/jit/dis_x86.lua , size = 33.033 KB
[23:02:00.498][info] [#0:script\workspace\loading.lua:112]: ++++As library of:	file:///c%3A/Program%20Files/Neovim/share/nvim/runtime/lua
[23:02:00.498][info] [#0:script\workspace\loading.lua:100]: Preload file at: file:///c%3A/Program%20Files/Neovim/share/nvim/runtime/lua/jit/dump.lua , size = 20.269 KB
[23:02:00.519][info] [#0:script\workspace\loading.lua:112]: ++++As library of:	file:///c%3A/Program%20Files/Neovim/share/nvim/runtime/lua
[23:02:00.519][info] [#0:script\workspace\loading.lua:100]: Preload file at: file:///c%3A/Program%20Files/Neovim/share/nvim/runtime/lua/jit/p.lua , size = 8.874 KB
[23:02:00.523][info] [#0:script\workspace\loading.lua:112]: ++++As library of:	file:///c%3A/Program%20Files/Neovim/share/nvim/runtime/lua
[23:02:00.523][info] [#0:script\workspace\loading.lua:100]: Preload file at: file:///c%3A/Program%20Files/Neovim/share/nvim/runtime/lua/jit/v.lua , size = 5.731 KB
[23:02:00.524][info] [#0:script\workspace\loading.lua:112]: ++++As library of:	file:///c%3A/Program%20Files/Neovim/share/nvim/runtime/lua
[23:02:00.524][info] [#0:script\workspace\loading.lua:100]: Preload file at: file:///c%3A/Program%20Files/Neovim/share/nvim/runtime/lua/jit/vmdef.lua , size = 8.307 KB
[23:02:00.526][info] [#0:script\workspace\loading.lua:112]: ++++As library of:	file:///c%3A/Program%20Files/Neovim/share/nvim/runtime/lua
[23:02:00.526][info] [#0:script\workspace\loading.lua:100]: Preload file at: file:///c%3A/Program%20Files/Neovim/share/nvim/runtime/lua/jit/zone.lua , size = 0.979 KB
[23:02:00.526][info] [#0:script\workspace\loading.lua:112]: ++++As library of:	file:///c%3A/Program%20Files/Neovim/share/nvim/runtime/lua
[23:02:00.526][info] [#0:script\workspace\loading.lua:100]: Preload file at: file:///c%3A/Program%20Files/Neovim/share/nvim/runtime/lua/man.lua , size = 24.133 KB
[23:02:00.535][info] [#0:script\workspace\loading.lua:112]: ++++As library of:	file:///c%3A/Program%20Files/Neovim/share/nvim/runtime/lua
[23:02:00.535][info] [#0:script\workspace\loading.lua:100]: Preload file at: file:///c%3A/Program%20Files/Neovim/share/nvim/runtime/lua/nvim/tutor.lua , size = 2.711 KB
[23:02:00.537][info] [#0:script\workspace\loading.lua:112]: ++++As library of:	file:///c%3A/Program%20Files/Neovim/share/nvim/runtime/lua
[23:02:00.537][info] [#0:script\workspace\loading.lua:100]: Preload file at: file:///c%3A/Program%20Files/Neovim/share/nvim/runtime/lua/tohtml.lua , size = 44.658 KB
[23:02:00.554][info] [#0:script\workspace\loading.lua:112]: ++++As library of:	file:///c%3A/Program%20Files/Neovim/share/nvim/runtime/lua
[23:02:00.554][info] [#0:script\workspace\loading.lua:100]: Preload file at: file:///c%3A/Program%20Files/Neovim/share/nvim/runtime/lua/vim/deprecated/health.lua , size = 1.301 KB
[23:02:00.555][info] [#0:script\workspace\loading.lua:112]: ++++As library of:	file:///c%3A/Program%20Files/Neovim/share/nvim/runtime/lua
[23:02:00.555][info] [#0:script\workspace\loading.lua:100]: Preload file at: file:///c%3A/Program%20Files/Neovim/share/nvim/runtime/lua/vim/diagnostic.lua , size = 87.695 KB
[23:02:00.584][info] [#0:script\workspace\loading.lua:112]: ++++As library of:	file:///c%3A/Program%20Files/Neovim/share/nvim/runtime/lua
[23:02:00.584][info] [#0:script\workspace\loading.lua:100]: Preload file at: file:///c%3A/Program%20Files/Neovim/share/nvim/runtime/lua/vim/F.lua , size = 1.136 KB
[23:02:00.585][info] [#0:script\workspace\loading.lua:112]: ++++As library of:	file:///c%3A/Program%20Files/Neovim/share/nvim/runtime/lua
[23:02:00.585][info] [#0:script\workspace\loading.lua:100]: Preload file at: file:///c%3A/Program%20Files/Neovim/share/nvim/runtime/lua/vim/filetype/detect.lua , size = 63.451 KB
[23:02:00.609][info] [#0:script\workspace\loading.lua:112]: ++++As library of:	file:///c%3A/Program%20Files/Neovim/share/nvim/runtime/lua
[23:02:00.609][info] [#0:script\workspace\loading.lua:100]: Preload file at: file:///c%3A/Program%20Files/Neovim/share/nvim/runtime/lua/vim/filetype/options.lua , size = 2.645 KB
[23:02:00.610][info] [#0:script\workspace\loading.lua:112]: ++++As library of:	file:///c%3A/Program%20Files/Neovim/share/nvim/runtime/lua
[23:02:00.610][info] [#0:script\workspace\loading.lua:100]: Preload file at: file:///c%3A/Program%20Files/Neovim/share/nvim/runtime/lua/vim/filetype.lua , size = 81.813 KB
[23:02:00.654][info] [#0:script\workspace\loading.lua:112]: ++++As library of:	file:///c%3A/Program%20Files/Neovim/share/nvim/runtime/lua
[23:02:00.654][info] [#0:script\workspace\loading.lua:100]: Preload file at: file:///c%3A/Program%20Files/Neovim/share/nvim/runtime/lua/vim/fs.lua , size = 25.258 KB
[23:02:00.663][info] [#0:script\workspace\loading.lua:112]: ++++As library of:	file:///c%3A/Program%20Files/Neovim/share/nvim/runtime/lua
[23:02:00.663][info] [#0:script\workspace\loading.lua:100]: Preload file at: file:///c%3A/Program%20Files/Neovim/share/nvim/runtime/lua/vim/func/_memoize.lua , size = 2.061 KB
[23:02:00.664][info] [#0:script\workspace\loading.lua:112]: ++++As library of:	file:///c%3A/Program%20Files/Neovim/share/nvim/runtime/lua
[23:02:00.664][info] [#0:script\workspace\loading.lua:100]: Preload file at: file:///c%3A/Program%20Files/Neovim/share/nvim/runtime/lua/vim/func.lua , size = 1.993 KB
[23:02:00.665][info] [#0:script\workspace\loading.lua:112]: ++++As library of:	file:///c%3A/Program%20Files/Neovim/share/nvim/runtime/lua
[23:02:00.665][info] [#0:script\workspace\loading.lua:100]: Preload file at: file:///c%3A/Program%20Files/Neovim/share/nvim/runtime/lua/vim/glob.lua , size = 3.405 KB
[23:02:00.667][info] [#0:script\workspace\loading.lua:112]: ++++As library of:	file:///c%3A/Program%20Files/Neovim/share/nvim/runtime/lua
[23:02:00.667][info] [#0:script\workspace\loading.lua:100]: Preload file at: file:///c%3A/Program%20Files/Neovim/share/nvim/runtime/lua/vim/health/health.lua , size = 13.327 KB
[23:02:00.671][info] [#0:script\workspace\loading.lua:112]: ++++As library of:	file:///c%3A/Program%20Files/Neovim/share/nvim/runtime/lua
[23:02:00.671][info] [#0:script\workspace\loading.lua:100]: Preload file at: file:///c%3A/Program%20Files/Neovim/share/nvim/runtime/lua/vim/health.lua , size = 16.265 KB
[23:02:00.677][info] [#0:script\workspace\loading.lua:112]: ++++As library of:	file:///c%3A/Program%20Files/Neovim/share/nvim/runtime/lua
[23:02:00.677][info] [#0:script\workspace\loading.lua:100]: Preload file at: file:///c%3A/Program%20Files/Neovim/share/nvim/runtime/lua/vim/hl.lua , size = 6.250 KB
[23:02:00.679][info] [#0:script\workspace\loading.lua:112]: ++++As library of:	file:///c%3A/Program%20Files/Neovim/share/nvim/runtime/lua
[23:02:00.679][info] [#0:script\workspace\loading.lua:100]: Preload file at: file:///c%3A/Program%20Files/Neovim/share/nvim/runtime/lua/vim/inspect.lua , size = 9.271 KB
[23:02:00.683][info] [#0:script\workspace\loading.lua:112]: ++++As library of:	file:///c%3A/Program%20Files/Neovim/share/nvim/runtime/lua
[23:02:00.683][info] [#0:script\workspace\loading.lua:100]: Preload file at: file:///c%3A/Program%20Files/Neovim/share/nvim/runtime/lua/vim/iter.lua , size = 26.995 KB
[23:02:00.692][info] [#0:script\workspace\loading.lua:112]: ++++As library of:	file:///c%3A/Program%20Files/Neovim/share/nvim/runtime/lua
[23:02:00.693][info] [#0:script\workspace\loading.lua:100]: Preload file at: file:///c%3A/Program%20Files/Neovim/share/nvim/runtime/lua/vim/keymap.lua , size = 3.812 KB
[23:02:00.694][info] [#0:script\workspace\loading.lua:112]: ++++As library of:	file:///c%3A/Program%20Files/Neovim/share/nvim/runtime/lua
[23:02:00.694][info] [#0:script\workspace\loading.lua:100]: Preload file at: file:///c%3A/Program%20Files/Neovim/share/nvim/runtime/lua/vim/loader.lua , size = 15.078 KB
[23:02:00.701][info] [#0:script\workspace\loading.lua:112]: ++++As library of:	file:///c%3A/Program%20Files/Neovim/share/nvim/runtime/lua
[23:02:00.701][info] [#0:script\workspace\loading.lua:100]: Preload file at: file:///c%3A/Program%20Files/Neovim/share/nvim/runtime/lua/vim/lsp/buf.lua , size = 44.586 KB
[23:02:00.716][info] [#0:script\workspace\loading.lua:112]: ++++As library of:	file:///c%3A/Program%20Files/Neovim/share/nvim/runtime/lua
[23:02:00.717][info] [#0:script\workspace\loading.lua:100]: Preload file at: file:///c%3A/Program%20Files/Neovim/share/nvim/runtime/lua/vim/lsp/client.lua , size = 41.905 KB
[23:02:00.731][info] [#0:script\workspace\loading.lua:112]: ++++As library of:	file:///c%3A/Program%20Files/Neovim/share/nvim/runtime/lua
[23:02:00.731][info] [#0:script\workspace\loading.lua:100]: Preload file at: file:///c%3A/Program%20Files/Neovim/share/nvim/runtime/lua/vim/lsp/codelens.lua , size = 9.558 KB
[23:02:00.735][info] [#0:script\workspace\loading.lua:112]: ++++As library of:	file:///c%3A/Program%20Files/Neovim/share/nvim/runtime/lua
[23:02:00.735][info] [#0:script\workspace\loading.lua:100]: Preload file at: file:///c%3A/Program%20Files/Neovim/share/nvim/runtime/lua/vim/lsp/completion.lua , size = 28.002 KB
[23:02:00.746][info] [#0:script\workspace\loading.lua:112]: ++++As library of:	file:///c%3A/Program%20Files/Neovim/share/nvim/runtime/lua
[23:02:00.746][info] [#0:script\workspace\loading.lua:100]: Preload file at: file:///c%3A/Program%20Files/Neovim/share/nvim/runtime/lua/vim/lsp/diagnostic.lua , size = 12.248 KB
[23:02:00.751][info] [#0:script\workspace\loading.lua:112]: ++++As library of:	file:///c%3A/Program%20Files/Neovim/share/nvim/runtime/lua
[23:02:00.751][info] [#0:script\workspace\loading.lua:100]: Preload file at: file:///c%3A/Program%20Files/Neovim/share/nvim/runtime/lua/vim/lsp/handlers.lua , size = 24.986 KB
[23:02:00.760][info] [#0:script\workspace\loading.lua:112]: ++++As library of:	file:///c%3A/Program%20Files/Neovim/share/nvim/runtime/lua
[23:02:00.760][info] [#0:script\workspace\loading.lua:100]: Preload file at: file:///c%3A/Program%20Files/Neovim/share/nvim/runtime/lua/vim/lsp/health.lua , size = 7.571 KB
[23:02:00.763][info] [#0:script\workspace\loading.lua:112]: ++++As library of:	file:///c%3A/Program%20Files/Neovim/share/nvim/runtime/lua
[23:02:00.763][info] [#0:script\workspace\loading.lua:100]: Preload file at: file:///c%3A/Program%20Files/Neovim/share/nvim/runtime/lua/vim/lsp/inlay_hint.lua , size = 12.354 KB
[23:02:00.768][info] [#0:script\workspace\loading.lua:112]: ++++As library of:	file:///c%3A/Program%20Files/Neovim/share/nvim/runtime/lua
[23:02:00.768][info] [#0:script\workspace\loading.lua:100]: Preload file at: file:///c%3A/Program%20Files/Neovim/share/nvim/runtime/lua/vim/lsp/log.lua , size = 5.792 KB
[23:02:00.771][info] [#0:script\workspace\loading.lua:112]: ++++As library of:	file:///c%3A/Program%20Files/Neovim/share/nvim/runtime/lua
[23:02:00.771][info] [#0:script\workspace\loading.lua:100]: Preload file at: file:///c%3A/Program%20Files/Neovim/share/nvim/runtime/lua/vim/lsp/protocol.lua , size = 46.139 KB
[23:02:00.778][info] [#0:script\workspace\loading.lua:112]: ++++As library of:	file:///c%3A/Program%20Files/Neovim/share/nvim/runtime/lua
[23:02:00.778][info] [#0:script\workspace\loading.lua:100]: Preload file at: file:///c%3A/Program%20Files/Neovim/share/nvim/runtime/lua/vim/lsp/rpc.lua , size = 22.811 KB
[23:02:00.786][info] [#0:script\workspace\loading.lua:112]: ++++As library of:	file:///c%3A/Program%20Files/Neovim/share/nvim/runtime/lua
[23:02:00.786][info] [#0:script\workspace\loading.lua:100]: Preload file at: file:///c%3A/Program%20Files/Neovim/share/nvim/runtime/lua/vim/lsp/semantic_tokens.lua , size = 28.051 KB
[23:02:00.795][info] [#0:script\workspace\loading.lua:112]: ++++As library of:	file:///c%3A/Program%20Files/Neovim/share/nvim/runtime/lua
[23:02:00.795][info] [#0:script\workspace\loading.lua:100]: Preload file at: file:///c%3A/Program%20Files/Neovim/share/nvim/runtime/lua/vim/lsp/sync.lua , size = 16.149 KB
[23:02:00.800][info] [#0:script\workspace\loading.lua:112]: ++++As library of:	file:///c%3A/Program%20Files/Neovim/share/nvim/runtime/lua
[23:02:00.800][info] [#0:script\workspace\loading.lua:100]: Preload file at: file:///c%3A/Program%20Files/Neovim/share/nvim/runtime/lua/vim/lsp/util.lua , size = 77.301 KB
[23:02:00.865][info] [#0:script\workspace\loading.lua:112]: ++++As library of:	file:///c%3A/Program%20Files/Neovim/share/nvim/runtime/lua
[23:02:00.865][info] [#0:script\workspace\loading.lua:100]: Preload file at: file:///c%3A/Program%20Files/Neovim/share/nvim/runtime/lua/vim/lsp/_changetracking.lua , size = 11.857 KB
[23:02:00.870][info] [#0:script\workspace\loading.lua:112]: ++++As library of:	file:///c%3A/Program%20Files/Neovim/share/nvim/runtime/lua
[23:02:00.870][info] [#0:script\workspace\loading.lua:100]: Preload file at: file:///c%3A/Program%20Files/Neovim/share/nvim/runtime/lua/vim/lsp/_folding_range.lua , size = 11.837 KB
[23:02:00.874][info] [#0:script\workspace\loading.lua:112]: ++++As library of:	file:///c%3A/Program%20Files/Neovim/share/nvim/runtime/lua
[23:02:00.874][info] [#0:script\workspace\loading.lua:100]: Preload file at: file:///c%3A/Program%20Files/Neovim/share/nvim/runtime/lua/vim/lsp/_meta/protocol.lua , size = 194.566 KB
[23:02:00.914][info] [#0:script\workspace\loading.lua:112]: ++++As library of:	file:///c%3A/Program%20Files/Neovim/share/nvim/runtime/lua
[23:02:00.914][info] [#0:script\workspace\loading.lua:100]: Preload file at: file:///c%3A/Program%20Files/Neovim/share/nvim/runtime/lua/vim/lsp/_meta.lua , size = 0.602 KB
[23:02:00.914][info] [#0:script\workspace\loading.lua:112]: ++++As library of:	file:///c%3A/Program%20Files/Neovim/share/nvim/runtime/lua
[23:02:00.914][info] [#0:script\workspace\loading.lua:100]: Preload file at: file:///c%3A/Program%20Files/Neovim/share/nvim/runtime/lua/vim/lsp/_snippet_grammar.lua , size = 6.405 KB
[23:02:00.917][info] [#0:script\workspace\loading.lua:112]: ++++As library of:	file:///c%3A/Program%20Files/Neovim/share/nvim/runtime/lua
[23:02:00.918][info] [#0:script\workspace\loading.lua:100]: Preload file at: file:///c%3A/Program%20Files/Neovim/share/nvim/runtime/lua/vim/lsp/_tagfunc.lua , size = 3.334 KB
[23:02:00.919][info] [#0:script\workspace\loading.lua:112]: ++++As library of:	file:///c%3A/Program%20Files/Neovim/share/nvim/runtime/lua
[23:02:00.919][info] [#0:script\workspace\loading.lua:100]: Preload file at: file:///c%3A/Program%20Files/Neovim/share/nvim/runtime/lua/vim/lsp/_transport.lua , size = 5.330 KB
[23:02:00.922][info] [#0:script\workspace\loading.lua:112]: ++++As library of:	file:///c%3A/Program%20Files/Neovim/share/nvim/runtime/lua
[23:02:00.922][info] [#0:script\workspace\loading.lua:100]: Preload file at: file:///c%3A/Program%20Files/Neovim/share/nvim/runtime/lua/vim/lsp/_watchfiles.lua , size = 6.989 KB
[23:02:00.925][info] [#0:script\workspace\loading.lua:112]: ++++As library of:	file:///c%3A/Program%20Files/Neovim/share/nvim/runtime/lua
[23:02:00.925][info] [#0:script\workspace\loading.lua:100]: Preload file at: file:///c%3A/Program%20Files/Neovim/share/nvim/runtime/lua/vim/lsp.lua , size = 54.732 KB
[23:02:00.945][info] [#0:script\workspace\loading.lua:112]: ++++As library of:	file:///c%3A/Program%20Files/Neovim/share/nvim/runtime/lua
[23:02:00.945][info] [#0:script\workspace\loading.lua:100]: Preload file at: file:///c%3A/Program%20Files/Neovim/share/nvim/runtime/lua/vim/provider/health.lua , size = 30.393 KB
[23:02:00.955][info] [#0:script\workspace\loading.lua:112]: ++++As library of:	file:///c%3A/Program%20Files/Neovim/share/nvim/runtime/lua
[23:02:00.955][info] [#0:script\workspace\loading.lua:100]: Preload file at: file:///c%3A/Program%20Files/Neovim/share/nvim/runtime/lua/vim/provider/perl.lua , size = 2.062 KB
[23:02:00.956][info] [#0:script\workspace\loading.lua:112]: ++++As library of:	file:///c%3A/Program%20Files/Neovim/share/nvim/runtime/lua
[23:02:00.957][info] [#0:script\workspace\loading.lua:100]: Preload file at: file:///c%3A/Program%20Files/Neovim/share/nvim/runtime/lua/vim/provider/python.lua , size = 4.441 KB
[23:02:00.958][info] [#0:script\workspace\loading.lua:112]: ++++As library of:	file:///c%3A/Program%20Files/Neovim/share/nvim/runtime/lua
[23:02:00.958][info] [#0:script\workspace\loading.lua:100]: Preload file at: file:///c%3A/Program%20Files/Neovim/share/nvim/runtime/lua/vim/provider/ruby.lua , size = 1.623 KB
[23:02:00.959][info] [#0:script\workspace\loading.lua:112]: ++++As library of:	file:///c%3A/Program%20Files/Neovim/share/nvim/runtime/lua
[23:02:00.959][info] [#0:script\workspace\loading.lua:100]: Preload file at: file:///c%3A/Program%20Files/Neovim/share/nvim/runtime/lua/vim/provider.lua , size = 0.204 KB
[23:02:00.959][info] [#0:script\workspace\loading.lua:112]: ++++As library of:	file:///c%3A/Program%20Files/Neovim/share/nvim/runtime/lua
[23:02:00.959][info] [#0:script\workspace\loading.lua:100]: Preload file at: file:///c%3A/Program%20Files/Neovim/share/nvim/runtime/lua/vim/re.lua , size = 6.795 KB
[23:02:00.963][info] [#0:script\workspace\loading.lua:112]: ++++As library of:	file:///c%3A/Program%20Files/Neovim/share/nvim/runtime/lua
[23:02:00.963][info] [#0:script\workspace\loading.lua:100]: Preload file at: file:///c%3A/Program%20Files/Neovim/share/nvim/runtime/lua/vim/secure.lua , size = 6.715 KB
[23:02:00.966][info] [#0:script\workspace\loading.lua:112]: ++++As library of:	file:///c%3A/Program%20Files/Neovim/share/nvim/runtime/lua
[23:02:00.966][info] [#0:script\workspace\loading.lua:100]: Preload file at: file:///c%3A/Program%20Files/Neovim/share/nvim/runtime/lua/vim/shared.lua , size = 41.950 KB
[23:02:00.982][info] [#0:script\workspace\loading.lua:112]: ++++As library of:	file:///c%3A/Program%20Files/Neovim/share/nvim/runtime/lua
[23:02:00.982][info] [#0:script\workspace\loading.lua:100]: Preload file at: file:///c%3A/Program%20Files/Neovim/share/nvim/runtime/lua/vim/snippet.lua , size = 20.454 KB
[23:02:00.990][info] [#0:script\workspace\loading.lua:112]: ++++As library of:	file:///c%3A/Program%20Files/Neovim/share/nvim/runtime/lua
[23:02:00.990][info] [#0:script\workspace\loading.lua:100]: Preload file at: file:///c%3A/Program%20Files/Neovim/share/nvim/runtime/lua/vim/termcap.lua , size = 3.044 KB
[23:02:00.992][info] [#0:script\workspace\loading.lua:112]: ++++As library of:	file:///c%3A/Program%20Files/Neovim/share/nvim/runtime/lua
[23:02:00.992][info] [#0:script\workspace\loading.lua:100]: Preload file at: file:///c%3A/Program%20Files/Neovim/share/nvim/runtime/lua/vim/text.lua , size = 4.648 KB
[23:02:00.993][info] [#0:script\workspace\loading.lua:112]: ++++As library of:	file:///c%3A/Program%20Files/Neovim/share/nvim/runtime/lua
[23:02:00.993][info] [#0:script\workspace\loading.lua:100]: Preload file at: file:///c%3A/Program%20Files/Neovim/share/nvim/runtime/lua/vim/treesitter/dev.lua , size = 21.842 KB
[23:02:01.002][info] [#0:script\workspace\loading.lua:112]: ++++As library of:	file:///c%3A/Program%20Files/Neovim/share/nvim/runtime/lua
[23:02:01.002][info] [#0:script\workspace\loading.lua:100]: Preload file at: file:///c%3A/Program%20Files/Neovim/share/nvim/runtime/lua/vim/treesitter/health.lua , size = 2.121 KB
[23:02:01.005][info] [#0:script\workspace\loading.lua:112]: ++++As library of:	file:///c%3A/Program%20Files/Neovim/share/nvim/runtime/lua
[23:02:01.005][info] [#0:script\workspace\loading.lua:100]: Preload file at: file:///c%3A/Program%20Files/Neovim/share/nvim/runtime/lua/vim/treesitter/highlighter.lua , size = 17.306 KB
[23:02:01.014][info] [#0:script\workspace\loading.lua:112]: ++++As library of:	file:///c%3A/Program%20Files/Neovim/share/nvim/runtime/lua
[23:02:01.014][info] [#0:script\workspace\loading.lua:100]: Preload file at: file:///c%3A/Program%20Files/Neovim/share/nvim/runtime/lua/vim/treesitter/language.lua , size = 5.566 KB
[23:02:01.016][info] [#0:script\workspace\loading.lua:112]: ++++As library of:	file:///c%3A/Program%20Files/Neovim/share/nvim/runtime/lua
[23:02:01.016][info] [#0:script\workspace\loading.lua:100]: Preload file at: file:///c%3A/Program%20Files/Neovim/share/nvim/runtime/lua/vim/treesitter/languagetree.lua , size = 41.642 KB
[23:02:01.032][info] [#0:script\workspace\loading.lua:112]: ++++As library of:	file:///c%3A/Program%20Files/Neovim/share/nvim/runtime/lua
[23:02:01.032][info] [#0:script\workspace\loading.lua:100]: Preload file at: file:///c%3A/Program%20Files/Neovim/share/nvim/runtime/lua/vim/treesitter/query.lua , size = 38.887 KB
[23:02:01.045][info] [#0:script\workspace\loading.lua:112]: ++++As library of:	file:///c%3A/Program%20Files/Neovim/share/nvim/runtime/lua
[23:02:01.045][info] [#0:script\workspace\loading.lua:100]: Preload file at: file:///c%3A/Program%20Files/Neovim/share/nvim/runtime/lua/vim/treesitter/_fold.lua , size = 15.234 KB
[23:02:01.050][info] [#0:script\workspace\loading.lua:112]: ++++As library of:	file:///c%3A/Program%20Files/Neovim/share/nvim/runtime/lua
[23:02:01.050][info] [#0:script\workspace\loading.lua:100]: Preload file at: file:///c%3A/Program%20Files/Neovim/share/nvim/runtime/lua/vim/treesitter/_headings.lua , size = 4.127 KB
[23:02:01.052][info] [#0:script\workspace\loading.lua:112]: ++++As library of:	file:///c%3A/Program%20Files/Neovim/share/nvim/runtime/lua
[23:02:01.052][info] [#0:script\workspace\loading.lua:100]: Preload file at: file:///c%3A/Program%20Files/Neovim/share/nvim/runtime/lua/vim/treesitter/_meta/misc.lua , size = 2.896 KB
[23:02:01.054][info] [#0:script\workspace\loading.lua:112]: ++++As library of:	file:///c%3A/Program%20Files/Neovim/share/nvim/runtime/lua
[23:02:01.054][info] [#0:script\workspace\loading.lua:100]: Preload file at: file:///c%3A/Program%20Files/Neovim/share/nvim/runtime/lua/vim/treesitter/_meta/tsnode.lua , size = 6.028 KB
[23:02:01.056][info] [#0:script\workspace\loading.lua:112]: ++++As library of:	file:///c%3A/Program%20Files/Neovim/share/nvim/runtime/lua
[23:02:01.056][info] [#0:script\workspace\loading.lua:100]: Preload file at: file:///c%3A/Program%20Files/Neovim/share/nvim/runtime/lua/vim/treesitter/_meta/tsquery.lua , size = 1.904 KB
[23:02:01.057][info] [#0:script\workspace\loading.lua:112]: ++++As library of:	file:///c%3A/Program%20Files/Neovim/share/nvim/runtime/lua
[23:02:01.057][info] [#0:script\workspace\loading.lua:100]: Preload file at: file:///c%3A/Program%20Files/Neovim/share/nvim/runtime/lua/vim/treesitter/_meta/tstree.lua , size = 1.296 KB
[23:02:01.057][info] [#0:script\workspace\loading.lua:112]: ++++As library of:	file:///c%3A/Program%20Files/Neovim/share/nvim/runtime/lua
[23:02:01.057][info] [#0:script\workspace\loading.lua:100]: Preload file at: file:///c%3A/Program%20Files/Neovim/share/nvim/runtime/lua/vim/treesitter/_query_linter.lua , size = 8.070 KB
[23:02:01.061][info] [#0:script\workspace\loading.lua:112]: ++++As library of:	file:///c%3A/Program%20Files/Neovim/share/nvim/runtime/lua
[23:02:01.061][info] [#0:script\workspace\loading.lua:100]: Preload file at: file:///c%3A/Program%20Files/Neovim/share/nvim/runtime/lua/vim/treesitter/_range.lua , size = 4.115 KB
[23:02:01.064][info] [#0:script\workspace\loading.lua:112]: ++++As library of:	file:///c%3A/Program%20Files/Neovim/share/nvim/runtime/lua
[23:02:01.064][info] [#0:script\workspace\loading.lua:100]: Preload file at: file:///c%3A/Program%20Files/Neovim/share/nvim/runtime/lua/vim/treesitter.lua , size = 15.714 KB
[23:02:01.069][info] [#0:script\workspace\loading.lua:112]: ++++As library of:	file:///c%3A/Program%20Files/Neovim/share/nvim/runtime/lua
[23:02:01.069][info] [#0:script\workspace\loading.lua:100]: Preload file at: file:///c%3A/Program%20Files/Neovim/share/nvim/runtime/lua/vim/ui/clipboard/osc52.lua , size = 2.221 KB
[23:02:01.071][info] [#0:script\workspace\loading.lua:112]: ++++As library of:	file:///c%3A/Program%20Files/Neovim/share/nvim/runtime/lua
[23:02:01.071][info] [#0:script\workspace\loading.lua:100]: Preload file at: file:///c%3A/Program%20Files/Neovim/share/nvim/runtime/lua/vim/ui.lua , size = 7.915 KB
[23:02:01.074][info] [#0:script\workspace\loading.lua:112]: ++++As library of:	file:///c%3A/Program%20Files/Neovim/share/nvim/runtime/lua
[23:02:01.074][info] [#0:script\workspace\loading.lua:100]: Preload file at: file:///c%3A/Program%20Files/Neovim/share/nvim/runtime/lua/vim/uri.lua , size = 3.741 KB
[23:02:01.075][info] [#0:script\workspace\loading.lua:112]: ++++As library of:	file:///c%3A/Program%20Files/Neovim/share/nvim/runtime/lua
[23:02:01.075][info] [#0:script\workspace\loading.lua:100]: Preload file at: file:///c%3A/Program%20Files/Neovim/share/nvim/runtime/lua/vim/version.lua , size = 14.084 KB
[23:02:01.081][info] [#0:script\workspace\loading.lua:112]: ++++As library of:	file:///c%3A/Program%20Files/Neovim/share/nvim/runtime/lua
[23:02:01.081][info] [#0:script\workspace\loading.lua:100]: Preload file at: file:///c%3A/Program%20Files/Neovim/share/nvim/runtime/lua/vim/_buf.lua , size = 0.786 KB
[23:02:01.082][info] [#0:script\workspace\loading.lua:112]: ++++As library of:	file:///c%3A/Program%20Files/Neovim/share/nvim/runtime/lua
[23:02:01.082][info] [#0:script\workspace\loading.lua:100]: Preload file at: file:///c%3A/Program%20Files/Neovim/share/nvim/runtime/lua/vim/_comment.lua , size = 9.230 KB
[23:02:01.085][info] [#0:script\workspace\loading.lua:112]: ++++As library of:	file:///c%3A/Program%20Files/Neovim/share/nvim/runtime/lua
[23:02:01.085][info] [#0:script\workspace\loading.lua:100]: Preload file at: file:///c%3A/Program%20Files/Neovim/share/nvim/runtime/lua/vim/_defaults.lua , size = 33.329 KB
[23:02:01.145][info] [#0:script\workspace\loading.lua:112]: ++++As library of:	file:///c%3A/Program%20Files/Neovim/share/nvim/runtime/lua
[23:02:01.145][info] [#0:script\workspace\loading.lua:100]: Preload file at: file:///c%3A/Program%20Files/Neovim/share/nvim/runtime/lua/vim/_editor.lua , size = 45.904 KB
[23:02:01.161][info] [#0:script\workspace\loading.lua:112]: ++++As library of:	file:///c%3A/Program%20Files/Neovim/share/nvim/runtime/lua
[23:02:01.161][info] [#0:script\workspace\loading.lua:100]: Preload file at: file:///c%3A/Program%20Files/Neovim/share/nvim/runtime/lua/vim/_ftplugin/lua.lua , size = 0.562 KB
[23:02:01.162][info] [#0:script\workspace\loading.lua:112]: ++++As library of:	file:///c%3A/Program%20Files/Neovim/share/nvim/runtime/lua
[23:02:01.162][info] [#0:script\workspace\loading.lua:100]: Preload file at: file:///c%3A/Program%20Files/Neovim/share/nvim/runtime/lua/vim/_init_packages.lua , size = 3.120 KB
[23:02:01.163][info] [#0:script\workspace\loading.lua:112]: ++++As library of:	file:///c%3A/Program%20Files/Neovim/share/nvim/runtime/lua
[23:02:01.163][info] [#0:script\workspace\loading.lua:100]: Preload file at: file:///c%3A/Program%20Files/Neovim/share/nvim/runtime/lua/vim/_inspector.lua , size = 8.143 KB
[23:02:01.166][info] [#0:script\workspace\loading.lua:112]: ++++As library of:	file:///c%3A/Program%20Files/Neovim/share/nvim/runtime/lua
[23:02:01.167][info] [#0:script\workspace\loading.lua:100]: Preload file at: file:///c%3A/Program%20Files/Neovim/share/nvim/runtime/lua/vim/_meta/api.lua , size = 108.521 KB
[23:02:01.190][info] [#0:script\workspace\loading.lua:112]: ++++As library of:	file:///c%3A/Program%20Files/Neovim/share/nvim/runtime/lua
[23:02:01.190][info] [#0:script\workspace\loading.lua:100]: Preload file at: file:///c%3A/Program%20Files/Neovim/share/nvim/runtime/lua/vim/_meta/api_keysets.lua , size = 10.284 KB
[23:02:01.194][info] [#0:script\workspace\loading.lua:112]: ++++As library of:	file:///c%3A/Program%20Files/Neovim/share/nvim/runtime/lua
[23:02:01.194][info] [#0:script\workspace\loading.lua:100]: Preload file at: file:///c%3A/Program%20Files/Neovim/share/nvim/runtime/lua/vim/_meta/api_keysets_extra.lua , size = 7.199 KB
[23:02:01.198][info] [#0:script\workspace\loading.lua:112]: ++++As library of:	file:///c%3A/Program%20Files/Neovim/share/nvim/runtime/lua
[23:02:01.198][info] [#0:script\workspace\loading.lua:100]: Preload file at: file:///c%3A/Program%20Files/Neovim/share/nvim/runtime/lua/vim/_meta/base64.lua , size = 0.319 KB
[23:02:01.199][info] [#0:script\workspace\loading.lua:112]: ++++As library of:	file:///c%3A/Program%20Files/Neovim/share/nvim/runtime/lua
[23:02:01.199][info] [#0:script\workspace\loading.lua:100]: Preload file at: file:///c%3A/Program%20Files/Neovim/share/nvim/runtime/lua/vim/_meta/builtin.lua , size = 10.648 KB
[23:02:01.201][info] [#0:script\workspace\loading.lua:112]: ++++As library of:	file:///c%3A/Program%20Files/Neovim/share/nvim/runtime/lua
[23:02:01.201][info] [#0:script\workspace\loading.lua:100]: Preload file at: file:///c%3A/Program%20Files/Neovim/share/nvim/runtime/lua/vim/_meta/builtin_types.lua , size = 8.610 KB
[23:02:01.204][info] [#0:script\workspace\loading.lua:112]: ++++As library of:	file:///c%3A/Program%20Files/Neovim/share/nvim/runtime/lua
[23:02:01.204][info] [#0:script\workspace\loading.lua:100]: Preload file at: file:///c%3A/Program%20Files/Neovim/share/nvim/runtime/lua/vim/_meta/diff.lua , size = 2.562 KB
[23:02:01.205][info] [#0:script\workspace\loading.lua:112]: ++++As library of:	file:///c%3A/Program%20Files/Neovim/share/nvim/runtime/lua
[23:02:01.205][info] [#0:script\workspace\loading.lua:100]: Preload file at: file:///c%3A/Program%20Files/Neovim/share/nvim/runtime/lua/vim/_meta/json.lua , size = 1.578 KB
[23:02:01.206][info] [#0:script\workspace\loading.lua:112]: ++++As library of:	file:///c%3A/Program%20Files/Neovim/share/nvim/runtime/lua
[23:02:01.206][info] [#0:script\workspace\loading.lua:100]: Preload file at: file:///c%3A/Program%20Files/Neovim/share/nvim/runtime/lua/vim/_meta/lpeg.lua , size = 15.691 KB
[23:02:01.211][info] [#0:script\workspace\loading.lua:112]: ++++As library of:	file:///c%3A/Program%20Files/Neovim/share/nvim/runtime/lua
[23:02:01.211][info] [#0:script\workspace\loading.lua:100]: Preload file at: file:///c%3A/Program%20Files/Neovim/share/nvim/runtime/lua/vim/_meta/misc.lua , size = 0.307 KB
[23:02:01.212][info] [#0:script\workspace\loading.lua:112]: ++++As library of:	file:///c%3A/Program%20Files/Neovim/share/nvim/runtime/lua
[23:02:01.212][info] [#0:script\workspace\loading.lua:100]: Preload file at: file:///c%3A/Program%20Files/Neovim/share/nvim/runtime/lua/vim/_meta/mpack.lua , size = 0.495 KB
[23:02:01.212][info] [#0:script\workspace\loading.lua:112]: ++++As library of:	file:///c%3A/Program%20Files/Neovim/share/nvim/runtime/lua
[23:02:01.212][info] [#0:script\workspace\loading.lua:100]: Preload file at: file:///c%3A/Program%20Files/Neovim/share/nvim/runtime/lua/vim/_meta/options.lua , size = 332.634 KB
[23:02:01.283][info] [#0:script\workspace\loading.lua:112]: ++++As library of:	file:///c%3A/Program%20Files/Neovim/share/nvim/runtime/lua
[23:02:01.283][info] [#0:script\workspace\loading.lua:100]: Preload file at: file:///c%3A/Program%20Files/Neovim/share/nvim/runtime/lua/vim/_meta/re.lua , size = 2.270 KB
[23:02:01.284][info] [#0:script\workspace\loading.lua:112]: ++++As library of:	file:///c%3A/Program%20Files/Neovim/share/nvim/runtime/lua
[23:02:01.284][info] [#0:script\workspace\loading.lua:100]: Preload file at: file:///c%3A/Program%20Files/Neovim/share/nvim/runtime/lua/vim/_meta/regex.lua , size = 1.616 KB
[23:02:01.284][info] [#0:script\workspace\loading.lua:112]: ++++As library of:	file:///c%3A/Program%20Files/Neovim/share/nvim/runtime/lua
[23:02:01.284][info] [#0:script\workspace\loading.lua:100]: Preload file at: file:///c%3A/Program%20Files/Neovim/share/nvim/runtime/lua/vim/_meta/spell.lua , size = 0.960 KB
[23:02:01.285][info] [#0:script\workspace\loading.lua:112]: ++++As library of:	file:///c%3A/Program%20Files/Neovim/share/nvim/runtime/lua
[23:02:01.285][info] [#0:script\workspace\loading.lua:100]: Preload file at: file:///c%3A/Program%20Files/Neovim/share/nvim/runtime/lua/vim/_meta/vimfn.lua , size = 419.597 KB
[23:02:01.369][info] [#0:script\workspace\loading.lua:112]: ++++As library of:	file:///c%3A/Program%20Files/Neovim/share/nvim/runtime/lua
[23:02:01.369][info] [#0:script\workspace\loading.lua:100]: Preload file at: file:///c%3A/Program%20Files/Neovim/share/nvim/runtime/lua/vim/_meta/vvars.lua , size = 26.993 KB
[23:02:01.375][info] [#0:script\workspace\loading.lua:112]: ++++As library of:	file:///c%3A/Program%20Files/Neovim/share/nvim/runtime/lua
[23:02:01.375][info] [#0:script\workspace\loading.lua:100]: Preload file at: file:///c%3A/Program%20Files/Neovim/share/nvim/runtime/lua/vim/_meta/vvars_extra.lua , size = 4.133 KB
[23:02:01.376][info] [#0:script\workspace\loading.lua:112]: ++++As library of:	file:///c%3A/Program%20Files/Neovim/share/nvim/runtime/lua
[23:02:01.376][info] [#0:script\workspace\loading.lua:100]: Preload file at: file:///c%3A/Program%20Files/Neovim/share/nvim/runtime/lua/vim/_meta.lua , size = 1.039 KB
[23:02:01.377][info] [#0:script\workspace\loading.lua:112]: ++++As library of:	file:///c%3A/Program%20Files/Neovim/share/nvim/runtime/lua
[23:02:01.377][info] [#0:script\workspace\loading.lua:100]: Preload file at: file:///c%3A/Program%20Files/Neovim/share/nvim/runtime/lua/vim/_options.lua , size = 26.418 KB
[23:02:01.385][info] [#0:script\workspace\loading.lua:112]: ++++As library of:	file:///c%3A/Program%20Files/Neovim/share/nvim/runtime/lua
[23:02:01.385][info] [#0:script\workspace\loading.lua:100]: Preload file at: file:///c%3A/Program%20Files/Neovim/share/nvim/runtime/lua/vim/_system.lua , size = 10.250 KB
[23:02:01.389][info] [#0:script\workspace\loading.lua:112]: ++++As library of:	file:///c%3A/Program%20Files/Neovim/share/nvim/runtime/lua
[23:02:01.389][info] [#0:script\workspace\loading.lua:100]: Preload file at: file:///c%3A/Program%20Files/Neovim/share/nvim/runtime/lua/vim/_watch.lua , size = 10.043 KB
[23:02:01.394][info] [#0:script\workspace\loading.lua:112]: ++++As library of:	file:///c%3A/Program%20Files/Neovim/share/nvim/runtime/lua
[23:02:01.394][info] [#0:script\workspace\loading.lua:100]: Preload file at: file:///c%3A/Program%20Files/Neovim/share/nvim/runtime/lua/_vim9script.lua , size = 16.058 KB
[23:02:01.399][info] [#0:script\workspace\loading.lua:112]: ++++As library of:	file:///c%3A/Program%20Files/Neovim/share/nvim/runtime/lua
[23:02:01.399][info] [#0:script\workspace\loading.lua:100]: Preload file at: file:///c%3A/Users/ldp/Dp1/Mason/packages/lua-language-server/meta/LuaJIT%20en-us%20utf8/io.lua , size = 6.364 KB
[23:02:01.402][info] [#0:script\workspace\loading.lua:112]: ++++As library of:	file:///c%3A/Users/ldp/Dp1/Mason/packages/lua-language-server/meta/LuaJIT%20en-us%20utf8/io.lua
[23:02:01.402][info] [#0:script\workspace\loading.lua:100]: Preload file at: file:///c%3A/Users/ldp/Dp1/Mason/packages/lua-language-server/meta/LuaJIT%20en-us%20utf8/jit/util.lua , size = 1.984 KB
[23:02:01.403][info] [#0:script\workspace\loading.lua:112]: ++++As library of:	file:///c%3A/Users/ldp/Dp1/Mason/packages/lua-language-server/meta/LuaJIT%20en-us%20utf8/jit/util.lua
[23:02:01.403][info] [#0:script\workspace\loading.lua:100]: Preload file at: file:///c%3A/Users/ldp/Dp1/Mason/packages/lua-language-server/meta/LuaJIT%20en-us%20utf8/string/buffer.lua , size = 18.123 KB
[23:02:01.406][info] [#0:script\workspace\loading.lua:112]: ++++As library of:	file:///c%3A/Users/ldp/Dp1/Mason/packages/lua-language-server/meta/LuaJIT%20en-us%20utf8/string/buffer.lua
[23:02:01.406][info] [#0:script\workspace\loading.lua:100]: Preload file at: file:///c%3A/Users/ldp/Dp1/lazy/nvim1/lua/fts.lua , size = 1.332 KB
[23:02:01.407][info] [#0:script\workspace\loading.lua:112]: ++++As library of:	file:///c%3A/Users/ldp/Dp1/lazy/nvim1/lua
[23:02:01.407][info] [#0:script\workspace\loading.lua:100]: Preload file at: file:///c%3A/Users/ldp/Dp1/lazy/nvim/init.lua , size = 3.057 KB
[23:02:01.408][info] [#0:script\workspace\loading.lua:100]: Preload file at: file:///c%3A/Users/ldp/Dp1/lazy/nvim/init-only-colorscheme.lua , size = 2.037 KB
[23:02:01.518][info] [#0:script\workspace\loading.lua:172]: Loaded files takes [1.468] sec: file:///c%3A/Users/ldp/Dp1/lazy/nvim
[23:02:01.518][info] [#0:script\workspace\loading.lua:181]: Compile files takes [0.001] sec: file:///c%3A/Users/ldp/Dp1/lazy/nvim
[23:02:01.518][info] [#0:script\workspace\loading.lua:182]: Loaded finish:	file:///c%3A/Users/ldp/Dp1/lazy/nvim
[23:02:01.518][info] [#0:script\workspace\workspace.lua:387]: Preload finish at:	file:///c%3A/Users/ldp/Dp1/lazy/nvim
[23:02:01.563][warn] [#0:script\proto\proto.lua:189]: Method [textDocument/didOpen] takes [2.156]sec. {
  jsonrpc = "2.0",
  method = "textDocument/didOpen",
  params = {
    textDocument = {
      languageId = "lua",
      text = '"***"',
      uri = "file:///C:/Users/ldp/Dp1/lazy/nvim/lua/event_inputmethod.lua",
      version = 0
    }
  }
}
[23:02:01.578][info] [#0:script\provider\diagnostic.lua:560]: Diagnostics scope [file:///c%3A/Users/ldp/Dp1/lazy/nvim], files count:[193]
[23:02:01.578][warn] [#0:script\proto\proto.lua:189]: Method [textDocument/documentHighlight] takes [1.529]sec. {
  id = 7,
  jsonrpc = "2.0",
  method = "textDocument/documentHighlight",
  params = {
    position = {
      character = 0,
      line = 0
    },
    textDocument = {
      uri = "file:///C:/Users/ldp/Dp1/lazy/nvim/lua/event_inputmethod.lua"
    }
  }
}
[23:02:01.584][warn] [#0:script\proto\proto.lua:189]: Method [textDocument/semanticTokens/full] takes [1.664]sec. {
  id = 6,
  jsonrpc = "2.0",
  method = "textDocument/semanticTokens/full",
  params = {
    textDocument = {
      uri = "file:///C:/Users/ldp/Dp1/lazy/nvim/lua/event_inputmethod.lua"
    }
  }
}
[23:02:01.676][info] [#0:script\provider\diagnostic.lua:577]: Diagnostics scope [file:///c%3A/Users/ldp/Dp1/lazy/nvim] finished, takes [0.099] sec.
[23:02:38.378][info] [#0:script\workspace\workspace.lua:290]: Scan files at:	file:///c%3A/Users/ldp/Dp1/lazy/nvim/lua/event.lua
[23:02:38.379][info] [#0:script\workspace\loading.lua:160]: Load files from disk:	file:///c%3A/Users/ldp/Dp1/lazy/nvim/lua/event.lua
[23:02:38.379][info] [#0:script\workspace\loading.lua:172]: Loaded files takes [0.000] sec: file:///c%3A/Users/ldp/Dp1/lazy/nvim/lua/event.lua
[23:02:38.379][info] [#0:script\workspace\loading.lua:181]: Compile files takes [0.000] sec: file:///c%3A/Users/ldp/Dp1/lazy/nvim/lua/event.lua
[23:02:38.379][info] [#0:script\workspace\loading.lua:182]: Loaded finish:	file:///c%3A/Users/ldp/Dp1/lazy/nvim/lua/event.lua
[23:02:40.937][info] [#0:script\provider\diagnostic.lua:560]: Diagnostics scope [file:///c%3A/Users/ldp/Dp1/lazy/nvim], files count:[193]
[23:02:40.968][info] [#0:script\provider\diagnostic.lua:577]: Diagnostics scope [file:///c%3A/Users/ldp/Dp1/lazy/nvim] finished, takes [0.032] sec.
[23:02:47.441][info] [#0:script\workspace\workspace.lua:290]: Scan files at:	file:///c%3A/Users/ldp/Dp1/lazy/nvim/lua/event.lua
[23:02:47.441][info] [#0:script\workspace\loading.lua:160]: Load files from disk:	file:///c%3A/Users/ldp/Dp1/lazy/nvim/lua/event.lua
[23:02:47.441][info] [#0:script\workspace\loading.lua:172]: Loaded files takes [0.000] sec: file:///c%3A/Users/ldp/Dp1/lazy/nvim/lua/event.lua
[23:02:47.441][info] [#0:script\workspace\loading.lua:181]: Compile files takes [0.000] sec: file:///c%3A/Users/ldp/Dp1/lazy/nvim/lua/event.lua
[23:02:47.441][info] [#0:script\workspace\loading.lua:182]: Loaded finish:	file:///c%3A/Users/ldp/Dp1/lazy/nvim/lua/event.lua
[23:02:49.760][info] [#0:script\provider\diagnostic.lua:560]: Diagnostics scope [file:///c%3A/Users/ldp/Dp1/lazy/nvim], files count:[193]
[23:02:49.800][info] [#0:script\provider\diagnostic.lua:577]: Diagnostics scope [file:///c%3A/Users/ldp/Dp1/lazy/nvim] finished, takes [0.042] sec.
[23:03:44.457][warn] [#0:script\pub\report.lua:24]: Load proto error:	Disconnected!
